#n = 2^15=32768
----------------------
time to generate graph(ms)= 9427
i = 15 m =  32989
run# 1 origin vertex 30617time(ms)= 0 num_insert 7 num_deletemin 7 num_decreasekey 0 num_nodes_visited 7
 time(ms)= 0
run# 2 origin vertex 1880time(ms)= 0 num_insert 1 num_deletemin 1 num_decreasekey 0 num_nodes_visited 1
 time(ms)= 0
run# 3 origin vertex 9283time(ms)= 0 num_insert 105 num_deletemin 105 num_decreasekey 0 num_nodes_visited 105
 time(ms)= 0
run# 4 origin vertex 10331time(ms)= 0 num_insert 3 num_deletemin 3 num_decreasekey 0 num_nodes_visited 3
 time(ms)= 0
run# 5 origin vertex 24937time(ms)= 0 num_insert 329 num_deletemin 329 num_decreasekey 0 num_nodes_visited 329
 time(ms)= 0
run# 6 origin vertex 3509time(ms)= 0 num_insert 21 num_deletemin 21 num_decreasekey 0 num_nodes_visited 21
 time(ms)= 0
run# 7 origin vertex 5552time(ms)= 0 num_insert 2 num_deletemin 2 num_decreasekey 0 num_nodes_visited 2
 time(ms)= 0
run# 8 origin vertex 27962time(ms)= 0 num_insert 1 num_deletemin 1 num_decreasekey 0 num_nodes_visited 1
 time(ms)= 0
run# 9 origin vertex 22913time(ms)= 0 num_insert 1 num_deletemin 1 num_decreasekey 0 num_nodes_visited 1
 time(ms)= 0
run# 10 origin vertex 3352time(ms)= 0 num_insert 9 num_deletemin 9 num_decreasekey 0 num_nodes_visited 9
 time(ms)= 0
run# 11 origin vertex 20184time(ms)= 0 num_insert 4 num_deletemin 4 num_decreasekey 0 num_nodes_visited 4
 time(ms)= 0
run# 12 origin vertex 12134time(ms)= 0 num_insert 2 num_deletemin 2 num_decreasekey 0 num_nodes_visited 2
 time(ms)= 0
run# 13 origin vertex 25695time(ms)= 0 num_insert 1 num_deletemin 1 num_decreasekey 0 num_nodes_visited 1
 time(ms)= 0
run# 14 origin vertex 23766time(ms)= 0 num_insert 1 num_deletemin 1 num_decreasekey 0 num_nodes_visited 1
 time(ms)= 0
run# 15 origin vertex 10937time(ms)= 0 num_insert 1 num_deletemin 1 num_decreasekey 0 num_nodes_visited 1
 time(ms)= 0
run# 16 origin vertex 3338time(ms)= 0 num_insert 1 num_deletemin 1 num_decreasekey 0 num_nodes_visited 1
 time(ms)= 0
run# 17 origin vertex 1527time(ms)= 0 num_insert 1 num_deletemin 1 num_decreasekey 0 num_nodes_visited 1
 time(ms)= 0
run# 18 origin vertex 32048time(ms)= 0 num_insert 2 num_deletemin 2 num_decreasekey 0 num_nodes_visited 2
 time(ms)= 0
run# 19 origin vertex 11919time(ms)= 0 num_insert 1 num_deletemin 1 num_decreasekey 0 num_nodes_visited 1
 time(ms)= 0
run# 20 origin vertex 24347time(ms)= 0 num_insert 2 num_deletemin 2 num_decreasekey 0 num_nodes_visited 2
 time(ms)= 0
run# 21 origin vertex 26855time(ms)= 0 num_insert 2 num_deletemin 2 num_decreasekey 0 num_nodes_visited 2
 time(ms)= 0
run# 22 origin vertex 13079time(ms)= 0 num_insert 9 num_deletemin 9 num_decreasekey 0 num_nodes_visited 9
 time(ms)= 0
run# 23 origin vertex 8297time(ms)= 0 num_insert 4 num_deletemin 4 num_decreasekey 0 num_nodes_visited 4
 time(ms)= 0
run# 24 origin vertex 3056time(ms)= 0 num_insert 1 num_deletemin 1 num_decreasekey 0 num_nodes_visited 1
 time(ms)= 0
run# 25 origin vertex 6595time(ms)= 0 num_insert 1 num_deletemin 1 num_decreasekey 0 num_nodes_visited 1
 time(ms)= 0
run# 26 origin vertex 25289time(ms)= 0 num_insert 24 num_deletemin 24 num_decreasekey 0 num_nodes_visited 24
 time(ms)= 0
run# 27 origin vertex 585time(ms)= 0 num_insert 1 num_deletemin 1 num_decreasekey 0 num_nodes_visited 1
 time(ms)= 0
run# 28 origin vertex 23189time(ms)= 0 num_insert 1 num_deletemin 1 num_decreasekey 0 num_nodes_visited 1
 time(ms)= 0
run# 29 origin vertex 10932time(ms)= 0 num_insert 3 num_deletemin 3 num_decreasekey 0 num_nodes_visited 3
 time(ms)= 0
run# 30 origin vertex 6062time(ms)= 0 num_insert 14 num_deletemin 14 num_decreasekey 0 num_nodes_visited 14
 time(ms)= 0
----------------------
time to generate graph(ms)= 8959
i = 16 m =  65692
run# 1 origin vertex 7832time(ms)= 30 num_insert 26391 num_deletemin 26391 num_decreasekey 1866 num_nodes_visited 26391
 time(ms)= 30
run# 2 origin vertex 16375time(ms)= 0 num_insert 1 num_deletemin 1 num_decreasekey 0 num_nodes_visited 1
 time(ms)= 0
run# 3 origin vertex 10185time(ms)= 0 num_insert 1 num_deletemin 1 num_decreasekey 0 num_nodes_visited 1
 time(ms)= 0
run# 4 origin vertex 21378time(ms)= 31 num_insert 26391 num_deletemin 26391 num_decreasekey 1761 num_nodes_visited 26391
 time(ms)= 31
run# 5 origin vertex 4962time(ms)= 31 num_insert 26391 num_deletemin 26391 num_decreasekey 1843 num_nodes_visited 26391
 time(ms)= 31
run# 6 origin vertex 25014time(ms)= 31 num_insert 26391 num_deletemin 26391 num_decreasekey 1815 num_nodes_visited 26391
 time(ms)= 31
run# 7 origin vertex 31534time(ms)= 31 num_insert 26391 num_deletemin 26391 num_decreasekey 1876 num_nodes_visited 26391
 time(ms)= 31
run# 8 origin vertex 32345time(ms)= 31 num_insert 26392 num_deletemin 26392 num_decreasekey 1841 num_nodes_visited 26392
 time(ms)= 31
run# 9 origin vertex 6066time(ms)= 31 num_insert 26391 num_deletemin 26391 num_decreasekey 1769 num_nodes_visited 26391
 time(ms)= 31
run# 10 origin vertex 21609time(ms)= 32 num_insert 26391 num_deletemin 26391 num_decreasekey 1773 num_nodes_visited 26391
 time(ms)= 32
run# 11 origin vertex 18873time(ms)= 31 num_insert 26392 num_deletemin 26392 num_decreasekey 1759 num_nodes_visited 26392
 time(ms)= 31
run# 12 origin vertex 12524time(ms)= 31 num_insert 26392 num_deletemin 26392 num_decreasekey 1846 num_nodes_visited 26392
 time(ms)= 31
run# 13 origin vertex 20357time(ms)= 31 num_insert 26391 num_deletemin 26391 num_decreasekey 1824 num_nodes_visited 26391
 time(ms)= 31
run# 14 origin vertex 21937time(ms)= 31 num_insert 26391 num_deletemin 26391 num_decreasekey 1854 num_nodes_visited 26391
 time(ms)= 31
run# 15 origin vertex 9410time(ms)= 31 num_insert 26393 num_deletemin 26393 num_decreasekey 1838 num_nodes_visited 26393
 time(ms)= 31
run# 16 origin vertex 23747time(ms)= 0 num_insert 2 num_deletemin 2 num_decreasekey 0 num_nodes_visited 2
 time(ms)= 0
run# 17 origin vertex 26187time(ms)= 31 num_insert 26391 num_deletemin 26391 num_decreasekey 1721 num_nodes_visited 26391
 time(ms)= 31
run# 18 origin vertex 16932time(ms)= 31 num_insert 26391 num_deletemin 26391 num_decreasekey 1827 num_nodes_visited 26391
 time(ms)= 31
run# 19 origin vertex 12690time(ms)= 31 num_insert 26392 num_deletemin 26392 num_decreasekey 1801 num_nodes_visited 26392
 time(ms)= 31
run# 20 origin vertex 19069time(ms)= 31 num_insert 26393 num_deletemin 26393 num_decreasekey 1773 num_nodes_visited 26393
 time(ms)= 31
run# 21 origin vertex 9344time(ms)= 31 num_insert 26394 num_deletemin 26394 num_decreasekey 1853 num_nodes_visited 26394
 time(ms)= 31
run# 22 origin vertex 20825time(ms)= 31 num_insert 26391 num_deletemin 26391 num_decreasekey 1839 num_nodes_visited 26391
 time(ms)= 31
run# 23 origin vertex 20795time(ms)= 31 num_insert 26391 num_deletemin 26391 num_decreasekey 1827 num_nodes_visited 26391
 time(ms)= 31
run# 24 origin vertex 24427time(ms)= 31 num_insert 26391 num_deletemin 26391 num_decreasekey 1823 num_nodes_visited 26391
 time(ms)= 31
run# 25 origin vertex 8479time(ms)= 31 num_insert 26391 num_deletemin 26391 num_decreasekey 1823 num_nodes_visited 26391
 time(ms)= 31
run# 26 origin vertex 15535time(ms)= 31 num_insert 26391 num_deletemin 26391 num_decreasekey 1814 num_nodes_visited 26391
 time(ms)= 31
run# 27 origin vertex 14174time(ms)= 32 num_insert 26391 num_deletemin 26391 num_decreasekey 1799 num_nodes_visited 26391
 time(ms)= 32
run# 28 origin vertex 4463time(ms)= 31 num_insert 26391 num_deletemin 26391 num_decreasekey 1773 num_nodes_visited 26391
 time(ms)= 31
run# 29 origin vertex 14640time(ms)= 31 num_insert 26391 num_deletemin 26391 num_decreasekey 1795 num_nodes_visited 26391
 time(ms)= 31
run# 30 origin vertex 14377time(ms)= 0 num_insert 1 num_deletemin 1 num_decreasekey 0 num_nodes_visited 1
 time(ms)= 0
----------------------
time to generate graph(ms)= 8994
i = 17 m =  130695
run# 1 origin vertex 27134time(ms)= 47 num_insert 32067 num_deletemin 32067 num_decreasekey 10259 num_nodes_visited 32067
 time(ms)= 47
run# 2 origin vertex 27545time(ms)= 47 num_insert 32067 num_deletemin 32067 num_decreasekey 10364 num_nodes_visited 32067
 time(ms)= 47
run# 3 origin vertex 30477time(ms)= 47 num_insert 32067 num_deletemin 32067 num_decreasekey 10355 num_nodes_visited 32067
 time(ms)= 47
run# 4 origin vertex 26055time(ms)= 47 num_insert 32067 num_deletemin 32067 num_decreasekey 10279 num_nodes_visited 32067
 time(ms)= 47
run# 5 origin vertex 19370time(ms)= 47 num_insert 32067 num_deletemin 32067 num_decreasekey 10408 num_nodes_visited 32067
 time(ms)= 47
run# 6 origin vertex 31715time(ms)= 48 num_insert 32067 num_deletemin 32067 num_decreasekey 10478 num_nodes_visited 32067
 time(ms)= 48
run# 7 origin vertex 17382time(ms)= 47 num_insert 32067 num_deletemin 32067 num_decreasekey 10463 num_nodes_visited 32067
 time(ms)= 48
run# 8 origin vertex 16145time(ms)= 47 num_insert 32067 num_deletemin 32067 num_decreasekey 10427 num_nodes_visited 32067
 time(ms)= 47
run# 9 origin vertex 18823time(ms)= 47 num_insert 32067 num_deletemin 32067 num_decreasekey 10345 num_nodes_visited 32067
 time(ms)= 47
run# 10 origin vertex 9909time(ms)= 47 num_insert 32067 num_deletemin 32067 num_decreasekey 10350 num_nodes_visited 32067
 time(ms)= 47
run# 11 origin vertex 28981time(ms)= 47 num_insert 32067 num_deletemin 32067 num_decreasekey 10439 num_nodes_visited 32067
 time(ms)= 47
run# 12 origin vertex 22048time(ms)= 47 num_insert 32067 num_deletemin 32067 num_decreasekey 10443 num_nodes_visited 32067
 time(ms)= 47
run# 13 origin vertex 24338time(ms)= 47 num_insert 32067 num_deletemin 32067 num_decreasekey 10268 num_nodes_visited 32067
 time(ms)= 47
run# 14 origin vertex 11276time(ms)= 47 num_insert 32067 num_deletemin 32067 num_decreasekey 10355 num_nodes_visited 32067
 time(ms)= 47
run# 15 origin vertex 26481time(ms)= 47 num_insert 32067 num_deletemin 32067 num_decreasekey 10449 num_nodes_visited 32067
 time(ms)= 47
run# 16 origin vertex 28444time(ms)= 47 num_insert 32067 num_deletemin 32067 num_decreasekey 10453 num_nodes_visited 32067
 time(ms)= 47
run# 17 origin vertex 20411time(ms)= 48 num_insert 32067 num_deletemin 32067 num_decreasekey 10414 num_nodes_visited 32067
 time(ms)= 48
run# 18 origin vertex 13226time(ms)= 47 num_insert 32067 num_deletemin 32067 num_decreasekey 10268 num_nodes_visited 32067
 time(ms)= 47
run# 19 origin vertex 7112time(ms)= 0 num_insert 1 num_deletemin 1 num_decreasekey 0 num_nodes_visited 1
 time(ms)= 0
run# 20 origin vertex 6111time(ms)= 47 num_insert 32067 num_deletemin 32067 num_decreasekey 10424 num_nodes_visited 32067
 time(ms)= 47
run# 21 origin vertex 15648time(ms)= 48 num_insert 32067 num_deletemin 32067 num_decreasekey 10468 num_nodes_visited 32067
 time(ms)= 48
run# 22 origin vertex 32384time(ms)= 48 num_insert 32067 num_deletemin 32067 num_decreasekey 10403 num_nodes_visited 32067
 time(ms)= 48
run# 23 origin vertex 3165time(ms)= 48 num_insert 32067 num_deletemin 32067 num_decreasekey 10381 num_nodes_visited 32067
 time(ms)= 48
run# 24 origin vertex 4461time(ms)= 47 num_insert 32067 num_deletemin 32067 num_decreasekey 10336 num_nodes_visited 32067
 time(ms)= 47
run# 25 origin vertex 28102time(ms)= 47 num_insert 32067 num_deletemin 32067 num_decreasekey 10329 num_nodes_visited 32067
 time(ms)= 47
run# 26 origin vertex 28839time(ms)= 47 num_insert 32067 num_deletemin 32067 num_decreasekey 10336 num_nodes_visited 32067
 time(ms)= 47
run# 27 origin vertex 7622time(ms)= 47 num_insert 32067 num_deletemin 32067 num_decreasekey 10316 num_nodes_visited 32067
 time(ms)= 47
run# 28 origin vertex 21851time(ms)= 48 num_insert 32067 num_deletemin 32067 num_decreasekey 10435 num_nodes_visited 32067
 time(ms)= 48
run# 29 origin vertex 30205time(ms)= 47 num_insert 32067 num_deletemin 32067 num_decreasekey 10517 num_nodes_visited 32067
 time(ms)= 47
run# 30 origin vertex 8212time(ms)= 47 num_insert 32067 num_deletemin 32067 num_decreasekey 10393 num_nodes_visited 32067
 time(ms)= 47
----------------------
time to generate graph(ms)= 9017
i = 18 m =  261511
run# 1 origin vertex 18309time(ms)= 60 num_insert 32757 num_deletemin 32757 num_decreasekey 26166 num_nodes_visited 32757
 time(ms)= 60
run# 2 origin vertex 30476time(ms)= 60 num_insert 32757 num_deletemin 32757 num_decreasekey 26194 num_nodes_visited 32757
 time(ms)= 60
run# 3 origin vertex 27292time(ms)= 62 num_insert 32757 num_deletemin 32757 num_decreasekey 26385 num_nodes_visited 32757
 time(ms)= 62
run# 4 origin vertex 9769time(ms)= 61 num_insert 32757 num_deletemin 32757 num_decreasekey 26471 num_nodes_visited 32757
 time(ms)= 61
run# 5 origin vertex 24309time(ms)= 61 num_insert 32757 num_deletemin 32757 num_decreasekey 26324 num_nodes_visited 32757
 time(ms)= 61
run# 6 origin vertex 27966time(ms)= 61 num_insert 32757 num_deletemin 32757 num_decreasekey 26301 num_nodes_visited 32757
 time(ms)= 61
run# 7 origin vertex 6341time(ms)= 61 num_insert 32757 num_deletemin 32757 num_decreasekey 26129 num_nodes_visited 32757
 time(ms)= 61
run# 8 origin vertex 19025time(ms)= 61 num_insert 32757 num_deletemin 32757 num_decreasekey 26417 num_nodes_visited 32757
 time(ms)= 61
run# 9 origin vertex 24542time(ms)= 61 num_insert 32757 num_deletemin 32757 num_decreasekey 26162 num_nodes_visited 32757
 time(ms)= 61
run# 10 origin vertex 2544time(ms)= 61 num_insert 32757 num_deletemin 32757 num_decreasekey 26544 num_nodes_visited 32757
 time(ms)= 61
run# 11 origin vertex 2165time(ms)= 62 num_insert 32757 num_deletemin 32757 num_decreasekey 26314 num_nodes_visited 32757
 time(ms)= 62
run# 12 origin vertex 14428time(ms)= 62 num_insert 32757 num_deletemin 32757 num_decreasekey 26303 num_nodes_visited 32757
 time(ms)= 62
run# 13 origin vertex 23471time(ms)= 61 num_insert 32757 num_deletemin 32757 num_decreasekey 26269 num_nodes_visited 32757
 time(ms)= 61
run# 14 origin vertex 24238time(ms)= 61 num_insert 32757 num_deletemin 32757 num_decreasekey 26137 num_nodes_visited 32757
 time(ms)= 61
run# 15 origin vertex 14868time(ms)= 61 num_insert 32757 num_deletemin 32757 num_decreasekey 26280 num_nodes_visited 32757
 time(ms)= 61
run# 16 origin vertex 2202time(ms)= 61 num_insert 32757 num_deletemin 32757 num_decreasekey 26379 num_nodes_visited 32757
 time(ms)= 61
run# 17 origin vertex 17747time(ms)= 61 num_insert 32757 num_deletemin 32757 num_decreasekey 26147 num_nodes_visited 32757
 time(ms)= 61
run# 18 origin vertex 1676time(ms)= 61 num_insert 32757 num_deletemin 32757 num_decreasekey 26500 num_nodes_visited 32757
 time(ms)= 61
run# 19 origin vertex 4770time(ms)= 62 num_insert 32757 num_deletemin 32757 num_decreasekey 26158 num_nodes_visited 32757
 time(ms)= 62
run# 20 origin vertex 8039time(ms)= 61 num_insert 32757 num_deletemin 32757 num_decreasekey 26414 num_nodes_visited 32757
 time(ms)= 61
run# 21 origin vertex 9398time(ms)= 61 num_insert 32757 num_deletemin 32757 num_decreasekey 26419 num_nodes_visited 32757
 time(ms)= 61
run# 22 origin vertex 6166time(ms)= 61 num_insert 32757 num_deletemin 32757 num_decreasekey 26361 num_nodes_visited 32757
 time(ms)= 61
run# 23 origin vertex 29297time(ms)= 61 num_insert 32757 num_deletemin 32757 num_decreasekey 26350 num_nodes_visited 32757
 time(ms)= 61
run# 24 origin vertex 21828time(ms)= 61 num_insert 32757 num_deletemin 32757 num_decreasekey 26304 num_nodes_visited 32757
 time(ms)= 61
run# 25 origin vertex 4087time(ms)= 61 num_insert 32757 num_deletemin 32757 num_decreasekey 26531 num_nodes_visited 32757
 time(ms)= 61
run# 26 origin vertex 22250time(ms)= 61 num_insert 32757 num_deletemin 32757 num_decreasekey 26315 num_nodes_visited 32757
 time(ms)= 61
run# 27 origin vertex 18646time(ms)= 63 num_insert 32757 num_deletemin 32757 num_decreasekey 26194 num_nodes_visited 32757
 time(ms)= 63
run# 28 origin vertex 8302time(ms)= 61 num_insert 32757 num_deletemin 32757 num_decreasekey 26511 num_nodes_visited 32757
 time(ms)= 61
run# 29 origin vertex 27194time(ms)= 60 num_insert 32757 num_deletemin 32757 num_decreasekey 26359 num_nodes_visited 32757
 time(ms)= 60
run# 30 origin vertex 5113time(ms)= 60 num_insert 32757 num_deletemin 32757 num_decreasekey 26348 num_nodes_visited 32757
 time(ms)= 60
----------------------
time to generate graph(ms)= 9097
i = 19 m =  524854
run# 1 origin vertex 12034time(ms)= 79 num_insert 32768 num_deletemin 32768 num_decreasekey 46317 num_nodes_visited 32768
 time(ms)= 79
run# 2 origin vertex 24945time(ms)= 80 num_insert 32768 num_deletemin 32768 num_decreasekey 46302 num_nodes_visited 32768
 time(ms)= 80
run# 3 origin vertex 30859time(ms)= 82 num_insert 32768 num_deletemin 32768 num_decreasekey 46474 num_nodes_visited 32768
 time(ms)= 82
run# 4 origin vertex 20511time(ms)= 81 num_insert 32768 num_deletemin 32768 num_decreasekey 46396 num_nodes_visited 32768
 time(ms)= 81
run# 5 origin vertex 18911time(ms)= 82 num_insert 32768 num_deletemin 32768 num_decreasekey 46544 num_nodes_visited 32768
 time(ms)= 82
run# 6 origin vertex 21578time(ms)= 82 num_insert 32768 num_deletemin 32768 num_decreasekey 46476 num_nodes_visited 32768
 time(ms)= 82
run# 7 origin vertex 20876time(ms)= 81 num_insert 32768 num_deletemin 32768 num_decreasekey 46529 num_nodes_visited 32768
 time(ms)= 81
run# 8 origin vertex 10529time(ms)= 81 num_insert 32768 num_deletemin 32768 num_decreasekey 46302 num_nodes_visited 32768
 time(ms)= 81
run# 9 origin vertex 26991time(ms)= 82 num_insert 32768 num_deletemin 32768 num_decreasekey 46455 num_nodes_visited 32768
 time(ms)= 82
run# 10 origin vertex 14299time(ms)= 81 num_insert 32768 num_deletemin 32768 num_decreasekey 46307 num_nodes_visited 32768
 time(ms)= 81
run# 11 origin vertex 8331time(ms)= 81 num_insert 32768 num_deletemin 32768 num_decreasekey 46558 num_nodes_visited 32768
 time(ms)= 81
run# 12 origin vertex 32292time(ms)= 81 num_insert 32768 num_deletemin 32768 num_decreasekey 46494 num_nodes_visited 32768
 time(ms)= 81
run# 13 origin vertex 32143time(ms)= 81 num_insert 32768 num_deletemin 32768 num_decreasekey 46531 num_nodes_visited 32768
 time(ms)= 81
run# 14 origin vertex 8683time(ms)= 81 num_insert 32768 num_deletemin 32768 num_decreasekey 46658 num_nodes_visited 32768
 time(ms)= 81
run# 15 origin vertex 12451time(ms)= 82 num_insert 32768 num_deletemin 32768 num_decreasekey 46202 num_nodes_visited 32768
 time(ms)= 82
run# 16 origin vertex 18184time(ms)= 81 num_insert 32768 num_deletemin 32768 num_decreasekey 46256 num_nodes_visited 32768
 time(ms)= 81
run# 17 origin vertex 12263time(ms)= 81 num_insert 32768 num_deletemin 32768 num_decreasekey 46527 num_nodes_visited 32768
 time(ms)= 81
run# 18 origin vertex 10102time(ms)= 81 num_insert 32768 num_deletemin 32768 num_decreasekey 46484 num_nodes_visited 32768
 time(ms)= 81
run# 19 origin vertex 18980time(ms)= 81 num_insert 32768 num_deletemin 32768 num_decreasekey 46059 num_nodes_visited 32768
 time(ms)= 81
run# 20 origin vertex 1377time(ms)= 81 num_insert 32768 num_deletemin 32768 num_decreasekey 46271 num_nodes_visited 32768
 time(ms)= 81
run# 21 origin vertex 10686time(ms)= 82 num_insert 32768 num_deletemin 32768 num_decreasekey 46406 num_nodes_visited 32768
 time(ms)= 82
run# 22 origin vertex 27987time(ms)= 82 num_insert 32768 num_deletemin 32768 num_decreasekey 46102 num_nodes_visited 32768
 time(ms)= 82
run# 23 origin vertex 3835time(ms)= 81 num_insert 32768 num_deletemin 32768 num_decreasekey 46719 num_nodes_visited 32768
 time(ms)= 81
run# 24 origin vertex 13356time(ms)= 82 num_insert 32768 num_deletemin 32768 num_decreasekey 46172 num_nodes_visited 32768
 time(ms)= 82
run# 25 origin vertex 25628time(ms)= 81 num_insert 32768 num_deletemin 32768 num_decreasekey 46619 num_nodes_visited 32768
 time(ms)= 81
run# 26 origin vertex 6149time(ms)= 81 num_insert 32768 num_deletemin 32768 num_decreasekey 46825 num_nodes_visited 32768
 time(ms)= 81
run# 27 origin vertex 3053time(ms)= 81 num_insert 32768 num_deletemin 32768 num_decreasekey 46210 num_nodes_visited 32768
 time(ms)= 81
run# 28 origin vertex 25680time(ms)= 82 num_insert 32768 num_deletemin 32768 num_decreasekey 46182 num_nodes_visited 32768
 time(ms)= 82
run# 29 origin vertex 15929time(ms)= 81 num_insert 32768 num_deletemin 32768 num_decreasekey 46517 num_nodes_visited 32768
 time(ms)= 81
run# 30 origin vertex 8071time(ms)= 81 num_insert 32768 num_deletemin 32768 num_decreasekey 46234 num_nodes_visited 32768
 time(ms)= 81
----------------------
time to generate graph(ms)= 9229
i = 20 m =  1048011
run# 1 origin vertex 22195time(ms)= 111 num_insert 32768 num_deletemin 32768 num_decreasekey 68043 num_nodes_visited 32768
 time(ms)= 111
run# 2 origin vertex 2203time(ms)= 113 num_insert 32768 num_deletemin 32768 num_decreasekey 68020 num_nodes_visited 32768
 time(ms)= 113
run# 3 origin vertex 20048time(ms)= 113 num_insert 32768 num_deletemin 32768 num_decreasekey 68071 num_nodes_visited 32768
 time(ms)= 113
run# 4 origin vertex 7865time(ms)= 114 num_insert 32768 num_deletemin 32768 num_decreasekey 68078 num_nodes_visited 32768
 time(ms)= 114
run# 5 origin vertex 11748time(ms)= 112 num_insert 32768 num_deletemin 32768 num_decreasekey 67544 num_nodes_visited 32768
 time(ms)= 112
run# 6 origin vertex 8249time(ms)= 113 num_insert 32768 num_deletemin 32768 num_decreasekey 67836 num_nodes_visited 32768
 time(ms)= 113
run# 7 origin vertex 23296time(ms)= 112 num_insert 32768 num_deletemin 32768 num_decreasekey 67690 num_nodes_visited 32768
 time(ms)= 112
run# 8 origin vertex 28128time(ms)= 112 num_insert 32768 num_deletemin 32768 num_decreasekey 67886 num_nodes_visited 32768
 time(ms)= 112
run# 9 origin vertex 19794time(ms)= 113 num_insert 32768 num_deletemin 32768 num_decreasekey 67817 num_nodes_visited 32768
 time(ms)= 113
run# 10 origin vertex 7455time(ms)= 112 num_insert 32768 num_deletemin 32768 num_decreasekey 68010 num_nodes_visited 32768
 time(ms)= 112
run# 11 origin vertex 13017time(ms)= 114 num_insert 32768 num_deletemin 32768 num_decreasekey 67964 num_nodes_visited 32768
 time(ms)= 114
run# 12 origin vertex 31636time(ms)= 112 num_insert 32768 num_deletemin 32768 num_decreasekey 67996 num_nodes_visited 32768
 time(ms)= 112
run# 13 origin vertex 22529time(ms)= 113 num_insert 32768 num_deletemin 32768 num_decreasekey 68233 num_nodes_visited 32768
 time(ms)= 114
run# 14 origin vertex 31109time(ms)= 112 num_insert 32768 num_deletemin 32768 num_decreasekey 68107 num_nodes_visited 32768
 time(ms)= 112
run# 15 origin vertex 20175time(ms)= 114 num_insert 32768 num_deletemin 32768 num_decreasekey 68152 num_nodes_visited 32768
 time(ms)= 114
run# 16 origin vertex 16391time(ms)= 112 num_insert 32768 num_deletemin 32768 num_decreasekey 67900 num_nodes_visited 32768
 time(ms)= 112
run# 17 origin vertex 9764time(ms)= 113 num_insert 32768 num_deletemin 32768 num_decreasekey 67978 num_nodes_visited 32768
 time(ms)= 113
run# 18 origin vertex 21521time(ms)= 113 num_insert 32768 num_deletemin 32768 num_decreasekey 68042 num_nodes_visited 32768
 time(ms)= 113
run# 19 origin vertex 19111time(ms)= 113 num_insert 32768 num_deletemin 32768 num_decreasekey 67788 num_nodes_visited 32768
 time(ms)= 113
run# 20 origin vertex 12437time(ms)= 113 num_insert 32768 num_deletemin 32768 num_decreasekey 68366 num_nodes_visited 32768
 time(ms)= 113
run# 21 origin vertex 19141time(ms)= 114 num_insert 32768 num_deletemin 32768 num_decreasekey 68320 num_nodes_visited 32768
 time(ms)= 114
run# 22 origin vertex 32063time(ms)= 113 num_insert 32768 num_deletemin 32768 num_decreasekey 67910 num_nodes_visited 32768
 time(ms)= 113
run# 23 origin vertex 30952time(ms)= 112 num_insert 32768 num_deletemin 32768 num_decreasekey 67851 num_nodes_visited 32768
 time(ms)= 112
run# 24 origin vertex 7952time(ms)= 113 num_insert 32768 num_deletemin 32768 num_decreasekey 67773 num_nodes_visited 32768
 time(ms)= 113
run# 25 origin vertex 5959time(ms)= 112 num_insert 32768 num_deletemin 32768 num_decreasekey 68096 num_nodes_visited 32768
 time(ms)= 112
run# 26 origin vertex 20389time(ms)= 112 num_insert 32768 num_deletemin 32768 num_decreasekey 67633 num_nodes_visited 32768
 time(ms)= 112
run# 27 origin vertex 1050time(ms)= 113 num_insert 32768 num_deletemin 32768 num_decreasekey 68227 num_nodes_visited 32768
 time(ms)= 113
run# 28 origin vertex 23813time(ms)= 113 num_insert 32768 num_deletemin 32768 num_decreasekey 67746 num_nodes_visited 32768
 time(ms)= 113
run# 29 origin vertex 4372time(ms)= 112 num_insert 32768 num_deletemin 32768 num_decreasekey 68022 num_nodes_visited 32768
 time(ms)= 112
run# 30 origin vertex 29409time(ms)= 112 num_insert 32768 num_deletemin 32768 num_decreasekey 67629 num_nodes_visited 32768
 time(ms)= 112
----------------------
time to generate graph(ms)= 9526
i = 21 m =  2097203
run# 1 origin vertex 11752time(ms)= 169 num_insert 32768 num_deletemin 32768 num_decreasekey 90764 num_nodes_visited 32768
 time(ms)= 169
run# 2 origin vertex 1356time(ms)= 168 num_insert 32768 num_deletemin 32768 num_decreasekey 90871 num_nodes_visited 32768
 time(ms)= 168
run# 3 origin vertex 3994time(ms)= 168 num_insert 32768 num_deletemin 32768 num_decreasekey 90573 num_nodes_visited 32768
 time(ms)= 168
run# 4 origin vertex 26958time(ms)= 171 num_insert 32768 num_deletemin 32768 num_decreasekey 90431 num_nodes_visited 32768
 time(ms)= 171
run# 5 origin vertex 1852time(ms)= 170 num_insert 32768 num_deletemin 32768 num_decreasekey 90017 num_nodes_visited 32768
 time(ms)= 171
run# 6 origin vertex 21425time(ms)= 170 num_insert 32768 num_deletemin 32768 num_decreasekey 89996 num_nodes_visited 32768
 time(ms)= 170
run# 7 origin vertex 9015time(ms)= 171 num_insert 32768 num_deletemin 32768 num_decreasekey 89991 num_nodes_visited 32768
 time(ms)= 171
run# 8 origin vertex 19032time(ms)= 171 num_insert 32768 num_deletemin 32768 num_decreasekey 90282 num_nodes_visited 32768
 time(ms)= 171
run# 9 origin vertex 13592time(ms)= 170 num_insert 32768 num_deletemin 32768 num_decreasekey 90073 num_nodes_visited 32768
 time(ms)= 170
run# 10 origin vertex 17588time(ms)= 172 num_insert 32768 num_deletemin 32768 num_decreasekey 90381 num_nodes_visited 32768
 time(ms)= 172
run# 11 origin vertex 23006time(ms)= 170 num_insert 32768 num_deletemin 32768 num_decreasekey 90498 num_nodes_visited 32768
 time(ms)= 170
run# 12 origin vertex 29862time(ms)= 170 num_insert 32768 num_deletemin 32768 num_decreasekey 90372 num_nodes_visited 32768
 time(ms)= 170
run# 13 origin vertex 20360time(ms)= 171 num_insert 32768 num_deletemin 32768 num_decreasekey 89798 num_nodes_visited 32768
 time(ms)= 171
run# 14 origin vertex 29316time(ms)= 170 num_insert 32768 num_deletemin 32768 num_decreasekey 90210 num_nodes_visited 32768
 time(ms)= 170
run# 15 origin vertex 27166time(ms)= 171 num_insert 32768 num_deletemin 32768 num_decreasekey 90311 num_nodes_visited 32768
 time(ms)= 171
run# 16 origin vertex 17309time(ms)= 171 num_insert 32768 num_deletemin 32768 num_decreasekey 90088 num_nodes_visited 32768
 time(ms)= 171
run# 17 origin vertex 1021time(ms)= 172 num_insert 32768 num_deletemin 32768 num_decreasekey 90095 num_nodes_visited 32768
 time(ms)= 172
run# 18 origin vertex 9010time(ms)= 170 num_insert 32768 num_deletemin 32768 num_decreasekey 90344 num_nodes_visited 32768
 time(ms)= 170
run# 19 origin vertex 1689time(ms)= 171 num_insert 32768 num_deletemin 32768 num_decreasekey 90500 num_nodes_visited 32768
 time(ms)= 171
run# 20 origin vertex 13031time(ms)= 171 num_insert 32768 num_deletemin 32768 num_decreasekey 90077 num_nodes_visited 32768
 time(ms)= 171
run# 21 origin vertex 28601time(ms)= 171 num_insert 32768 num_deletemin 32768 num_decreasekey 90382 num_nodes_visited 32768
 time(ms)= 171
run# 22 origin vertex 29593time(ms)= 170 num_insert 32768 num_deletemin 32768 num_decreasekey 90411 num_nodes_visited 32768
 time(ms)= 170
run# 23 origin vertex 19431time(ms)= 170 num_insert 32768 num_deletemin 32768 num_decreasekey 90306 num_nodes_visited 32768
 time(ms)= 170
run# 24 origin vertex 7351time(ms)= 171 num_insert 32768 num_deletemin 32768 num_decreasekey 90102 num_nodes_visited 32768
 time(ms)= 171
run# 25 origin vertex 13848time(ms)= 170 num_insert 32768 num_deletemin 32768 num_decreasekey 89939 num_nodes_visited 32768
 time(ms)= 170
run# 26 origin vertex 9941time(ms)= 170 num_insert 32768 num_deletemin 32768 num_decreasekey 89999 num_nodes_visited 32768
 time(ms)= 170
run# 27 origin vertex 21734time(ms)= 171 num_insert 32768 num_deletemin 32768 num_decreasekey 89834 num_nodes_visited 32768
 time(ms)= 171
run# 28 origin vertex 18477time(ms)= 170 num_insert 32768 num_deletemin 32768 num_decreasekey 90034 num_nodes_visited 32768
 time(ms)= 170
run# 29 origin vertex 30529time(ms)= 169 num_insert 32768 num_deletemin 32768 num_decreasekey 89960 num_nodes_visited 32768
 time(ms)= 169
run# 30 origin vertex 15551time(ms)= 171 num_insert 32768 num_deletemin 32768 num_decreasekey 90130 num_nodes_visited 32768
 time(ms)= 171
----------------------
time to generate graph(ms)= 10230
i = 22 m =  4196001
run# 1 origin vertex 18701time(ms)= 279 num_insert 32768 num_deletemin 32768 num_decreasekey 112976 num_nodes_visited 32768
 time(ms)= 279
run# 2 origin vertex 23639time(ms)= 278 num_insert 32768 num_deletemin 32768 num_decreasekey 112087 num_nodes_visited 32768
 time(ms)= 278
run# 3 origin vertex 26156time(ms)= 277 num_insert 32768 num_deletemin 32768 num_decreasekey 112716 num_nodes_visited 32768
 time(ms)= 277
run# 4 origin vertex 22602time(ms)= 280 num_insert 32768 num_deletemin 32768 num_decreasekey 113087 num_nodes_visited 32768
 time(ms)= 280
run# 5 origin vertex 5389time(ms)= 277 num_insert 32768 num_deletemin 32768 num_decreasekey 112269 num_nodes_visited 32768
 time(ms)= 277
run# 6 origin vertex 5619time(ms)= 277 num_insert 32768 num_deletemin 32768 num_decreasekey 112275 num_nodes_visited 32768
 time(ms)= 277
run# 7 origin vertex 23599time(ms)= 278 num_insert 32768 num_deletemin 32768 num_decreasekey 112241 num_nodes_visited 32768
 time(ms)= 278
run# 8 origin vertex 19892time(ms)= 279 num_insert 32768 num_deletemin 32768 num_decreasekey 112519 num_nodes_visited 32768
 time(ms)= 279
run# 9 origin vertex 5500time(ms)= 278 num_insert 32768 num_deletemin 32768 num_decreasekey 113055 num_nodes_visited 32768
 time(ms)= 278
run# 10 origin vertex 32685time(ms)= 278 num_insert 32768 num_deletemin 32768 num_decreasekey 112411 num_nodes_visited 32768
 time(ms)= 278
run# 11 origin vertex 18950time(ms)= 278 num_insert 32768 num_deletemin 32768 num_decreasekey 112546 num_nodes_visited 32768
 time(ms)= 278
run# 12 origin vertex 8763time(ms)= 278 num_insert 32768 num_deletemin 32768 num_decreasekey 112518 num_nodes_visited 32768
 time(ms)= 278
run# 13 origin vertex 19455time(ms)= 279 num_insert 32768 num_deletemin 32768 num_decreasekey 112822 num_nodes_visited 32768
 time(ms)= 279
run# 14 origin vertex 23342time(ms)= 292 num_insert 32768 num_deletemin 32768 num_decreasekey 112339 num_nodes_visited 32768
 time(ms)= 292
run# 15 origin vertex 23908time(ms)= 278 num_insert 32768 num_deletemin 32768 num_decreasekey 112786 num_nodes_visited 32768
 time(ms)= 278
run# 16 origin vertex 30037time(ms)= 278 num_insert 32768 num_deletemin 32768 num_decreasekey 112148 num_nodes_visited 32768
 time(ms)= 278
run# 17 origin vertex 14268time(ms)= 277 num_insert 32768 num_deletemin 32768 num_decreasekey 112153 num_nodes_visited 32768
 time(ms)= 277
run# 18 origin vertex 10244time(ms)= 278 num_insert 32768 num_deletemin 32768 num_decreasekey 112015 num_nodes_visited 32768
 time(ms)= 278
run# 19 origin vertex 1155time(ms)= 278 num_insert 32768 num_deletemin 32768 num_decreasekey 112377 num_nodes_visited 32768
 time(ms)= 278
run# 20 origin vertex 14833time(ms)= 277 num_insert 32768 num_deletemin 32768 num_decreasekey 112260 num_nodes_visited 32768
 time(ms)= 277
run# 21 origin vertex 6552time(ms)= 277 num_insert 32768 num_deletemin 32768 num_decreasekey 113022 num_nodes_visited 32768
 time(ms)= 277
run# 22 origin vertex 17534time(ms)= 278 num_insert 32768 num_deletemin 32768 num_decreasekey 112859 num_nodes_visited 32768
 time(ms)= 278
run# 23 origin vertex 19949time(ms)= 277 num_insert 32768 num_deletemin 32768 num_decreasekey 112907 num_nodes_visited 32768
 time(ms)= 277
run# 24 origin vertex 28892time(ms)= 278 num_insert 32768 num_deletemin 32768 num_decreasekey 113045 num_nodes_visited 32768
 time(ms)= 278
run# 25 origin vertex 32417time(ms)= 278 num_insert 32768 num_deletemin 32768 num_decreasekey 112450 num_nodes_visited 32768
 time(ms)= 278
run# 26 origin vertex 19564time(ms)= 277 num_insert 32768 num_deletemin 32768 num_decreasekey 112640 num_nodes_visited 32768
 time(ms)= 277
run# 27 origin vertex 6421time(ms)= 278 num_insert 32768 num_deletemin 32768 num_decreasekey 112053 num_nodes_visited 32768
 time(ms)= 278
run# 28 origin vertex 23301time(ms)= 277 num_insert 32768 num_deletemin 32768 num_decreasekey 112757 num_nodes_visited 32768
 time(ms)= 277
run# 29 origin vertex 12224time(ms)= 278 num_insert 32768 num_deletemin 32768 num_decreasekey 112640 num_nodes_visited 32768
 time(ms)= 278
run# 30 origin vertex 2249time(ms)= 277 num_insert 32768 num_deletemin 32768 num_decreasekey 112750 num_nodes_visited 32768
 time(ms)= 277
----------------------
time to generate graph(ms)= 11521
i = 23 m =  8387457
run# 1 origin vertex 6448time(ms)= 482 num_insert 32768 num_deletemin 32768 num_decreasekey 135606 num_nodes_visited 32768
 time(ms)= 482
run# 2 origin vertex 21547time(ms)= 483 num_insert 32768 num_deletemin 32768 num_decreasekey 136095 num_nodes_visited 32768
 time(ms)= 483
run# 3 origin vertex 31317time(ms)= 483 num_insert 32768 num_deletemin 32768 num_decreasekey 135688 num_nodes_visited 32768
 time(ms)= 483
run# 4 origin vertex 31772time(ms)= 485 num_insert 32768 num_deletemin 32768 num_decreasekey 135824 num_nodes_visited 32768
 time(ms)= 485
run# 5 origin vertex 23086time(ms)= 483 num_insert 32768 num_deletemin 32768 num_decreasekey 135039 num_nodes_visited 32768
 time(ms)= 483
run# 6 origin vertex 22687time(ms)= 482 num_insert 32768 num_deletemin 32768 num_decreasekey 135183 num_nodes_visited 32768
 time(ms)= 482
run# 7 origin vertex 27723time(ms)= 483 num_insert 32768 num_deletemin 32768 num_decreasekey 135570 num_nodes_visited 32768
 time(ms)= 483
run# 8 origin vertex 29299time(ms)= 483 num_insert 32768 num_deletemin 32768 num_decreasekey 135547 num_nodes_visited 32768
 time(ms)= 483
run# 9 origin vertex 22566time(ms)= 481 num_insert 32768 num_deletemin 32768 num_decreasekey 135509 num_nodes_visited 32768
 time(ms)= 481
run# 10 origin vertex 959time(ms)= 482 num_insert 32768 num_deletemin 32768 num_decreasekey 134919 num_nodes_visited 32768
 time(ms)= 482
run# 11 origin vertex 6799time(ms)= 481 num_insert 32768 num_deletemin 32768 num_decreasekey 134790 num_nodes_visited 32768
 time(ms)= 481
run# 12 origin vertex 26839time(ms)= 486 num_insert 32768 num_deletemin 32768 num_decreasekey 135455 num_nodes_visited 32768
 time(ms)= 486
run# 13 origin vertex 20241time(ms)= 482 num_insert 32768 num_deletemin 32768 num_decreasekey 135603 num_nodes_visited 32768
 time(ms)= 482
run# 14 origin vertex 6621time(ms)= 483 num_insert 32768 num_deletemin 32768 num_decreasekey 135876 num_nodes_visited 32768
 time(ms)= 483
run# 15 origin vertex 2154time(ms)= 481 num_insert 32768 num_deletemin 32768 num_decreasekey 135446 num_nodes_visited 32768
 time(ms)= 481
run# 16 origin vertex 18980time(ms)= 482 num_insert 32768 num_deletemin 32768 num_decreasekey 135688 num_nodes_visited 32768
 time(ms)= 482
run# 17 origin vertex 5365time(ms)= 483 num_insert 32768 num_deletemin 32768 num_decreasekey 135690 num_nodes_visited 32768
 time(ms)= 483
run# 18 origin vertex 1646time(ms)= 483 num_insert 32768 num_deletemin 32768 num_decreasekey 135724 num_nodes_visited 32768
 time(ms)= 483
run# 19 origin vertex 2052time(ms)= 482 num_insert 32768 num_deletemin 32768 num_decreasekey 135201 num_nodes_visited 32768
 time(ms)= 482
run# 20 origin vertex 8239time(ms)= 482 num_insert 32768 num_deletemin 32768 num_decreasekey 135169 num_nodes_visited 32768
 time(ms)= 482
run# 21 origin vertex 26190time(ms)= 481 num_insert 32768 num_deletemin 32768 num_decreasekey 135125 num_nodes_visited 32768
 time(ms)= 481
run# 22 origin vertex 3823time(ms)= 483 num_insert 32768 num_deletemin 32768 num_decreasekey 135217 num_nodes_visited 32768
 time(ms)= 483
run# 23 origin vertex 8277time(ms)= 482 num_insert 32768 num_deletemin 32768 num_decreasekey 135229 num_nodes_visited 32768
 time(ms)= 482
run# 24 origin vertex 27549time(ms)= 483 num_insert 32768 num_deletemin 32768 num_decreasekey 135772 num_nodes_visited 32768
 time(ms)= 483
run# 25 origin vertex 20579time(ms)= 481 num_insert 32768 num_deletemin 32768 num_decreasekey 135088 num_nodes_visited 32768
 time(ms)= 481
run# 26 origin vertex 21471time(ms)= 481 num_insert 32768 num_deletemin 32768 num_decreasekey 135771 num_nodes_visited 32768
 time(ms)= 481
run# 27 origin vertex 24540time(ms)= 481 num_insert 32768 num_deletemin 32768 num_decreasekey 135339 num_nodes_visited 32768
 time(ms)= 481
run# 28 origin vertex 20242time(ms)= 483 num_insert 32768 num_deletemin 32768 num_decreasekey 135729 num_nodes_visited 32768
 time(ms)= 483
run# 29 origin vertex 23551time(ms)= 483 num_insert 32768 num_deletemin 32768 num_decreasekey 135696 num_nodes_visited 32768
 time(ms)= 483
run# 30 origin vertex 7299time(ms)= 482 num_insert 32768 num_deletemin 32768 num_decreasekey 134630 num_nodes_visited 32768
 time(ms)= 482
----------------------
time to generate graph(ms)= 13949
i = 24 m =  16777297
run# 1 origin vertex 30951time(ms)= 882 num_insert 32768 num_deletemin 32768 num_decreasekey 158011 num_nodes_visited 32768
 time(ms)= 882
run# 2 origin vertex 21528time(ms)= 880 num_insert 32768 num_deletemin 32768 num_decreasekey 158642 num_nodes_visited 32768
 time(ms)= 880
run# 3 origin vertex 10923time(ms)= 882 num_insert 32768 num_deletemin 32768 num_decreasekey 158910 num_nodes_visited 32768
 time(ms)= 882
run# 4 origin vertex 14383time(ms)= 881 num_insert 32768 num_deletemin 32768 num_decreasekey 158066 num_nodes_visited 32768
 time(ms)= 881
run# 5 origin vertex 24753time(ms)= 882 num_insert 32768 num_deletemin 32768 num_decreasekey 158116 num_nodes_visited 32768
 time(ms)= 882
run# 6 origin vertex 10867time(ms)= 880 num_insert 32768 num_deletemin 32768 num_decreasekey 158510 num_nodes_visited 32768
 time(ms)= 880
run# 7 origin vertex 2959time(ms)= 881 num_insert 32768 num_deletemin 32768 num_decreasekey 157999 num_nodes_visited 32768
 time(ms)= 881
run# 8 origin vertex 14374time(ms)= 881 num_insert 32768 num_deletemin 32768 num_decreasekey 158094 num_nodes_visited 32768
 time(ms)= 881
run# 9 origin vertex 15686time(ms)= 881 num_insert 32768 num_deletemin 32768 num_decreasekey 158043 num_nodes_visited 32768
 time(ms)= 881
run# 10 origin vertex 15496time(ms)= 880 num_insert 32768 num_deletemin 32768 num_decreasekey 158159 num_nodes_visited 32768
 time(ms)= 880
run# 11 origin vertex 6956time(ms)= 881 num_insert 32768 num_deletemin 32768 num_decreasekey 158327 num_nodes_visited 32768
 time(ms)= 881
run# 12 origin vertex 29884time(ms)= 880 num_insert 32768 num_deletemin 32768 num_decreasekey 158219 num_nodes_visited 32768
 time(ms)= 880
run# 13 origin vertex 7672time(ms)= 881 num_insert 32768 num_deletemin 32768 num_decreasekey 158175 num_nodes_visited 32768
 time(ms)= 881
run# 14 origin vertex 7008time(ms)= 945 num_insert 32768 num_deletemin 32768 num_decreasekey 157820 num_nodes_visited 32768
 time(ms)= 945
run# 15 origin vertex 25236time(ms)= 1121 num_insert 32768 num_deletemin 32768 num_decreasekey 158381 num_nodes_visited 32768
 time(ms)= 1121
run# 16 origin vertex 15985time(ms)= 1120 num_insert 32768 num_deletemin 32768 num_decreasekey 158247 num_nodes_visited 32768
 time(ms)= 1120
run# 17 origin vertex 26105time(ms)= 1050 num_insert 32768 num_deletemin 32768 num_decreasekey 158359 num_nodes_visited 32768
 time(ms)= 1050
run# 18 origin vertex 17361time(ms)= 880 num_insert 32768 num_deletemin 32768 num_decreasekey 158625 num_nodes_visited 32768
 time(ms)= 880
run# 19 origin vertex 19284time(ms)= 881 num_insert 32768 num_deletemin 32768 num_decreasekey 157969 num_nodes_visited 32768
 time(ms)= 881
run# 20 origin vertex 4590time(ms)= 879 num_insert 32768 num_deletemin 32768 num_decreasekey 158466 num_nodes_visited 32768
 time(ms)= 879
run# 21 origin vertex 10408time(ms)= 881 num_insert 32768 num_deletemin 32768 num_decreasekey 158234 num_nodes_visited 32768
 time(ms)= 881
run# 22 origin vertex 513time(ms)= 882 num_insert 32768 num_deletemin 32768 num_decreasekey 158568 num_nodes_visited 32768
 time(ms)= 882
run# 23 origin vertex 10174time(ms)= 881 num_insert 32768 num_deletemin 32768 num_decreasekey 157970 num_nodes_visited 32768
 time(ms)= 881
run# 24 origin vertex 12449time(ms)= 880 num_insert 32768 num_deletemin 32768 num_decreasekey 157619 num_nodes_visited 32768
 time(ms)= 880
run# 25 origin vertex 28444time(ms)= 881 num_insert 32768 num_deletemin 32768 num_decreasekey 158787 num_nodes_visited 32768
 time(ms)= 881
run# 26 origin vertex 2733time(ms)= 883 num_insert 32768 num_deletemin 32768 num_decreasekey 158669 num_nodes_visited 32768
 time(ms)= 883
run# 27 origin vertex 24172time(ms)= 883 num_insert 32768 num_deletemin 32768 num_decreasekey 158987 num_nodes_visited 32768
 time(ms)= 883
run# 28 origin vertex 3847time(ms)= 881 num_insert 32768 num_deletemin 32768 num_decreasekey 158685 num_nodes_visited 32768
 time(ms)= 881
run# 29 origin vertex 23487time(ms)= 880 num_insert 32768 num_deletemin 32768 num_decreasekey 158167 num_nodes_visited 32768
 time(ms)= 880
run# 30 origin vertex 1718time(ms)= 881 num_insert 32768 num_deletemin 32768 num_decreasekey 158588 num_nodes_visited 32768
 time(ms)= 881
----------------------
time to generate graph(ms)= 19802
i = 25 m =  33556693
run# 1 origin vertex 26456time(ms)= 1666 num_insert 32768 num_deletemin 32768 num_decreasekey 182228 num_nodes_visited 32768
 time(ms)= 1666
run# 2 origin vertex 6862time(ms)= 1665 num_insert 32768 num_deletemin 32768 num_decreasekey 182080 num_nodes_visited 32768
 time(ms)= 1665
run# 3 origin vertex 10916time(ms)= 1673 num_insert 32768 num_deletemin 32768 num_decreasekey 182136 num_nodes_visited 32768
 time(ms)= 1673
run# 4 origin vertex 27368time(ms)= 1667 num_insert 32768 num_deletemin 32768 num_decreasekey 182484 num_nodes_visited 32768
 time(ms)= 1667
run# 5 origin vertex 31775time(ms)= 1667 num_insert 32768 num_deletemin 32768 num_decreasekey 182750 num_nodes_visited 32768
 time(ms)= 1667
run# 6 origin vertex 815time(ms)= 1667 num_insert 32768 num_deletemin 32768 num_decreasekey 182995 num_nodes_visited 32768
 time(ms)= 1667
run# 7 origin vertex 19440time(ms)= 1668 num_insert 32768 num_deletemin 32768 num_decreasekey 182449 num_nodes_visited 32768
 time(ms)= 1668
run# 8 origin vertex 17106time(ms)= 1668 num_insert 32768 num_deletemin 32768 num_decreasekey 182523 num_nodes_visited 32768
 time(ms)= 1668
run# 9 origin vertex 30066time(ms)= 1667 num_insert 32768 num_deletemin 32768 num_decreasekey 182645 num_nodes_visited 32768
 time(ms)= 1668
run# 10 origin vertex 27190time(ms)= 1667 num_insert 32768 num_deletemin 32768 num_decreasekey 182244 num_nodes_visited 32768
 time(ms)= 1667
run# 11 origin vertex 7124time(ms)= 1666 num_insert 32768 num_deletemin 32768 num_decreasekey 182287 num_nodes_visited 32768
 time(ms)= 1666
run# 12 origin vertex 374time(ms)= 1667 num_insert 32768 num_deletemin 32768 num_decreasekey 182712 num_nodes_visited 32768
 time(ms)= 1668
run# 13 origin vertex 12573time(ms)= 1667 num_insert 32768 num_deletemin 32768 num_decreasekey 182089 num_nodes_visited 32768
 time(ms)= 1667
run# 14 origin vertex 14882time(ms)= 1667 num_insert 32768 num_deletemin 32768 num_decreasekey 182976 num_nodes_visited 32768
 time(ms)= 1667
run# 15 origin vertex 28281time(ms)= 1666 num_insert 32768 num_deletemin 32768 num_decreasekey 182090 num_nodes_visited 32768
 time(ms)= 1666
run# 16 origin vertex 30722time(ms)= 1665 num_insert 32768 num_deletemin 32768 num_decreasekey 182454 num_nodes_visited 32768
 time(ms)= 1665
run# 17 origin vertex 25455time(ms)= 1667 num_insert 32768 num_deletemin 32768 num_decreasekey 182042 num_nodes_visited 32768
 time(ms)= 1667
run# 18 origin vertex 31706time(ms)= 1673 num_insert 32768 num_deletemin 32768 num_decreasekey 182457 num_nodes_visited 32768
 time(ms)= 1673
run# 19 origin vertex 1489time(ms)= 1671 num_insert 32768 num_deletemin 32768 num_decreasekey 182990 num_nodes_visited 32768
 time(ms)= 1671
run# 20 origin vertex 5056time(ms)= 1670 num_insert 32768 num_deletemin 32768 num_decreasekey 182942 num_nodes_visited 32768
 time(ms)= 1670
run# 21 origin vertex 17158time(ms)= 1667 num_insert 32768 num_deletemin 32768 num_decreasekey 182414 num_nodes_visited 32768
 time(ms)= 1667
run# 22 origin vertex 6605time(ms)= 1666 num_insert 32768 num_deletemin 32768 num_decreasekey 182941 num_nodes_visited 32768
 time(ms)= 1666
run# 23 origin vertex 20761time(ms)= 1667 num_insert 32768 num_deletemin 32768 num_decreasekey 182006 num_nodes_visited 32768
 time(ms)= 1667
run# 24 origin vertex 22763time(ms)= 1669 num_insert 32768 num_deletemin 32768 num_decreasekey 182693 num_nodes_visited 32768
 time(ms)= 1669
run# 25 origin vertex 23227time(ms)= 1750 num_insert 32768 num_deletemin 32768 num_decreasekey 182893 num_nodes_visited 32768
 time(ms)= 1750
run# 26 origin vertex 20179time(ms)= 1669 num_insert 32768 num_deletemin 32768 num_decreasekey 182755 num_nodes_visited 32768
 time(ms)= 1669
run# 27 origin vertex 16323time(ms)= 1666 num_insert 32768 num_deletemin 32768 num_decreasekey 182554 num_nodes_visited 32768
 time(ms)= 1666
run# 28 origin vertex 13682time(ms)= 1666 num_insert 32768 num_deletemin 32768 num_decreasekey 182631 num_nodes_visited 32768
 time(ms)= 1666
run# 29 origin vertex 15173time(ms)= 1667 num_insert 32768 num_deletemin 32768 num_decreasekey 182037 num_nodes_visited 32768
 time(ms)= 1667
run# 30 origin vertex 26228time(ms)= 1667 num_insert 32768 num_deletemin 32768 num_decreasekey 182018 num_nodes_visited 32768
 time(ms)= 1667
----------------------
time to generate graph(ms)= 28888
i = 26 m =  67094151
run# 1 origin vertex 19302time(ms)= 3227 num_insert 32768 num_deletemin 32768 num_decreasekey 205835 num_nodes_visited 32768
 time(ms)= 3227
run# 2 origin vertex 6776time(ms)= 3222 num_insert 32768 num_deletemin 32768 num_decreasekey 206123 num_nodes_visited 32768
 time(ms)= 3222
run# 3 origin vertex 3894time(ms)= 3328 num_insert 32768 num_deletemin 32768 num_decreasekey 206213 num_nodes_visited 32768
 time(ms)= 3328
run# 4 origin vertex 14563time(ms)= 3227 num_insert 32768 num_deletemin 32768 num_decreasekey 206372 num_nodes_visited 32768
 time(ms)= 3227
run# 5 origin vertex 28018time(ms)= 3222 num_insert 32768 num_deletemin 32768 num_decreasekey 206868 num_nodes_visited 32768
 time(ms)= 3222
run# 6 origin vertex 29786time(ms)= 3223 num_insert 32768 num_deletemin 32768 num_decreasekey 205358 num_nodes_visited 32768
 time(ms)= 3223
run# 7 origin vertex 21427time(ms)= 3224 num_insert 32768 num_deletemin 32768 num_decreasekey 206317 num_nodes_visited 32768
 time(ms)= 3224
run# 8 origin vertex 10070time(ms)= 3228 num_insert 32768 num_deletemin 32768 num_decreasekey 206020 num_nodes_visited 32768
 time(ms)= 3228
run# 9 origin vertex 12280time(ms)= 3358 num_insert 32768 num_deletemin 32768 num_decreasekey 205506 num_nodes_visited 32768
 time(ms)= 3358
run# 10 origin vertex 3700time(ms)= 3224 num_insert 32768 num_deletemin 32768 num_decreasekey 206194 num_nodes_visited 32768
 time(ms)= 3224
run# 11 origin vertex 12342time(ms)= 3232 num_insert 32768 num_deletemin 32768 num_decreasekey 206807 num_nodes_visited 32768
 time(ms)= 3232
run# 12 origin vertex 15137time(ms)= 3237 num_insert 32768 num_deletemin 32768 num_decreasekey 206322 num_nodes_visited 32768
 time(ms)= 3237
run# 13 origin vertex 27857time(ms)= 3225 num_insert 32768 num_deletemin 32768 num_decreasekey 205601 num_nodes_visited 32768
 time(ms)= 3225
run# 14 origin vertex 28713time(ms)= 3222 num_insert 32768 num_deletemin 32768 num_decreasekey 205785 num_nodes_visited 32768
 time(ms)= 3222
run# 15 origin vertex 3553time(ms)= 3230 num_insert 32768 num_deletemin 32768 num_decreasekey 206627 num_nodes_visited 32768
 time(ms)= 3230
run# 16 origin vertex 15951time(ms)= 3224 num_insert 32768 num_deletemin 32768 num_decreasekey 205700 num_nodes_visited 32768
 time(ms)= 3224
run# 17 origin vertex 9877time(ms)= 3224 num_insert 32768 num_deletemin 32768 num_decreasekey 205409 num_nodes_visited 32768
 time(ms)= 3224
run# 18 origin vertex 31300time(ms)= 3224 num_insert 32768 num_deletemin 32768 num_decreasekey 206799 num_nodes_visited 32768
 time(ms)= 3224
run# 19 origin vertex 21159time(ms)= 3223 num_insert 32768 num_deletemin 32768 num_decreasekey 205721 num_nodes_visited 32768
 time(ms)= 3223
run# 20 origin vertex 22166time(ms)= 3232 num_insert 32768 num_deletemin 32768 num_decreasekey 206957 num_nodes_visited 32768
 time(ms)= 3232
run# 21 origin vertex 30465time(ms)= 3224 num_insert 32768 num_deletemin 32768 num_decreasekey 205713 num_nodes_visited 32768
 time(ms)= 3224
run# 22 origin vertex 9183time(ms)= 3223 num_insert 32768 num_deletemin 32768 num_decreasekey 205938 num_nodes_visited 32768
 time(ms)= 3223
run# 23 origin vertex 1247time(ms)= 3229 num_insert 32768 num_deletemin 32768 num_decreasekey 206283 num_nodes_visited 32768
 time(ms)= 3229
run# 24 origin vertex 2133time(ms)= 3228 num_insert 32768 num_deletemin 32768 num_decreasekey 206338 num_nodes_visited 32768
 time(ms)= 3228
run# 25 origin vertex 14519time(ms)= 3229 num_insert 32768 num_deletemin 32768 num_decreasekey 206505 num_nodes_visited 32768
 time(ms)= 3229
run# 26 origin vertex 27287time(ms)= 3222 num_insert 32768 num_deletemin 32768 num_decreasekey 206184 num_nodes_visited 32768
 time(ms)= 3222
run# 27 origin vertex 31887time(ms)= 3226 num_insert 32768 num_deletemin 32768 num_decreasekey 205753 num_nodes_visited 32768
 time(ms)= 3226
run# 28 origin vertex 15562time(ms)= 3227 num_insert 32768 num_deletemin 32768 num_decreasekey 205738 num_nodes_visited 32768
 time(ms)= 3227
run# 29 origin vertex 27736time(ms)= 3326 num_insert 32768 num_deletemin 32768 num_decreasekey 205453 num_nodes_visited 32768
 time(ms)= 3326
run# 30 origin vertex 6804time(ms)= 3305 num_insert 32768 num_deletemin 32768 num_decreasekey 206111 num_nodes_visited 32768
 time(ms)= 3305
----------------------
time to generate graph(ms)= 49526
i = 27 m =  134213599
run# 1 origin vertex 16421time(ms)= 6441 num_insert 32768 num_deletemin 32768 num_decreasekey 211790 num_nodes_visited 32768
 time(ms)= 6441
run# 2 origin vertex 10199time(ms)= 6410 num_insert 32768 num_deletemin 32768 num_decreasekey 211905 num_nodes_visited 32768
 time(ms)= 6410
run# 3 origin vertex 5980time(ms)= 6340 num_insert 32768 num_deletemin 32768 num_decreasekey 211735 num_nodes_visited 32768
 time(ms)= 6340
run# 4 origin vertex 16933time(ms)= 6535 num_insert 32768 num_deletemin 32768 num_decreasekey 212403 num_nodes_visited 32768
 time(ms)= 6535
run# 5 origin vertex 28298time(ms)= 6724 num_insert 32768 num_deletemin 32768 num_decreasekey 211301 num_nodes_visited 32768
 time(ms)= 6724
run# 6 origin vertex 8246time(ms)= 6337 num_insert 32768 num_deletemin 32768 num_decreasekey 212168 num_nodes_visited 32768
 time(ms)= 6337
run# 7 origin vertex 8849time(ms)= 6318 num_insert 32768 num_deletemin 32768 num_decreasekey 211511 num_nodes_visited 32768
 time(ms)= 6318
run# 8 origin vertex 19980time(ms)= 6318 num_insert 32768 num_deletemin 32768 num_decreasekey 211597 num_nodes_visited 32768
 time(ms)= 6318
run# 9 origin vertex 17231time(ms)= 6327 num_insert 32768 num_deletemin 32768 num_decreasekey 211981 num_nodes_visited 32768
 time(ms)= 6327
run# 10 origin vertex 16844time(ms)= 6322 num_insert 32768 num_deletemin 32768 num_decreasekey 211343 num_nodes_visited 32768
 time(ms)= 6322
run# 11 origin vertex 1444time(ms)= 6323 num_insert 32768 num_deletemin 32768 num_decreasekey 212047 num_nodes_visited 32768
 time(ms)= 6323
run# 12 origin vertex 29920time(ms)= 6316 num_insert 32768 num_deletemin 32768 num_decreasekey 212486 num_nodes_visited 32768
 time(ms)= 6316
run# 13 origin vertex 8489time(ms)= 6329 num_insert 32768 num_deletemin 32768 num_decreasekey 211468 num_nodes_visited 32768
 time(ms)= 6329
run# 14 origin vertex 23496time(ms)= 6322 num_insert 32768 num_deletemin 32768 num_decreasekey 212823 num_nodes_visited 32768
 time(ms)= 6322
run# 15 origin vertex 1941time(ms)= 6319 num_insert 32768 num_deletemin 32768 num_decreasekey 212392 num_nodes_visited 32768
 time(ms)= 6319
run# 16 origin vertex 8125time(ms)= 6814 num_insert 32768 num_deletemin 32768 num_decreasekey 211738 num_nodes_visited 32768
 time(ms)= 6814
run# 17 origin vertex 25084time(ms)= 6318 num_insert 32768 num_deletemin 32768 num_decreasekey 212261 num_nodes_visited 32768
 time(ms)= 6318
run# 18 origin vertex 3188time(ms)= 6325 num_insert 32768 num_deletemin 32768 num_decreasekey 212368 num_nodes_visited 32768
 time(ms)= 6325
run# 19 origin vertex 18096time(ms)= 6317 num_insert 32768 num_deletemin 32768 num_decreasekey 211847 num_nodes_visited 32768
 time(ms)= 6317
run# 20 origin vertex 22305time(ms)= 6318 num_insert 32768 num_deletemin 32768 num_decreasekey 212108 num_nodes_visited 32768
 time(ms)= 6318
run# 21 origin vertex 5044time(ms)= 6316 num_insert 32768 num_deletemin 32768 num_decreasekey 212347 num_nodes_visited 32768
 time(ms)= 6316
run# 22 origin vertex 12663time(ms)= 6334 num_insert 32768 num_deletemin 32768 num_decreasekey 211800 num_nodes_visited 32768
 time(ms)= 6334
run# 23 origin vertex 16485time(ms)= 6323 num_insert 32768 num_deletemin 32768 num_decreasekey 212168 num_nodes_visited 32768
 time(ms)= 6323
run# 24 origin vertex 7609time(ms)= 6325 num_insert 32768 num_deletemin 32768 num_decreasekey 211612 num_nodes_visited 32768
 time(ms)= 6325
run# 25 origin vertex 2209time(ms)= 6317 num_insert 32768 num_deletemin 32768 num_decreasekey 211942 num_nodes_visited 32768
 time(ms)= 6317
run# 26 origin vertex 16709time(ms)= 6348 num_insert 32768 num_deletemin 32768 num_decreasekey 212274 num_nodes_visited 32768
 time(ms)= 6348
run# 27 origin vertex 24565time(ms)= 6319 num_insert 32768 num_deletemin 32768 num_decreasekey 212084 num_nodes_visited 32768
 time(ms)= 6319
run# 28 origin vertex 26785time(ms)= 6322 num_insert 32768 num_deletemin 32768 num_decreasekey 211404 num_nodes_visited 32768
 time(ms)= 6322
run# 29 origin vertex 11266time(ms)= 6321 num_insert 32768 num_deletemin 32768 num_decreasekey 212493 num_nodes_visited 32768
 time(ms)= 6321
run# 30 origin vertex 1781time(ms)= 6328 num_insert 32768 num_deletemin 32768 num_decreasekey 212525 num_nodes_visited 32768
 time(ms)= 6328
----------------------
