expected m = 2^20
----------------------
i= 11 n= 2048 m= 1048993
 run# 1 origin vertex 1465time(ms)= 52 num_insert 2048 num_deletemin 2048 num_decreasekey 9995 num_nodes_visited 2048
 time(ms)= 52
 run# 2 origin vertex 571time(ms)= 52 num_insert 2048 num_deletemin 2048 num_decreasekey 9952 num_nodes_visited 2048
 time(ms)= 52
 run# 3 origin vertex 182time(ms)= 52 num_insert 2048 num_deletemin 2048 num_decreasekey 10002 num_nodes_visited 2048
 time(ms)= 52
 run# 4 origin vertex 1297time(ms)= 52 num_insert 2048 num_deletemin 2048 num_decreasekey 9850 num_nodes_visited 2048
 time(ms)= 52
 run# 5 origin vertex 2029time(ms)= 52 num_insert 2048 num_deletemin 2048 num_decreasekey 9936 num_nodes_visited 2048
 time(ms)= 52
 run# 6 origin vertex 579time(ms)= 52 num_insert 2048 num_deletemin 2048 num_decreasekey 9918 num_nodes_visited 2048
 time(ms)= 52
 run# 7 origin vertex 979time(ms)= 53 num_insert 2048 num_deletemin 2048 num_decreasekey 9864 num_nodes_visited 2048
 time(ms)= 53
 run# 8 origin vertex 1366time(ms)= 54 num_insert 2048 num_deletemin 2048 num_decreasekey 9886 num_nodes_visited 2048
 time(ms)= 54
 run# 9 origin vertex 762time(ms)= 53 num_insert 2048 num_deletemin 2048 num_decreasekey 10082 num_nodes_visited 2048
 time(ms)= 53
 run# 10 origin vertex 2005time(ms)= 52 num_insert 2048 num_deletemin 2048 num_decreasekey 9784 num_nodes_visited 2048
 time(ms)= 52
 run# 11 origin vertex 755time(ms)= 52 num_insert 2048 num_deletemin 2048 num_decreasekey 9764 num_nodes_visited 2048
 time(ms)= 52
 run# 12 origin vertex 1847time(ms)= 52 num_insert 2048 num_deletemin 2048 num_decreasekey 9874 num_nodes_visited 2048
 time(ms)= 52
 run# 13 origin vertex 900time(ms)= 52 num_insert 2048 num_deletemin 2048 num_decreasekey 9926 num_nodes_visited 2048
 time(ms)= 52
 run# 14 origin vertex 394time(ms)= 56 num_insert 2048 num_deletemin 2048 num_decreasekey 9905 num_nodes_visited 2048
 time(ms)= 56
 run# 15 origin vertex 776time(ms)= 60 num_insert 2048 num_deletemin 2048 num_decreasekey 9829 num_nodes_visited 2048
 time(ms)= 60
 run# 16 origin vertex 18time(ms)= 52 num_insert 2048 num_deletemin 2048 num_decreasekey 10066 num_nodes_visited 2048
 time(ms)= 52
 run# 17 origin vertex 1365time(ms)= 52 num_insert 2048 num_deletemin 2048 num_decreasekey 9892 num_nodes_visited 2048
 time(ms)= 52
 run# 18 origin vertex 1304time(ms)= 52 num_insert 2048 num_deletemin 2048 num_decreasekey 9680 num_nodes_visited 2048
 time(ms)= 52
 run# 19 origin vertex 2040time(ms)= 53 num_insert 2048 num_deletemin 2048 num_decreasekey 9755 num_nodes_visited 2048
 time(ms)= 53
 run# 20 origin vertex 666time(ms)= 53 num_insert 2048 num_deletemin 2048 num_decreasekey 9967 num_nodes_visited 2048
 time(ms)= 53
 run# 21 origin vertex 324time(ms)= 53 num_insert 2048 num_deletemin 2048 num_decreasekey 9953 num_nodes_visited 2048
 time(ms)= 53
 run# 22 origin vertex 922time(ms)= 53 num_insert 2048 num_deletemin 2048 num_decreasekey 9910 num_nodes_visited 2048
 time(ms)= 53
 run# 23 origin vertex 84time(ms)= 52 num_insert 2048 num_deletemin 2048 num_decreasekey 9900 num_nodes_visited 2048
 time(ms)= 52
 run# 24 origin vertex 286time(ms)= 52 num_insert 2048 num_deletemin 2048 num_decreasekey 9971 num_nodes_visited 2048
 time(ms)= 52
 run# 25 origin vertex 1011time(ms)= 52 num_insert 2048 num_deletemin 2048 num_decreasekey 9903 num_nodes_visited 2048
 time(ms)= 52
 run# 26 origin vertex 1887time(ms)= 54 num_insert 2048 num_deletemin 2048 num_decreasekey 9964 num_nodes_visited 2048
 time(ms)= 54
 run# 27 origin vertex 1657time(ms)= 53 num_insert 2048 num_deletemin 2048 num_decreasekey 9979 num_nodes_visited 2048
 time(ms)= 53
 run# 28 origin vertex 97time(ms)= 53 num_insert 2048 num_deletemin 2048 num_decreasekey 9976 num_nodes_visited 2048
 time(ms)= 53
 run# 29 origin vertex 257time(ms)= 52 num_insert 2048 num_deletemin 2048 num_decreasekey 9889 num_nodes_visited 2048
 time(ms)= 52
 run# 30 origin vertex 9time(ms)= 52 num_insert 2048 num_deletemin 2048 num_decreasekey 10062 num_nodes_visited 2048
 time(ms)= 52
----------------------
i= 12 n= 4096 m= 1047876
 run# 1 origin vertex 1411time(ms)= 57 num_insert 4096 num_deletemin 4096 num_decreasekey 16800 num_nodes_visited 4096
 time(ms)= 57
 run# 2 origin vertex 1897time(ms)= 55 num_insert 4096 num_deletemin 4096 num_decreasekey 16895 num_nodes_visited 4096
 time(ms)= 55
 run# 3 origin vertex 3256time(ms)= 56 num_insert 4096 num_deletemin 4096 num_decreasekey 17002 num_nodes_visited 4096
 time(ms)= 56
 run# 4 origin vertex 229time(ms)= 56 num_insert 4096 num_deletemin 4096 num_decreasekey 16839 num_nodes_visited 4096
 time(ms)= 56
 run# 5 origin vertex 1749time(ms)= 56 num_insert 4096 num_deletemin 4096 num_decreasekey 16949 num_nodes_visited 4096
 time(ms)= 56
 run# 6 origin vertex 3071time(ms)= 56 num_insert 4096 num_deletemin 4096 num_decreasekey 16974 num_nodes_visited 4096
 time(ms)= 56
 run# 7 origin vertex 3224time(ms)= 56 num_insert 4096 num_deletemin 4096 num_decreasekey 16939 num_nodes_visited 4096
 time(ms)= 56
 run# 8 origin vertex 2585time(ms)= 55 num_insert 4096 num_deletemin 4096 num_decreasekey 16935 num_nodes_visited 4096
 time(ms)= 55
 run# 9 origin vertex 1737time(ms)= 56 num_insert 4096 num_deletemin 4096 num_decreasekey 16706 num_nodes_visited 4096
 time(ms)= 56
 run# 10 origin vertex 482time(ms)= 58 num_insert 4096 num_deletemin 4096 num_decreasekey 16871 num_nodes_visited 4096
 time(ms)= 58
 run# 11 origin vertex 512time(ms)= 57 num_insert 4096 num_deletemin 4096 num_decreasekey 16888 num_nodes_visited 4096
 time(ms)= 57
 run# 12 origin vertex 473time(ms)= 57 num_insert 4096 num_deletemin 4096 num_decreasekey 16761 num_nodes_visited 4096
 time(ms)= 57
 run# 13 origin vertex 2030time(ms)= 57 num_insert 4096 num_deletemin 4096 num_decreasekey 16836 num_nodes_visited 4096
 time(ms)= 57
 run# 14 origin vertex 412time(ms)= 57 num_insert 4096 num_deletemin 4096 num_decreasekey 16756 num_nodes_visited 4096
 time(ms)= 57
 run# 15 origin vertex 1894time(ms)= 57 num_insert 4096 num_deletemin 4096 num_decreasekey 16966 num_nodes_visited 4096
 time(ms)= 57
 run# 16 origin vertex 998time(ms)= 58 num_insert 4096 num_deletemin 4096 num_decreasekey 17021 num_nodes_visited 4096
 time(ms)= 58
 run# 17 origin vertex 409time(ms)= 58 num_insert 4096 num_deletemin 4096 num_decreasekey 16818 num_nodes_visited 4096
 time(ms)= 58
 run# 18 origin vertex 121time(ms)= 58 num_insert 4096 num_deletemin 4096 num_decreasekey 16813 num_nodes_visited 4096
 time(ms)= 58
 run# 19 origin vertex 990time(ms)= 58 num_insert 4096 num_deletemin 4096 num_decreasekey 16928 num_nodes_visited 4096
 time(ms)= 58
 run# 20 origin vertex 104time(ms)= 57 num_insert 4096 num_deletemin 4096 num_decreasekey 16784 num_nodes_visited 4096
 time(ms)= 57
 run# 21 origin vertex 3415time(ms)= 56 num_insert 4096 num_deletemin 4096 num_decreasekey 16975 num_nodes_visited 4096
 time(ms)= 56
 run# 22 origin vertex 2419time(ms)= 57 num_insert 4096 num_deletemin 4096 num_decreasekey 16926 num_nodes_visited 4096
 time(ms)= 57
 run# 23 origin vertex 3399time(ms)= 56 num_insert 4096 num_deletemin 4096 num_decreasekey 16982 num_nodes_visited 4096
 time(ms)= 56
 run# 24 origin vertex 2890time(ms)= 56 num_insert 4096 num_deletemin 4096 num_decreasekey 16848 num_nodes_visited 4096
 time(ms)= 56
 run# 25 origin vertex 2519time(ms)= 56 num_insert 4096 num_deletemin 4096 num_decreasekey 17051 num_nodes_visited 4096
 time(ms)= 56
 run# 26 origin vertex 1700time(ms)= 56 num_insert 4096 num_deletemin 4096 num_decreasekey 16839 num_nodes_visited 4096
 time(ms)= 56
 run# 27 origin vertex 1899time(ms)= 57 num_insert 4096 num_deletemin 4096 num_decreasekey 16877 num_nodes_visited 4096
 time(ms)= 57
 run# 28 origin vertex 2883time(ms)= 57 num_insert 4096 num_deletemin 4096 num_decreasekey 17040 num_nodes_visited 4096
 time(ms)= 57
 run# 29 origin vertex 338time(ms)= 57 num_insert 4096 num_deletemin 4096 num_decreasekey 16863 num_nodes_visited 4096
 time(ms)= 57
 run# 30 origin vertex 3071time(ms)= 56 num_insert 4096 num_deletemin 4096 num_decreasekey 16974 num_nodes_visited 4096
 time(ms)= 56
----------------------
i= 13 n= 8192 m= 1048786
 run# 1 origin vertex 3697time(ms)= 64 num_insert 8192 num_deletemin 8192 num_decreasekey 28083 num_nodes_visited 8192
 time(ms)= 64
 run# 2 origin vertex 7281time(ms)= 66 num_insert 8192 num_deletemin 8192 num_decreasekey 28117 num_nodes_visited 8192
 time(ms)= 66
 run# 3 origin vertex 1318time(ms)= 65 num_insert 8192 num_deletemin 8192 num_decreasekey 28325 num_nodes_visited 8192
 time(ms)= 65
 run# 4 origin vertex 5213time(ms)= 65 num_insert 8192 num_deletemin 8192 num_decreasekey 28057 num_nodes_visited 8192
 time(ms)= 65
 run# 5 origin vertex 3746time(ms)= 63 num_insert 8192 num_deletemin 8192 num_decreasekey 28542 num_nodes_visited 8192
 time(ms)= 63
 run# 6 origin vertex 5991time(ms)= 64 num_insert 8192 num_deletemin 8192 num_decreasekey 28175 num_nodes_visited 8192
 time(ms)= 64
 run# 7 origin vertex 745time(ms)= 64 num_insert 8192 num_deletemin 8192 num_decreasekey 28084 num_nodes_visited 8192
 time(ms)= 64
 run# 8 origin vertex 7042time(ms)= 64 num_insert 8192 num_deletemin 8192 num_decreasekey 28321 num_nodes_visited 8192
 time(ms)= 64
 run# 9 origin vertex 6047time(ms)= 66 num_insert 8192 num_deletemin 8192 num_decreasekey 28206 num_nodes_visited 8192
 time(ms)= 66
 run# 10 origin vertex 7598time(ms)= 64 num_insert 8192 num_deletemin 8192 num_decreasekey 27895 num_nodes_visited 8192
 time(ms)= 64
 run# 11 origin vertex 3311time(ms)= 64 num_insert 8192 num_deletemin 8192 num_decreasekey 28378 num_nodes_visited 8192
 time(ms)= 64
 run# 12 origin vertex 42time(ms)= 65 num_insert 8192 num_deletemin 8192 num_decreasekey 28006 num_nodes_visited 8192
 time(ms)= 65
 run# 13 origin vertex 4804time(ms)= 64 num_insert 8192 num_deletemin 8192 num_decreasekey 28097 num_nodes_visited 8192
 time(ms)= 64
 run# 14 origin vertex 2425time(ms)= 65 num_insert 8192 num_deletemin 8192 num_decreasekey 28071 num_nodes_visited 8192
 time(ms)= 65
 run# 15 origin vertex 952time(ms)= 64 num_insert 8192 num_deletemin 8192 num_decreasekey 28214 num_nodes_visited 8192
 time(ms)= 64
 run# 16 origin vertex 4035time(ms)= 64 num_insert 8192 num_deletemin 8192 num_decreasekey 28210 num_nodes_visited 8192
 time(ms)= 64
 run# 17 origin vertex 2037time(ms)= 65 num_insert 8192 num_deletemin 8192 num_decreasekey 28076 num_nodes_visited 8192
 time(ms)= 65
 run# 18 origin vertex 227time(ms)= 66 num_insert 8192 num_deletemin 8192 num_decreasekey 28203 num_nodes_visited 8192
 time(ms)= 66
 run# 19 origin vertex 4597time(ms)= 65 num_insert 8192 num_deletemin 8192 num_decreasekey 28035 num_nodes_visited 8192
 time(ms)= 65
 run# 20 origin vertex 2154time(ms)= 64 num_insert 8192 num_deletemin 8192 num_decreasekey 28363 num_nodes_visited 8192
 time(ms)= 64
 run# 21 origin vertex 4960time(ms)= 65 num_insert 8192 num_deletemin 8192 num_decreasekey 28138 num_nodes_visited 8192
 time(ms)= 65
 run# 22 origin vertex 1160time(ms)= 64 num_insert 8192 num_deletemin 8192 num_decreasekey 28283 num_nodes_visited 8192
 time(ms)= 64
 run# 23 origin vertex 5977time(ms)= 64 num_insert 8192 num_deletemin 8192 num_decreasekey 28366 num_nodes_visited 8192
 time(ms)= 64
 run# 24 origin vertex 4172time(ms)= 66 num_insert 8192 num_deletemin 8192 num_decreasekey 28177 num_nodes_visited 8192
 time(ms)= 66
 run# 25 origin vertex 3682time(ms)= 66 num_insert 8192 num_deletemin 8192 num_decreasekey 28070 num_nodes_visited 8192
 time(ms)= 66
 run# 26 origin vertex 305time(ms)= 64 num_insert 8192 num_deletemin 8192 num_decreasekey 28240 num_nodes_visited 8192
 time(ms)= 64
 run# 27 origin vertex 4381time(ms)= 65 num_insert 8192 num_deletemin 8192 num_decreasekey 28275 num_nodes_visited 8192
 time(ms)= 65
 run# 28 origin vertex 7954time(ms)= 65 num_insert 8192 num_deletemin 8192 num_decreasekey 28325 num_nodes_visited 8192
 time(ms)= 65
 run# 29 origin vertex 1000time(ms)= 65 num_insert 8192 num_deletemin 8192 num_decreasekey 28318 num_nodes_visited 8192
 time(ms)= 65
 run# 30 origin vertex 5734time(ms)= 65 num_insert 8192 num_deletemin 8192 num_decreasekey 28126 num_nodes_visited 8192
 time(ms)= 65
----------------------
i= 14 n= 16384 m= 1048211
 run# 1 origin vertex 14377time(ms)= 79 num_insert 16384 num_deletemin 16384 num_decreasekey 44889 num_nodes_visited 16384
 time(ms)= 79
 run# 2 origin vertex 13014time(ms)= 83 num_insert 16384 num_deletemin 16384 num_decreasekey 45220 num_nodes_visited 16384
 time(ms)= 83
 run# 3 origin vertex 12383time(ms)= 79 num_insert 16384 num_deletemin 16384 num_decreasekey 45124 num_nodes_visited 16384
 time(ms)= 79
 run# 4 origin vertex 5788time(ms)= 80 num_insert 16384 num_deletemin 16384 num_decreasekey 45317 num_nodes_visited 16384
 time(ms)= 80
 run# 5 origin vertex 10411time(ms)= 81 num_insert 16384 num_deletemin 16384 num_decreasekey 45145 num_nodes_visited 16384
 time(ms)= 81
 run# 6 origin vertex 13008time(ms)= 80 num_insert 16384 num_deletemin 16384 num_decreasekey 45331 num_nodes_visited 16384
 time(ms)= 80
 run# 7 origin vertex 8804time(ms)= 81 num_insert 16384 num_deletemin 16384 num_decreasekey 45142 num_nodes_visited 16384
 time(ms)= 81
 run# 8 origin vertex 13645time(ms)= 81 num_insert 16384 num_deletemin 16384 num_decreasekey 44912 num_nodes_visited 16384
 time(ms)= 81
 run# 9 origin vertex 8401time(ms)= 83 num_insert 16384 num_deletemin 16384 num_decreasekey 45340 num_nodes_visited 16384
 time(ms)= 83
 run# 10 origin vertex 4663time(ms)= 82 num_insert 16384 num_deletemin 16384 num_decreasekey 45098 num_nodes_visited 16384
 time(ms)= 82
 run# 11 origin vertex 1653time(ms)= 81 num_insert 16384 num_deletemin 16384 num_decreasekey 45071 num_nodes_visited 16384
 time(ms)= 81
 run# 12 origin vertex 3686time(ms)= 81 num_insert 16384 num_deletemin 16384 num_decreasekey 44950 num_nodes_visited 16384
 time(ms)= 81
 run# 13 origin vertex 13522time(ms)= 81 num_insert 16384 num_deletemin 16384 num_decreasekey 45289 num_nodes_visited 16384
 time(ms)= 81
 run# 14 origin vertex 942time(ms)= 83 num_insert 16384 num_deletemin 16384 num_decreasekey 45177 num_nodes_visited 16384
 time(ms)= 83
 run# 15 origin vertex 1260time(ms)= 80 num_insert 16384 num_deletemin 16384 num_decreasekey 44832 num_nodes_visited 16384
 time(ms)= 80
 run# 16 origin vertex 1432time(ms)= 81 num_insert 16384 num_deletemin 16384 num_decreasekey 45234 num_nodes_visited 16384
 time(ms)= 81
 run# 17 origin vertex 13126time(ms)= 81 num_insert 16384 num_deletemin 16384 num_decreasekey 45343 num_nodes_visited 16384
 time(ms)= 81
 run# 18 origin vertex 7339time(ms)= 80 num_insert 16384 num_deletemin 16384 num_decreasekey 45015 num_nodes_visited 16384
 time(ms)= 80
 run# 19 origin vertex 2361time(ms)= 80 num_insert 16384 num_deletemin 16384 num_decreasekey 45092 num_nodes_visited 16384
 time(ms)= 80
 run# 20 origin vertex 16013time(ms)= 80 num_insert 16384 num_deletemin 16384 num_decreasekey 45080 num_nodes_visited 16384
 time(ms)= 81
 run# 21 origin vertex 6272time(ms)= 82 num_insert 16384 num_deletemin 16384 num_decreasekey 45180 num_nodes_visited 16384
 time(ms)= 82
 run# 22 origin vertex 14217time(ms)= 82 num_insert 16384 num_deletemin 16384 num_decreasekey 45239 num_nodes_visited 16384
 time(ms)= 82
 run# 23 origin vertex 12240time(ms)= 81 num_insert 16384 num_deletemin 16384 num_decreasekey 45442 num_nodes_visited 16384
 time(ms)= 81
 run# 24 origin vertex 8282time(ms)= 81 num_insert 16384 num_deletemin 16384 num_decreasekey 45193 num_nodes_visited 16384
 time(ms)= 81
 run# 25 origin vertex 7093time(ms)= 80 num_insert 16384 num_deletemin 16384 num_decreasekey 45222 num_nodes_visited 16384
 time(ms)= 80
 run# 26 origin vertex 8633time(ms)= 80 num_insert 16384 num_deletemin 16384 num_decreasekey 45307 num_nodes_visited 16384
 time(ms)= 80
 run# 27 origin vertex 11108time(ms)= 82 num_insert 16384 num_deletemin 16384 num_decreasekey 45261 num_nodes_visited 16384
 time(ms)= 82
 run# 28 origin vertex 212time(ms)= 81 num_insert 16384 num_deletemin 16384 num_decreasekey 45472 num_nodes_visited 16384
 time(ms)= 81
 run# 29 origin vertex 11725time(ms)= 80 num_insert 16384 num_deletemin 16384 num_decreasekey 45292 num_nodes_visited 16384
 time(ms)= 80
 run# 30 origin vertex 7735time(ms)= 80 num_insert 16384 num_deletemin 16384 num_decreasekey 45007 num_nodes_visited 16384
 time(ms)= 80
----------------------
i= 15 n= 32768 m= 1047134
 run# 1 origin vertex 29550time(ms)= 111 num_insert 32768 num_deletemin 32768 num_decreasekey 68076 num_nodes_visited 32768
 time(ms)= 111
 run# 2 origin vertex 28822time(ms)= 114 num_insert 32768 num_deletemin 32768 num_decreasekey 68178 num_nodes_visited 32768
 time(ms)= 114
 run# 3 origin vertex 24115time(ms)= 113 num_insert 32768 num_deletemin 32768 num_decreasekey 67882 num_nodes_visited 32768
 time(ms)= 113
 run# 4 origin vertex 9655time(ms)= 115 num_insert 32768 num_deletemin 32768 num_decreasekey 67954 num_nodes_visited 32768
 time(ms)= 115
 run# 5 origin vertex 25056time(ms)= 113 num_insert 32768 num_deletemin 32768 num_decreasekey 68186 num_nodes_visited 32768
 time(ms)= 113
 run# 6 origin vertex 6869time(ms)= 113 num_insert 32768 num_deletemin 32768 num_decreasekey 67965 num_nodes_visited 32768
 time(ms)= 113
 run# 7 origin vertex 31228time(ms)= 113 num_insert 32768 num_deletemin 32768 num_decreasekey 68227 num_nodes_visited 32768
 time(ms)= 113
 run# 8 origin vertex 20981time(ms)= 113 num_insert 32768 num_deletemin 32768 num_decreasekey 67958 num_nodes_visited 32768
 time(ms)= 113
 run# 9 origin vertex 6598time(ms)= 115 num_insert 32768 num_deletemin 32768 num_decreasekey 68103 num_nodes_visited 32768
 time(ms)= 115
 run# 10 origin vertex 3335time(ms)= 115 num_insert 32768 num_deletemin 32768 num_decreasekey 67789 num_nodes_visited 32768
 time(ms)= 115
 run# 11 origin vertex 31812time(ms)= 113 num_insert 32768 num_deletemin 32768 num_decreasekey 68014 num_nodes_visited 32768
 time(ms)= 114
 run# 12 origin vertex 16228time(ms)= 113 num_insert 32768 num_deletemin 32768 num_decreasekey 67978 num_nodes_visited 32768
 time(ms)= 113
 run# 13 origin vertex 27884time(ms)= 115 num_insert 32768 num_deletemin 32768 num_decreasekey 67873 num_nodes_visited 32768
 time(ms)= 115
 run# 14 origin vertex 11513time(ms)= 113 num_insert 32768 num_deletemin 32768 num_decreasekey 68075 num_nodes_visited 32768
 time(ms)= 113
 run# 15 origin vertex 15281time(ms)= 113 num_insert 32768 num_deletemin 32768 num_decreasekey 68014 num_nodes_visited 32768
 time(ms)= 113
 run# 16 origin vertex 580time(ms)= 113 num_insert 32768 num_deletemin 32768 num_decreasekey 68112 num_nodes_visited 32768
 time(ms)= 113
 run# 17 origin vertex 25940time(ms)= 114 num_insert 32768 num_deletemin 32768 num_decreasekey 67998 num_nodes_visited 32768
 time(ms)= 114
 run# 18 origin vertex 14610time(ms)= 118 num_insert 32768 num_deletemin 32768 num_decreasekey 67693 num_nodes_visited 32768
 time(ms)= 118
 run# 19 origin vertex 4667time(ms)= 114 num_insert 32768 num_deletemin 32768 num_decreasekey 68041 num_nodes_visited 32768
 time(ms)= 114
 run# 20 origin vertex 19409time(ms)= 113 num_insert 32768 num_deletemin 32768 num_decreasekey 67986 num_nodes_visited 32768
 time(ms)= 113
 run# 21 origin vertex 13254time(ms)= 115 num_insert 32768 num_deletemin 32768 num_decreasekey 67939 num_nodes_visited 32768
 time(ms)= 115
 run# 22 origin vertex 19832time(ms)= 114 num_insert 32768 num_deletemin 32768 num_decreasekey 67913 num_nodes_visited 32768
 time(ms)= 114
 run# 23 origin vertex 26195time(ms)= 113 num_insert 32768 num_deletemin 32768 num_decreasekey 68273 num_nodes_visited 32768
 time(ms)= 113
 run# 24 origin vertex 25872time(ms)= 113 num_insert 32768 num_deletemin 32768 num_decreasekey 68081 num_nodes_visited 32768
 time(ms)= 113
 run# 25 origin vertex 13701time(ms)= 113 num_insert 32768 num_deletemin 32768 num_decreasekey 68018 num_nodes_visited 32768
 time(ms)= 113
 run# 26 origin vertex 665time(ms)= 114 num_insert 32768 num_deletemin 32768 num_decreasekey 68048 num_nodes_visited 32768
 time(ms)= 114
 run# 27 origin vertex 18630time(ms)= 116 num_insert 32768 num_deletemin 32768 num_decreasekey 68004 num_nodes_visited 32768
 time(ms)= 117
 run# 28 origin vertex 9602time(ms)= 114 num_insert 32768 num_deletemin 32768 num_decreasekey 67974 num_nodes_visited 32768
 time(ms)= 114
 run# 29 origin vertex 11323time(ms)= 113 num_insert 32768 num_deletemin 32768 num_decreasekey 67758 num_nodes_visited 32768
 time(ms)= 113
 run# 30 origin vertex 21698time(ms)= 116 num_insert 32768 num_deletemin 32768 num_decreasekey 68332 num_nodes_visited 32768
 time(ms)= 116
----------------------
i= 16 n= 65536 m= 1048200
 run# 1 origin vertex 21989time(ms)= 174 num_insert 65536 num_deletemin 65536 num_decreasekey 92333 num_nodes_visited 65536
 time(ms)= 174
 run# 2 origin vertex 11108time(ms)= 178 num_insert 65536 num_deletemin 65536 num_decreasekey 93057 num_nodes_visited 65536
 time(ms)= 178
 run# 3 origin vertex 33389time(ms)= 179 num_insert 65536 num_deletemin 65536 num_decreasekey 92844 num_nodes_visited 65536
 time(ms)= 179
 run# 4 origin vertex 64044time(ms)= 183 num_insert 65536 num_deletemin 65536 num_decreasekey 92438 num_nodes_visited 65536
 time(ms)= 183
 run# 5 origin vertex 8835time(ms)= 182 num_insert 65536 num_deletemin 65536 num_decreasekey 92738 num_nodes_visited 65536
 time(ms)= 182
 run# 6 origin vertex 33516time(ms)= 183 num_insert 65536 num_deletemin 65536 num_decreasekey 92621 num_nodes_visited 65536
 time(ms)= 183
 run# 7 origin vertex 44580time(ms)= 183 num_insert 65536 num_deletemin 65536 num_decreasekey 92646 num_nodes_visited 65536
 time(ms)= 183
 run# 8 origin vertex 4833time(ms)= 182 num_insert 65536 num_deletemin 65536 num_decreasekey 93274 num_nodes_visited 65536
 time(ms)= 182
 run# 9 origin vertex 39217time(ms)= 181 num_insert 65536 num_deletemin 65536 num_decreasekey 92747 num_nodes_visited 65536
 time(ms)= 181
 run# 10 origin vertex 989time(ms)= 189 num_insert 65536 num_deletemin 65536 num_decreasekey 92953 num_nodes_visited 65536
 time(ms)= 189
 run# 11 origin vertex 7049time(ms)= 181 num_insert 65536 num_deletemin 65536 num_decreasekey 92818 num_nodes_visited 65536
 time(ms)= 182
 run# 12 origin vertex 1926time(ms)= 185 num_insert 65536 num_deletemin 65536 num_decreasekey 92483 num_nodes_visited 65536
 time(ms)= 185
 run# 13 origin vertex 30904time(ms)= 181 num_insert 65536 num_deletemin 65536 num_decreasekey 93042 num_nodes_visited 65536
 time(ms)= 181
 run# 14 origin vertex 24666time(ms)= 183 num_insert 65536 num_deletemin 65536 num_decreasekey 93026 num_nodes_visited 65536
 time(ms)= 183
 run# 15 origin vertex 27203time(ms)= 186 num_insert 65536 num_deletemin 65536 num_decreasekey 92918 num_nodes_visited 65536
 time(ms)= 187
 run# 16 origin vertex 5101time(ms)= 184 num_insert 65536 num_deletemin 65536 num_decreasekey 92960 num_nodes_visited 65536
 time(ms)= 184
 run# 17 origin vertex 23658time(ms)= 185 num_insert 65536 num_deletemin 65536 num_decreasekey 92751 num_nodes_visited 65536
 time(ms)= 186
 run# 18 origin vertex 21200time(ms)= 185 num_insert 65536 num_deletemin 65536 num_decreasekey 92827 num_nodes_visited 65536
 time(ms)= 185
 run# 19 origin vertex 9369time(ms)= 185 num_insert 65536 num_deletemin 65536 num_decreasekey 93015 num_nodes_visited 65536
 time(ms)= 185
 run# 20 origin vertex 33419time(ms)= 185 num_insert 65536 num_deletemin 65536 num_decreasekey 92571 num_nodes_visited 65536
 time(ms)= 185
 run# 21 origin vertex 59984time(ms)= 190 num_insert 65536 num_deletemin 65536 num_decreasekey 92832 num_nodes_visited 65536
 time(ms)= 190
 run# 22 origin vertex 59381time(ms)= 183 num_insert 65536 num_deletemin 65536 num_decreasekey 92903 num_nodes_visited 65536
 time(ms)= 183
 run# 23 origin vertex 4317time(ms)= 189 num_insert 65536 num_deletemin 65536 num_decreasekey 93039 num_nodes_visited 65536
 time(ms)= 189
 run# 24 origin vertex 37306time(ms)= 186 num_insert 65536 num_deletemin 65536 num_decreasekey 92791 num_nodes_visited 65536
 time(ms)= 186
 run# 25 origin vertex 47570time(ms)= 182 num_insert 65536 num_deletemin 65536 num_decreasekey 92935 num_nodes_visited 65536
 time(ms)= 182
 run# 26 origin vertex 18743time(ms)= 185 num_insert 65536 num_deletemin 65536 num_decreasekey 92524 num_nodes_visited 65536
 time(ms)= 185
 run# 27 origin vertex 31195time(ms)= 183 num_insert 65536 num_deletemin 65536 num_decreasekey 92940 num_nodes_visited 65536
 time(ms)= 183
 run# 28 origin vertex 7621time(ms)= 183 num_insert 65536 num_deletemin 65536 num_decreasekey 92644 num_nodes_visited 65536
 time(ms)= 183
 run# 29 origin vertex 11874time(ms)= 181 num_insert 65536 num_deletemin 65536 num_decreasekey 93137 num_nodes_visited 65536
 time(ms)= 181
 run# 30 origin vertex 17081time(ms)= 185 num_insert 65536 num_deletemin 65536 num_decreasekey 92845 num_nodes_visited 65536
 time(ms)= 185
----------------------
i= 17 n= 131072 m= 1048675
 run# 1 origin vertex 3474time(ms)= 297 num_insert 131022 num_deletemin 131022 num_decreasekey 105143 num_nodes_visited 131022
 time(ms)= 297
 run# 2 origin vertex 11912time(ms)= 299 num_insert 131022 num_deletemin 131022 num_decreasekey 105238 num_nodes_visited 131022
 time(ms)= 299
 run# 3 origin vertex 93364time(ms)= 304 num_insert 131022 num_deletemin 131022 num_decreasekey 105097 num_nodes_visited 131022
 time(ms)= 304
 run# 4 origin vertex 52556time(ms)= 304 num_insert 131022 num_deletemin 131022 num_decreasekey 105114 num_nodes_visited 131022
 time(ms)= 304
 run# 5 origin vertex 122635time(ms)= 306 num_insert 131022 num_deletemin 131022 num_decreasekey 105331 num_nodes_visited 131022
 time(ms)= 307
 run# 6 origin vertex 108881time(ms)= 307 num_insert 131022 num_deletemin 131022 num_decreasekey 105044 num_nodes_visited 131022
 time(ms)= 307
 run# 7 origin vertex 60381time(ms)= 306 num_insert 131022 num_deletemin 131022 num_decreasekey 104814 num_nodes_visited 131022
 time(ms)= 306
 run# 8 origin vertex 39121time(ms)= 306 num_insert 131022 num_deletemin 131022 num_decreasekey 104962 num_nodes_visited 131022
 time(ms)= 306
 run# 9 origin vertex 54208time(ms)= 307 num_insert 131022 num_deletemin 131022 num_decreasekey 105521 num_nodes_visited 131022
 time(ms)= 308
 run# 10 origin vertex 129950time(ms)= 308 num_insert 131022 num_deletemin 131022 num_decreasekey 105071 num_nodes_visited 131022
 time(ms)= 308
 run# 11 origin vertex 62012time(ms)= 305 num_insert 131022 num_deletemin 131022 num_decreasekey 104910 num_nodes_visited 131022
 time(ms)= 305
 run# 12 origin vertex 15384time(ms)= 309 num_insert 131022 num_deletemin 131022 num_decreasekey 104718 num_nodes_visited 131022
 time(ms)= 309
 run# 13 origin vertex 97398time(ms)= 310 num_insert 131022 num_deletemin 131022 num_decreasekey 105391 num_nodes_visited 131022
 time(ms)= 310
 run# 14 origin vertex 77624time(ms)= 315 num_insert 131022 num_deletemin 131022 num_decreasekey 105501 num_nodes_visited 131022
 time(ms)= 315
 run# 15 origin vertex 88358time(ms)= 306 num_insert 131022 num_deletemin 131022 num_decreasekey 105245 num_nodes_visited 131022
 time(ms)= 306
 run# 16 origin vertex 45591time(ms)= 310 num_insert 131022 num_deletemin 131022 num_decreasekey 105011 num_nodes_visited 131022
 time(ms)= 310
 run# 17 origin vertex 121970time(ms)= 309 num_insert 131022 num_deletemin 131022 num_decreasekey 104986 num_nodes_visited 131022
 time(ms)= 309
 run# 18 origin vertex 59698time(ms)= 308 num_insert 131022 num_deletemin 131022 num_decreasekey 105607 num_nodes_visited 131022
 time(ms)= 308
 run# 19 origin vertex 51577time(ms)= 313 num_insert 131022 num_deletemin 131022 num_decreasekey 105085 num_nodes_visited 131022
 time(ms)= 313
 run# 20 origin vertex 55565time(ms)= 306 num_insert 131022 num_deletemin 131022 num_decreasekey 105053 num_nodes_visited 131022
 time(ms)= 306
 run# 21 origin vertex 75158time(ms)= 306 num_insert 131022 num_deletemin 131022 num_decreasekey 105226 num_nodes_visited 131022
 time(ms)= 306
 run# 22 origin vertex 81133time(ms)= 311 num_insert 131022 num_deletemin 131022 num_decreasekey 105285 num_nodes_visited 131022
 time(ms)= 311
 run# 23 origin vertex 27014time(ms)= 312 num_insert 131022 num_deletemin 131022 num_decreasekey 105487 num_nodes_visited 131022
 time(ms)= 312
 run# 24 origin vertex 93339time(ms)= 306 num_insert 131022 num_deletemin 131022 num_decreasekey 104990 num_nodes_visited 131022
 time(ms)= 306
 run# 25 origin vertex 79066time(ms)= 311 num_insert 131022 num_deletemin 131022 num_decreasekey 105596 num_nodes_visited 131022
 time(ms)= 311
 run# 26 origin vertex 37399time(ms)= 310 num_insert 131022 num_deletemin 131022 num_decreasekey 104946 num_nodes_visited 131022
 time(ms)= 310
 run# 27 origin vertex 114695time(ms)= 312 num_insert 131022 num_deletemin 131022 num_decreasekey 105545 num_nodes_visited 131022
 time(ms)= 312
 run# 28 origin vertex 36969time(ms)= 310 num_insert 131022 num_deletemin 131022 num_decreasekey 105744 num_nodes_visited 131022
 time(ms)= 310
 run# 29 origin vertex 102654time(ms)= 312 num_insert 131022 num_deletemin 131022 num_decreasekey 104936 num_nodes_visited 131022
 time(ms)= 312
 run# 30 origin vertex 103658time(ms)= 307 num_insert 131022 num_deletemin 131022 num_decreasekey 105243 num_nodes_visited 131022
 time(ms)= 307
----------------------
i= 18 n= 262144 m= 1049503
 run# 1 origin vertex 126004time(ms)= 518 num_insert 257135 num_deletemin 257135 num_decreasekey 83362 num_nodes_visited 257135
 time(ms)= 518
 run# 2 origin vertex 60859time(ms)= 527 num_insert 257135 num_deletemin 257135 num_decreasekey 83199 num_nodes_visited 257135
 time(ms)= 527
 run# 3 origin vertex 216190time(ms)= 530 num_insert 257135 num_deletemin 257135 num_decreasekey 83382 num_nodes_visited 257135
 time(ms)= 530
 run# 4 origin vertex 96385time(ms)= 534 num_insert 257135 num_deletemin 257135 num_decreasekey 83507 num_nodes_visited 257135
 time(ms)= 534
 run# 5 origin vertex 147862time(ms)= 534 num_insert 257135 num_deletemin 257135 num_decreasekey 83496 num_nodes_visited 257135
 time(ms)= 534
 run# 6 origin vertex 131719time(ms)= 538 num_insert 257135 num_deletemin 257135 num_decreasekey 83365 num_nodes_visited 257135
 time(ms)= 538
 run# 7 origin vertex 49651time(ms)= 540 num_insert 257135 num_deletemin 257135 num_decreasekey 83865 num_nodes_visited 257135
 time(ms)= 540
 run# 8 origin vertex 47546time(ms)= 533 num_insert 257135 num_deletemin 257135 num_decreasekey 83479 num_nodes_visited 257135
 time(ms)= 533
 run# 9 origin vertex 195779time(ms)= 535 num_insert 257135 num_deletemin 257135 num_decreasekey 83374 num_nodes_visited 257135
 time(ms)= 535
 run# 10 origin vertex 110632time(ms)= 532 num_insert 257135 num_deletemin 257135 num_decreasekey 83276 num_nodes_visited 257135
 time(ms)= 532
 run# 11 origin vertex 139517time(ms)= 532 num_insert 257135 num_deletemin 257135 num_decreasekey 82869 num_nodes_visited 257135
 time(ms)= 532
 run# 12 origin vertex 258066time(ms)= 535 num_insert 257135 num_deletemin 257135 num_decreasekey 83735 num_nodes_visited 257135
 time(ms)= 535
 run# 13 origin vertex 72338time(ms)= 535 num_insert 257135 num_deletemin 257135 num_decreasekey 83348 num_nodes_visited 257135
 time(ms)= 535
 run# 14 origin vertex 62657time(ms)= 533 num_insert 257135 num_deletemin 257135 num_decreasekey 83136 num_nodes_visited 257135
 time(ms)= 533
 run# 15 origin vertex 53440time(ms)= 538 num_insert 257135 num_deletemin 257135 num_decreasekey 83026 num_nodes_visited 257135
 time(ms)= 538
 run# 16 origin vertex 255196time(ms)= 547 num_insert 257135 num_deletemin 257135 num_decreasekey 83843 num_nodes_visited 257135
 time(ms)= 547
 run# 17 origin vertex 77473time(ms)= 542 num_insert 257135 num_deletemin 257135 num_decreasekey 82998 num_nodes_visited 257135
 time(ms)= 542
 run# 18 origin vertex 169019time(ms)= 534 num_insert 257135 num_deletemin 257135 num_decreasekey 83504 num_nodes_visited 257135
 time(ms)= 534
 run# 19 origin vertex 148005time(ms)= 536 num_insert 257135 num_deletemin 257135 num_decreasekey 83480 num_nodes_visited 257135
 time(ms)= 536
 run# 20 origin vertex 103021time(ms)= 535 num_insert 257135 num_deletemin 257135 num_decreasekey 82723 num_nodes_visited 257135
 time(ms)= 535
 run# 21 origin vertex 228498time(ms)= 537 num_insert 257135 num_deletemin 257135 num_decreasekey 83638 num_nodes_visited 257135
 time(ms)= 537
 run# 22 origin vertex 124472time(ms)= 535 num_insert 257135 num_deletemin 257135 num_decreasekey 83068 num_nodes_visited 257135
 time(ms)= 535
 run# 23 origin vertex 235516time(ms)= 536 num_insert 257135 num_deletemin 257135 num_decreasekey 82688 num_nodes_visited 257135
 time(ms)= 536
 run# 24 origin vertex 125284time(ms)= 535 num_insert 257135 num_deletemin 257135 num_decreasekey 83113 num_nodes_visited 257135
 time(ms)= 535
 run# 25 origin vertex 157608time(ms)= 540 num_insert 257135 num_deletemin 257135 num_decreasekey 83273 num_nodes_visited 257135
 time(ms)= 540
 run# 26 origin vertex 237921time(ms)= 544 num_insert 257135 num_deletemin 257135 num_decreasekey 82941 num_nodes_visited 257135
 time(ms)= 544
 run# 27 origin vertex 259784time(ms)= 551 num_insert 257135 num_deletemin 257135 num_decreasekey 83190 num_nodes_visited 257135
 time(ms)= 551
 run# 28 origin vertex 160061time(ms)= 546 num_insert 257135 num_deletemin 257135 num_decreasekey 82708 num_nodes_visited 257135
 time(ms)= 546
 run# 29 origin vertex 83152time(ms)= 540 num_insert 257135 num_deletemin 257135 num_decreasekey 83466 num_nodes_visited 257135
 time(ms)= 540
 run# 30 origin vertex 191241time(ms)= 548 num_insert 257135 num_deletemin 257135 num_decreasekey 83017 num_nodes_visited 257135
 time(ms)= 548
----------------------
i= 19 n= 524288 m= 1048745
 run# 1 origin vertex 100057time(ms)= 760 num_insert 417722 num_deletemin 417722 num_decreasekey 27949 num_nodes_visited 417722
 time(ms)= 760
 run# 2 origin vertex 496179time(ms)= 742 num_insert 417721 num_deletemin 417721 num_decreasekey 28131 num_nodes_visited 417721
 time(ms)= 742
 run# 3 origin vertex 450561time(ms)= 759 num_insert 417721 num_deletemin 417721 num_decreasekey 27975 num_nodes_visited 417721
 time(ms)= 759
 run# 4 origin vertex 374552time(ms)= 751 num_insert 417721 num_deletemin 417721 num_decreasekey 28207 num_nodes_visited 417721
 time(ms)= 751
 run# 5 origin vertex 453211time(ms)= 2 num_insert 1 num_deletemin 1 num_decreasekey 0 num_nodes_visited 1
 time(ms)= 2
 run# 6 origin vertex 163120time(ms)= 777 num_insert 417721 num_deletemin 417721 num_decreasekey 28122 num_nodes_visited 417721
 time(ms)= 777
 run# 7 origin vertex 202580time(ms)= 7981 num_insert 417721 num_deletemin 417721 num_decreasekey 28062 num_nodes_visited 417721
 time(ms)= 8042
 run# 8 origin vertex 27338time(ms)= 2076 num_insert 417721 num_deletemin 417721 num_decreasekey 27890 num_nodes_visited 417721
 time(ms)= 2076
 run# 9 origin vertex 333458time(ms)= 3904 num_insert 417722 num_deletemin 417722 num_decreasekey 28003 num_nodes_visited 417722
 time(ms)= 3904
 run# 10 origin vertex 84177time(ms)= 2 num_insert 2 num_deletemin 2 num_decreasekey 0 num_nodes_visited 2
 time(ms)= 2
 run# 11 origin vertex 41317time(ms)= 2 num_insert 3 num_deletemin 3 num_decreasekey 0 num_nodes_visited 3
 time(ms)= 2
 run# 12 origin vertex 489753time(ms)= 1846 num_insert 417721 num_deletemin 417721 num_decreasekey 28249 num_nodes_visited 417721
 time(ms)= 2019
 run# 13 origin vertex 250386time(ms)= 1772 num_insert 417721 num_deletemin 417721 num_decreasekey 28120 num_nodes_visited 417721
 time(ms)= 1773
 run# 14 origin vertex 139099time(ms)= 2786 num_insert 417721 num_deletemin 417721 num_decreasekey 27904 num_nodes_visited 417721
 time(ms)= 2786
 run# 15 origin vertex 135357time(ms)= 2422 num_insert 417722 num_deletemin 417722 num_decreasekey 27807 num_nodes_visited 417722
 time(ms)= 2422
 run# 16 origin vertex 362929time(ms)= 2895 num_insert 417721 num_deletemin 417721 num_decreasekey 27805 num_nodes_visited 417721
 time(ms)= 2895
 run# 17 origin vertex 226028time(ms)= 2 num_insert 1 num_deletemin 1 num_decreasekey 0 num_nodes_visited 1
 time(ms)= 2
 run# 18 origin vertex 506145time(ms)= 1011 num_insert 417721 num_deletemin 417721 num_decreasekey 27874 num_nodes_visited 417721
 time(ms)= 1011
 run# 19 origin vertex 151577time(ms)= 1020 num_insert 417721 num_deletemin 417721 num_decreasekey 27992 num_nodes_visited 417721
 time(ms)= 1020
 run# 20 origin vertex 61437time(ms)= 2 num_insert 1 num_deletemin 1 num_decreasekey 0 num_nodes_visited 1
 time(ms)= 2
 run# 21 origin vertex 143997time(ms)= 1207 num_insert 417721 num_deletemin 417721 num_decreasekey 28005 num_nodes_visited 417721
 time(ms)= 1207
 run# 22 origin vertex 264198time(ms)= 749 num_insert 417721 num_deletemin 417721 num_decreasekey 27804 num_nodes_visited 417721
 time(ms)= 749
 run# 23 origin vertex 23406time(ms)= 752 num_insert 417721 num_deletemin 417721 num_decreasekey 28277 num_nodes_visited 417721
 time(ms)= 752
 run# 24 origin vertex 428458time(ms)= 745 num_insert 417721 num_deletemin 417721 num_decreasekey 27961 num_nodes_visited 417721
 time(ms)= 