expected m = 2^20
----------------------
i= 11 n= 2048 m= 1048443
heap2 run# 1 origin vertex 199#insert 2048 #deletemin 2048 #update 9804 #swap 27819 #nodes_visited2048 time(ms)= 117
heap64 run# 1 origin vertex 199#insert 2048 #deletemin 2048 #update 9879 #swap 3537 #nodes_visited2048 time(ms)= 103
heap2 run# 2 origin vertex 1411#insert 2048 #deletemin 2048 #update 9844 #swap 27625 #nodes_visited2048 time(ms)= 117
heap64 run# 2 origin vertex 1411#insert 2048 #deletemin 2048 #update 9886 #swap 3561 #nodes_visited2048 time(ms)= 103
heap2 run# 3 origin vertex 1062#insert 2048 #deletemin 2048 #update 9900 #swap 27644 #nodes_visited2048 time(ms)= 118
heap64 run# 3 origin vertex 1062#insert 2048 #deletemin 2048 #update 9905 #swap 3509 #nodes_visited2048 time(ms)= 103
heap2 run# 4 origin vertex 1378#insert 2048 #deletemin 2048 #update 9830 #swap 27726 #nodes_visited2048 time(ms)= 117
heap64 run# 4 origin vertex 1378#insert 2048 #deletemin 2048 #update 9871 #swap 3537 #nodes_visited2048 time(ms)= 102
heap2 run# 5 origin vertex 249#insert 2048 #deletemin 2048 #update 10022 #swap 28035 #nodes_visited2048 time(ms)= 119
heap64 run# 5 origin vertex 249#insert 2048 #deletemin 2048 #update 10006 #swap 3572 #nodes_visited2048 time(ms)= 104
heap2 run# 6 origin vertex 2007#insert 2048 #deletemin 2048 #update 9831 #swap 27723 #nodes_visited2048 time(ms)= 117
heap64 run# 6 origin vertex 2007#insert 2048 #deletemin 2048 #update 9875 #swap 3570 #nodes_visited2048 time(ms)= 102
heap2 run# 7 origin vertex 798#insert 2048 #deletemin 2048 #update 9900 #swap 27709 #nodes_visited2048 time(ms)= 118
heap64 run# 7 origin vertex 798#insert 2048 #deletemin 2048 #update 9895 #swap 3548 #nodes_visited2048 time(ms)= 103
heap2 run# 8 origin vertex 1130#insert 2048 #deletemin 2048 #update 9808 #swap 27591 #nodes_visited2048 time(ms)= 117
heap64 run# 8 origin vertex 1130#insert 2048 #deletemin 2048 #update 9732 #swap 3525 #nodes_visited2048 time(ms)= 103
heap2 run# 9 origin vertex 827#insert 2048 #deletemin 2048 #update 9845 #swap 28145 #nodes_visited2048 time(ms)= 118
heap64 run# 9 origin vertex 827#insert 2048 #deletemin 2048 #update 9811 #swap 3540 #nodes_visited2048 time(ms)= 102
heap2 run# 10 origin vertex 63#insert 2048 #deletemin 2048 #update 9939 #swap 28026 #nodes_visited2048 time(ms)= 118
heap64 run# 10 origin vertex 63#insert 2048 #deletemin 2048 #update 9906 #swap 3522 #nodes_visited2048 time(ms)= 103
heap2 run# 11 origin vertex 121#insert 2048 #deletemin 2048 #update 9940 #swap 27830 #nodes_visited2048 time(ms)= 118
heap64 run# 11 origin vertex 121#insert 2048 #deletemin 2048 #update 9967 #swap 3523 #nodes_visited2048 time(ms)= 103
heap2 run# 12 origin vertex 199#insert 2048 #deletemin 2048 #update 9804 #swap 27819 #nodes_visited2048 time(ms)= 117
heap64 run# 12 origin vertex 199#insert 2048 #deletemin 2048 #update 9879 #swap 3537 #nodes_visited2048 time(ms)= 103
heap2 run# 13 origin vertex 279#insert 2048 #deletemin 2048 #update 9729 #swap 27326 #nodes_visited2048 time(ms)= 116
heap64 run# 13 origin vertex 279#insert 2048 #deletemin 2048 #update 9776 #swap 3521 #nodes_visited2048 time(ms)= 102
heap2 run# 14 origin vertex 1477#insert 2048 #deletemin 2048 #update 9856 #swap 27958 #nodes_visited2048 time(ms)= 117
heap64 run# 14 origin vertex 1477#insert 2048 #deletemin 2048 #update 9905 #swap 3589 #nodes_visited2048 time(ms)= 103
heap2 run# 15 origin vertex 1024#insert 2048 #deletemin 2048 #update 9784 #swap 27655 #nodes_visited2048 time(ms)= 118
heap64 run# 15 origin vertex 1024#insert 2048 #deletemin 2048 #update 9801 #swap 3515 #nodes_visited2048 time(ms)= 103
heap2 run# 16 origin vertex 1010#insert 2048 #deletemin 2048 #update 9834 #swap 27806 #nodes_visited2048 time(ms)= 118
heap64 run# 16 origin vertex 1010#insert 2048 #deletemin 2048 #update 9845 #swap 3558 #nodes_visited2048 time(ms)= 103
heap2 run# 17 origin vertex 524#insert 2048 #deletemin 2048 #update 9825 #swap 27507 #nodes_visited2048 time(ms)= 117
heap64 run# 17 origin vertex 524#insert 2048 #deletemin 2048 #update 9807 #swap 3567 #nodes_visited2048 time(ms)= 103
heap2 run# 18 origin vertex 748#insert 2048 #deletemin 2048 #update 9802 #swap 27535 #nodes_visited2048 time(ms)= 141
heap64 run# 18 origin vertex 748#insert 2048 #deletemin 2048 #update 9923 #swap 3556 #nodes_visited2048 time(ms)= 103
heap2 run# 19 origin vertex 975#insert 2048 #deletemin 2048 #update 9940 #swap 27626 #nodes_visited2048 time(ms)= 118
heap64 run# 19 origin vertex 975#insert 2048 #deletemin 2048 #update 9850 #swap 3513 #nodes_visited2048 time(ms)= 103
heap2 run# 20 origin vertex 407#insert 2048 #deletemin 2048 #update 9918 #swap 27522 #nodes_visited2048 time(ms)= 117
heap64 run# 20 origin vertex 407#insert 2048 #deletemin 2048 #update 9949 #swap 3575 #nodes_visited2048 time(ms)= 103
heap2 run# 21 origin vertex 1916#insert 2048 #deletemin 2048 #update 9955 #swap 27813 #nodes_visited2048 time(ms)= 118
heap64 run# 21 origin vertex 1916#insert 2048 #deletemin 2048 #update 9953 #swap 3560 #nodes_visited2048 time(ms)= 103
heap2 run# 22 origin vertex 1164#insert 2048 #deletemin 2048 #update 9942 #swap 27710 #nodes_visited2048 time(ms)= 118
heap64 run# 22 origin vertex 1164#insert 2048 #deletemin 2048 #update 9928 #swap 3474 #nodes_visited2048 time(ms)= 103
heap2 run# 23 origin vertex 903#insert 2048 #deletemin 2048 #update 9981 #swap 27759 #nodes_visited2048 time(ms)= 119
heap64 run# 23 origin vertex 903#insert 2048 #deletemin 2048 #update 9903 #swap 3510 #nodes_visited2048 time(ms)= 103
heap2 run# 24 origin vertex 1964#insert 2048 #deletemin 2048 #update 9674 #swap 27756 #nodes_visited2048 time(ms)= 116
heap64 run# 24 origin vertex 1964#insert 2048 #deletemin 2048 #update 9590 #swap 3564 #nodes_visited2048 time(ms)= 101
heap2 run# 25 origin vertex 1281#insert 2048 #deletemin 2048 #update 9902 #swap 27899 #nodes_visited2048 time(ms)= 118
heap64 run# 25 origin vertex 1281#insert 2048 #deletemin 2048 #update 9847 #swap 3522 #nodes_visited2048 time(ms)= 102
heap2 run# 26 origin vertex 1618#insert 2048 #deletemin 2048 #update 9834 #swap 27649 #nodes_visited2048 time(ms)= 117
heap64 run# 26 origin vertex 1618#insert 2048 #deletemin 2048 #update 9763 #swap 3563 #nodes_visited2048 time(ms)= 102
heap2 run# 27 origin vertex 1858#insert 2048 #deletemin 2048 #update 9716 #swap 27828 #nodes_visited2048 time(ms)= 116
heap64 run# 27 origin vertex 1858#insert 2048 #deletemin 2048 #update 9779 #swap 3559 #nodes_visited2048 time(ms)= 102
heap2 run# 28 origin vertex 846#insert 2048 #deletemin 2048 #update 9832 #swap 27393 #nodes_visited2048 time(ms)= 117
heap64 run# 28 origin vertex 846#insert 2048 #deletemin 2048 #update 9795 #swap 3530 #nodes_visited2048 time(ms)= 102
heap2 run# 29 origin vertex 431#insert 2048 #deletemin 2048 #update 9796 #swap 27960 #nodes_visited2048 time(ms)= 116
heap64 run# 29 origin vertex 431#insert 2048 #deletemin 2048 #update 9799 #swap 3553 #nodes_visited2048 time(ms)= 102
heap2 run# 30 origin vertex 1193#insert 2048 #deletemin 2048 #update 9976 #swap 27814 #nodes_visited2048 time(ms)= 118
heap64 run# 30 origin vertex 1193#insert 2048 #deletemin 2048 #update 9965 #swap 3529 #nodes_visited2048 time(ms)= 103
----------------------
i= 12 n= 4096 m= 1050120
heap2 run# 1 origin vertex 1987#insert 4096 #deletemin 4096 #update 16969 #swap 56983 #nodes_visited4096 time(ms)= 275
heap64 run# 1 origin vertex 1987#insert 4096 #deletemin 4096 #update 16967 #swap 7591 #nodes_visited4096 time(ms)= 225
heap2 run# 2 origin vertex 1557#insert 4096 #deletemin 4096 #update 16897 #swap 57204 #nodes_visited4096 time(ms)= 271
heap64 run# 2 origin vertex 1557#insert 4096 #deletemin 4096 #update 16844 #swap 7714 #nodes_visited4096 time(ms)= 221
heap2 run# 3 origin vertex 1148#insert 4096 #deletemin 4096 #update 16996 #swap 56779 #nodes_visited4096 time(ms)= 273
heap64 run# 3 origin vertex 1148#insert 4096 #deletemin 4096 #update 16967 #swap 7687 #nodes_visited4096 time(ms)= 226
heap2 run# 4 origin vertex 457#insert 4096 #deletemin 4096 #update 16991 #swap 56747 #nodes_visited4096 time(ms)= 277
heap64 run# 4 origin vertex 457#insert 4096 #deletemin 4096 #update 17047 #swap 7712 #nodes_visited4096 time(ms)= 232
heap2 run# 5 origin vertex 3964#insert 4096 #deletemin 4096 #update 16764 #swap 56770 #nodes_visited4096 time(ms)= 277
heap64 run# 5 origin vertex 3964#insert 4096 #deletemin 4096 #update 16788 #swap 7747 #nodes_visited4096 time(ms)= 249
heap2 run# 6 origin vertex 3380#insert 4096 #deletemin 4096 #update 16961 #swap 56698 #nodes_visited4096 time(ms)= 279
heap64 run# 6 origin vertex 3380#insert 4096 #deletemin 4096 #update 16918 #swap 7695 #nodes_visited4096 time(ms)= 231
heap2 run# 7 origin vertex 485#insert 4096 #deletemin 4096 #update 16854 #swap 56755 #nodes_visited4096 time(ms)= 279
heap64 run# 7 origin vertex 485#insert 4096 #deletemin 4096 #update 16817 #swap 7741 #nodes_visited4096 time(ms)= 226
heap2 run# 8 origin vertex 2898#insert 4096 #deletemin 4096 #update 17049 #swap 57390 #nodes_visited4096 time(ms)= 277
heap64 run# 8 origin vertex 2898#insert 4096 #deletemin 4096 #update 17029 #swap 7661 #nodes_visited4096 time(ms)= 231
heap2 run# 9 origin vertex 787#insert 4096 #deletemin 4096 #update 16724 #swap 56572 #nodes_visited4096 time(ms)= 272
heap64 run# 9 origin vertex 787#insert 4096 #deletemin 4096 #update 16773 #swap 7701 #nodes_visited4096 time(ms)= 221
heap2 run# 10 origin vertex 1840#insert 4096 #deletemin 4096 #update 16832 #swap 56596 #nodes_visited4096 time(ms)= 270
heap64 run# 10 origin vertex 1840#insert 4096 #deletemin 4096 #update 16822 #swap 7702 #nodes_visited4096 time(ms)= 223
heap2 run# 11 origin vertex 1579#insert 4096 #deletemin 4096 #update 16886 #swap 56916 #nodes_visited4096 time(ms)= 271
heap64 run# 11 origin vertex 1579#insert 4096 #deletemin 4096 #update 16846 #swap 7658 #nodes_visited4096 time(ms)= 224
heap2 run# 12 origin vertex 2498#insert 4096 #deletemin 4096 #update 16929 #swap 56716 #nodes_visited4096 time(ms)= 277
heap64 run# 12 origin vertex 2498#insert 4096 #deletemin 4096 #update 16943 #swap 7668 #nodes_visited4096 time(ms)= 231
heap2 run# 13 origin vertex 2977#insert 4096 #deletemin 4096 #update 17171 #swap 57118 #nodes_visited4096 time(ms)= 282
heap64 run# 13 origin vertex 2977#insert 4096 #deletemin 4096 #update 17170 #swap 7726 #nodes_visited4096 time(ms)= 233
heap2 run# 14 origin vertex 763#insert 4096 #deletemin 4096 #update 16846 #swap 56783 #nodes_visited4096 time(ms)= 278
heap64 run# 14 origin vertex 763#insert 4096 #deletemin 4096 #update 16847 #swap 7669 #nodes_visited4096 time(ms)= 230
heap2 run# 15 origin vertex 3505#insert 4096 #deletemin 4096 #update 17050 #swap 56749 #nodes_visited4096 time(ms)= 286
heap64 run# 15 origin vertex 3505#insert 4096 #deletemin 4096 #update 17048 #swap 7707 #nodes_visited4096 time(ms)= 232
heap2 run# 16 origin vertex 1122#insert 4096 #deletemin 4096 #update 17070 #swap 56953 #nodes_visited4096 time(ms)= 273
heap64 run# 16 origin vertex 1122#insert 4096 #deletemin 4096 #update 17130 #swap 7704 #nodes_visited4096 time(ms)= 227
heap2 run# 17 origin vertex 1197#insert 4096 #deletemin 4096 #update 17104 #swap 57011 #nodes_visited4096 time(ms)= 274
heap64 run# 17 origin vertex 1197#insert 4096 #deletemin 4096 #update 17087 #swap 7638 #nodes_visited4096 time(ms)= 225
heap2 run# 18 origin vertex 1670#insert 4096 #deletemin 4096 #update 16879 #swap 56824 #nodes_visited4096 time(ms)= 270
heap64 run# 18 origin vertex 1670#insert 4096 #deletemin 4096 #update 16881 #swap 7687 #nodes_visited4096 time(ms)= 223
heap2 run# 19 origin vertex 1141#insert 4096 #deletemin 4096 #update 17193 #swap 57004 #nodes_visited4096 time(ms)= 274
heap64 run# 19 origin vertex 1141#insert 4096 #deletemin 4096 #update 17146 #swap 7720 #nodes_visited4096 time(ms)= 225
heap2 run# 20 origin vertex 3531#insert 4096 #deletemin 4096 #update 16845 #swap 56538 #nodes_visited4096 time(ms)= 271
heap64 run# 20 origin vertex 3531#insert 4096 #deletemin 4096 #update 16838 #swap 7660 #nodes_visited4096 time(ms)= 223
heap2 run# 21 origin vertex 77#insert 4096 #deletemin 4096 #update 17002 #swap 56724 #nodes_visited4096 time(ms)= 274
heap64 run# 21 origin vertex 77#insert 4096 #deletemin 4096 #update 17059 #swap 7636 #nodes_visited4096 time(ms)= 226
heap2 run# 22 origin vertex 182#insert 4096 #deletemin 4096 #update 17063 #swap 56992 #nodes_visited4096 time(ms)= 273
heap64 run# 22 origin vertex 182#insert 4096 #deletemin 4096 #update 17006 #swap 7667 #nodes_visited4096 time(ms)= 227
heap2 run# 23 origin vertex 777#insert 4096 #deletemin 4096 #update 16760 #swap 56811 #nodes_visited4096 time(ms)= 269
heap64 run# 23 origin vertex 777#insert 4096 #deletemin 4096 #update 16779 #swap 7790 #nodes_visited4096 time(ms)= 222
heap2 run# 24 origin vertex 135#insert 4096 #deletemin 4096 #update 16977 #swap 56964 #nodes_visited4096 time(ms)= 273
heap64 run# 24 origin vertex 135#insert 4096 #deletemin 4096 #update 16924 #swap 7697 #nodes_visited4096 time(ms)= 224
heap2 run# 25 origin vertex 2580#insert 4096 #deletemin 4096 #update 16932 #swap 56828 #nodes_visited4096 time(ms)= 272
heap64 run# 25 origin vertex 2580#insert 4096 #deletemin 4096 #update 16920 #swap 7610 #nodes_visited4096 time(ms)= 225
heap2 run# 26 origin vertex 287#insert 4096 #deletemin 4096 #update 16935 #swap 57048 #nodes_visited4096 time(ms)= 271
heap64 run# 26 origin vertex 287#insert 4096 #deletemin 4096 #update 16898 #swap 7686 #nodes_visited4096 time(ms)= 223
heap2 run# 27 origin vertex 2545#insert 4096 #deletemin 4096 #update 16887 #swap 57088 #nodes_visited4096 time(ms)= 271
heap64 run# 27 origin vertex 2545#insert 4096 #deletemin 4096 #update 16922 #swap 7638 #nodes_visited4096 time(ms)= 224
heap2 run# 28 origin vertex 2578#insert 4096 #deletemin 4096 #update 16829 #swap 57027 #nodes_visited4096 time(ms)= 271
heap64 run# 28 origin vertex 2578#insert 4096 #deletemin 4096 #update 16750 #swap 7744 #nodes_visited4096 time(ms)= 222
heap2 run# 29 origin vertex 1204#insert 4096 #deletemin 4096 #update 16854 #swap 56702 #nodes_visited4096 time(ms)= 271
heap64 run# 29 origin vertex 1204#insert 4096 #deletemin 4096 #update 16923 #swap 7686 #nodes_visited4096 time(ms)= 224
heap2 run# 30 origin vertex 2040#insert 4096 #deletemin 4096 #update 16920 #swap 56685 #nodes_visited4096 time(ms)= 271
heap64 run# 30 origin vertex 2040#insert 4096 #deletemin 4096 #update 16926 #swap 7673 #nodes_visited4096 time(ms)= 223
----------------------
i= 13 n= 8192 m= 1046001
heap2 run# 1 origin vertex 5772#insert 8192 #deletemin 8192 #update 28352 #swap 116867 #nodes_visited8192 time(ms)= 762
heap64 run# 1 origin vertex 5772#insert 8192 #deletemin 8192 #update 28361 #swap 17545 #nodes_visited8192 time(ms)= 616
heap2 run# 2 origin vertex 1619#insert 8192 #deletemin 8192 #update 27991 #swap 116981 #nodes_visited8192 time(ms)= 753
heap64 run# 2 origin vertex 1619#insert 8192 #deletemin 8192 #update 27983 #swap 17673 #nodes_visited8192 time(ms)= 609
heap2 run# 3 origin vertex 271#insert 8192 #deletemin 8192 #update 28379 #swap 116932 #nodes_visited8192 time(ms)= 767
heap64 run# 3 origin vertex 271#insert 8192 #deletemin 8192 #update 28411 #swap 17642 #nodes_visited8192 time(ms)= 612
heap2 run# 4 origin vertex 4643#insert 8192 #deletemin 8192 #update 28258 #swap 116512 #nodes_visited8192 time(ms)= 759
heap64 run# 4 origin vertex 4643#insert 8192 #deletemin 8192 #update 28253 #swap 17544 #nodes_visited8192 time(ms)= 618
heap2 run# 5 origin vertex 1323#insert 8192 #deletemin 8192 #update 28098 #swap 116572 #nodes_visited8192 time(ms)= 755
heap64 run# 5 origin vertex 1323#insert 8192 #deletemin 8192 #update 28091 #swap 17583 #nodes_visited8192 time(ms)= 609
heap2 run# 6 origin vertex 4392#insert 8192 #deletemin 8192 #update 28169 #swap 116502 #nodes_visited8192 time(ms)= 762
heap64 run# 6 origin vertex 4392#insert 8192 #deletemin 8192 #update 28178 #swap 17596 #nodes_visited8192 time(ms)= 610
heap2 run# 7 origin vertex 4417#insert 8192 #deletemin 8192 #update 28190 #swap 116279 #nodes_visited8192 time(ms)= 756
heap64 run# 7 origin vertex 4417#insert 8192 #deletemin 8192 #update 28264 #swap 17565 #nodes_visited8192 time(ms)= 623
heap2 run# 8 origin vertex 2439#insert 8192 #deletemin 8192 #update 27838 #swap 116157 #nodes_visited8192 time(ms)= 756
heap64 run# 8 origin vertex 2439#insert 8192 #deletemin 8192 #update 27782 #swap 17589 #nodes_visited8192 time(ms)= 600
heap2 run# 9 origin vertex 2962#insert 8192 #deletemin 8192 #update 28030 #swap 116431 #nodes_visited8192 time(ms)= 763
heap64 run# 9 origin vertex 2962#insert 8192 #deletemin 8192 #update 28027 #swap 17528 #nodes_visited8192 time(ms)= 609
heap2 run# 10 origin vertex 5982#insert 8192 #deletemin 8192 #update 28167 #swap 116358 #nodes_visited8192 time(ms)= 758
heap64 run# 10 origin vertex 5982#insert 8192 #deletemin 8192 #update 28141 #swap 17685 #nodes_visited8192 time(ms)= 616
heap2 run# 11 origin vertex 4489#insert 8192 #deletemin 8192 #update 28242 #swap 116819 #nodes_visited8192 time(ms)= 758
heap64 run# 11 origin vertex 4489#insert 8192 #deletemin 8192 #update 28259 #swap 17619 #nodes_visited8192 time(ms)= 613
heap2 run# 12 origin vertex 35#insert 8192 #deletemin 8192 #update 28147 #swap 116756 #nodes_visited8192 time(ms)= 766
heap64 run# 12 origin vertex 35#insert 8192 #deletemin 8192 #update 28133 #swap 17620 #nodes_visited8192 time(ms)= 610
heap2 run# 13 origin vertex 1849#insert 8192 #deletemin 8192 #update 28398 #swap 116530 #nodes_visited8192 time(ms)= 768
heap64 run# 13 origin vertex 1849#insert 8192 #deletemin 8192 #update 28343 #swap 17543 #nodes_visited8192 time(ms)= 614
heap2 run# 14 origin vertex 7661#insert 8192 #deletemin 8192 #update 28279 #swap 116609 #nodes_visited8192 time(ms)= 759
heap64 run# 14 origin vertex 7661#insert 8192 #deletemin 8192 #update 28261 #swap 17524 #nodes_visited8192 time(ms)= 619
heap2 run# 15 origin vertex 7067#insert 8192 #deletemin 8192 #update 28110 #swap 116655 #nodes_visited8192 time(ms)= 761
heap64 run# 15 origin vertex 7067#insert 8192 #deletemin 8192 #update 28087 #swap 17612 #nodes_visited8192 time(ms)= 606
heap2 run# 16 origin vertex 5078#insert 8192 #deletemin 8192 #update 28142 #swap 116393 #nodes_visited8192 time(ms)= 764
heap64 run# 16 origin vertex 5078#insert 8192 #deletemin 8192 #update 28143 #swap 17602 #nodes_visited8192 time(ms)= 612
heap2 run# 17 origin vertex 1190#insert 8192 #deletemin 8192 #update 28128 #swap 116367 #nodes_visited8192 time(ms)= 754
heap64 run# 17 origin vertex 1190#insert 8192 #deletemin 8192 #update 28177 #swap 17555 #nodes_visited8192 time(ms)= 620
heap2 run# 18 origin vertex 7760#insert 8192 #deletemin 8192 #update 28388 #swap 116775 #nodes_visited8192 time(ms)= 766
heap64 run# 18 origin vertex 7760#insert 8192 #deletemin 8192 #update 28414 #swap 17671 #nodes_visited8192 time(ms)= 611
heap2 run# 19 origin vertex 5975#insert 8192 #deletemin 8192 #update 28387 #swap 116442 #nodes_visited8192 time(ms)= 774
heap64 run# 19 origin vertex 5975#insert 8192 #deletemin 8192 #update 28409 #swap 17498 #nodes_visited8192 time(ms)= 619
heap2 run# 20 origin vertex 8049#insert 8192 #deletemin 8192 #update 28351 #swap 116567 #nodes_visited8192 time(ms)= 760
heap64 run# 20 origin vertex 8049#insert 8192 #deletemin 8192 #update 28365 #swap 17601 #nodes_visited8192 time(ms)= 611
heap2 run# 21 origin vertex 654#insert 8192 #deletemin 8192 #update 28019 #swap 116935 #nodes_visited8192 time(ms)= 753
heap64 run# 21 origin vertex 654#insert 8192 #deletemin 8192 #update 28033 #swap 17712 #nodes_visited8192 time(ms)= 606
heap2 run# 22 origin vertex 3158#insert 8192 #deletemin 8192 #update 28410 #swap 116541 #nodes_visited8192 time(ms)= 780
heap64 run# 22 origin vertex 3158#insert 8192 #deletemin 8192 #update 28421 #swap 17452 #nodes_visited8192 time(ms)= 615
heap2 run# 23 origin vertex 7673#insert 8192 #deletemin 8192 #update 28248 #swap 116669 #nodes_visited8192 time(ms)= 761
heap64 run# 23 origin vertex 7673#insert 8192 #deletemin 8192 #update 28166 #swap 17560 #nodes_visited8192 time(ms)= 620
heap2 run# 24 origin vertex 1462#insert 8192 #deletemin 8192 #update 27900 #swap 116436 #nodes_visited8192 time(ms)= 752
heap64 run# 24 origin vertex 1462#insert 8192 #deletemin 8192 #update 27913 #swap 17475 #nodes_visited8192 time(ms)= 607
heap2 run# 25 origin vertex 3024#insert 8192 #deletemin 8192 #update 28273 #swap 116699 #nodes_visited8192 time(ms)= 781
heap64 run# 25 origin vertex 3024#insert 8192 #deletemin 8192 #update 28246 #swap 17611 #nodes_visited8192 time(ms)= 611
heap2 run# 26 origin vertex 1610#insert 8192 #deletemin 8192 #update 28139 #swap 116590 #nodes_visited8192 time(ms)= 761
heap64 run# 26 origin vertex 1610#insert 8192 #deletemin 8192 #update 28094 #swap 17557 #nodes_visited8192 time(ms)= 616
heap2 run# 27 origin vertex 4384#insert 8192 #deletemin 8192 #update 28159 #swap 117043 #nodes_visited8192 time(ms)= 777
heap64 run# 27 origin vertex 4384#insert 8192 #deletemin 8192 #update 28190 #swap 17688 #nodes_visited8192 time(ms)= 626
heap2 run# 28 origin vertex 2866#insert 8192 #deletemin 8192 #update 28075 #swap 116868 #nodes_visited8192 time(ms)= 775
heap64 run# 28 origin vertex 2866#insert 8192 #deletemin 8192 #update 28038 #swap 17601 #nodes_visited8192 time(ms)= 608
heap2 run# 29 origin vertex 7294#insert 8192 #deletemin 8192 #update 28393 #swap 116505 #nodes_visited8192 time(ms)= 768
heap64 run# 29 origin vertex 7294#insert 8192 #deletemin 8192 #update 28421 #swap 17598 #nodes_visited8192 time(ms)= 620
heap2 run# 30 origin vertex 6940#insert 8192 #deletemin 8192 #update 28135 #swap 116594 #nodes_visited8192 time(ms)= 757
heap64 run# 30 origin vertex 6940#insert 8192 #deletemin 8192 #update 28164 #swap 17514 #nodes_visited8192 time(ms)= 609
----------------------
i= 14 n= 16384 m= 1047852
heap2 run# 1 origin vertex 6022#insert 16384 #deletemin 16384 #update 45365 #swap 240035 #nodes_visited16384 time(ms)= 2202
heap64 run# 1 origin vertex 6022#insert 16384 #deletemin 16384 #update 45406 #swap 39931 #nodes_visited16384 time(ms)= 1777
heap2 run# 2 origin vertex 11557#insert 16384 #deletemin 16384 #update 45011 #swap 240074 #nodes_visited16384 time(ms)= 2199
heap64 run# 2 origin vertex 11557#insert 16384 #deletemin 16384 #update 45043 #swap 39950 #nodes_visited16384 time(ms)= 1762
heap2 run# 3 origin vertex 16172#insert 16384 #deletemin 16384 #update 44875 #swap 240459 #nodes_visited16384 time(ms)= 2215
heap64 run# 3 origin vertex 16172#insert 16384 #deletemin 16384 #update 44919 #swap 39992 #nodes_visited16384 time(ms)= 1758
heap2 run# 4 origin vertex 13497#insert 16384 #deletemin 16384 #update 45253 #swap 240257 #nodes_visited16384 time(ms)= 2220
heap64 run# 4 origin vertex 13497#insert 16384 #deletemin 16384 #update 45272 #swap 40005 #nodes_visited16384 time(ms)= 1763
heap2 run# 5 origin vertex 8962#insert 16384 #deletemin 16384 #update 45153 #swap 240114 #nodes_visited16384 time(ms)= 2224
heap64 run# 5 origin vertex 8962#insert 16384 #deletemin 16384 #update 45147 #swap 40017 #nodes_visited16384 time(ms)= 1761
heap2 run# 6 origin vertex 5954#insert 16384 #deletemin 16384 #update 45343 #swap 240440 #nodes_visited16384 time(ms)= 2232
heap64 run# 6 origin vertex 5954#insert 16384 #deletemin 16384 #update 45315 #swap 40000 #nodes_visited16384 time(ms)= 1766
heap2 run# 7 origin vertex 15110#insert 16384 #deletemin 16384 #update 44878 #swap 239638 #nodes_visited16384 time(ms)= 2212
heap64 run# 7 origin vertex 15110#insert 16384 #deletemin 16384 #update 44894 #swap 40005 #nodes_visited16384 time(ms)= 1747
heap2 run# 8 origin vertex 5974#insert 16384 #deletemin 16384 #update 44940 #swap 239431 #nodes_visited16384 time(ms)= 2179
heap64 run# 8 origin vertex 5974#insert 16384 #deletemin 16384 #update 44971 #swap 39900 #nodes_visited16384 time(ms)= 1751
heap2 run# 9 origin vertex 10442#insert 16384 #deletemin 16384 #update 45139 #swap 240210 #nodes_visited16384 time(ms)= 2183
heap64 run# 9 origin vertex 10442#insert 16384 #deletemin 16384 #update 45108 #swap 39904 #nodes_visited16384 time(ms)= 1747
heap2 run# 10 origin vertex 12652#insert 16384 #deletemin 16384 #update 45057 #swap 240042 #nodes_visited16384 time(ms)= 2183
heap64 run# 10 origin vertex 12652#insert 16384 #deletemin 16384 #update 45054 #swap 39923 #nodes_visited16384 time(ms)= 1745
heap2 run# 11 origin vertex 6207#insert 16384 #deletemin 16384 #update 45169 #swap 240228 #nodes_visited16384 time(ms)= 2198
heap64 run# 11 origin vertex 6207#insert 16384 #deletemin 16384 #update 45181 #swap 39953 #nodes_visited16384 time(ms)= 1787
heap2 run# 12 origin vertex 11221#insert 16384 #deletemin 16384 #update 44799 #swap 239916 #nodes_visited16384 time(ms)= 2178
heap64 run# 12 origin vertex 11221#insert 16384 #deletemin 16384 #update 44798 #swap 40014 #nodes_visited16384 time(ms)= 1727
heap2 run# 13 origin vertex 7939#insert 16384 #deletemin 16384 #update 44559 #swap 239690 #nodes_visited16384 time(ms)= 2161
heap64 run# 13 origin vertex 7939#insert 16384 #deletemin 16384 #update 44581 #swap 39938 #nodes_visited16384 time(ms)= 1724
heap2 run# 14 origin vertex 9291#insert 16384 #deletemin 16384 #update 45105 #swap 240111 #nodes_visited16384 time(ms)= 2188
heap64 run# 14 origin vertex 9291#insert 16384 #deletemin 16384 #update 45075 #swap 39942 #nodes_visited16384 time(ms)= 1747
heap2 run# 15 origin vertex 7693#insert 16384 #deletemin 16384 #update 45178 #swap 240296 #nodes_visited16384 time(ms)= 2199
heap64 run# 15 origin vertex 7693#insert 16384 #deletemin 16384 #update 45209 #swap 39985 #nodes_visited16384 time(ms)= 1762
heap2 run# 16 origin vertex 12819#insert 16384 #deletemin 16384 #update 45156 #swap 239769 #nodes_visited16384 time(ms)= 2197
heap64 run# 16 origin vertex 12819#insert 16384 #deletemin 16384 #update 45171 #swap 39922 #nodes_visited16384 time(ms)= 1761
heap2 run# 17 origin vertex 2237#insert 16384 #deletemin 16384 #update 45341 #swap 239275 #nodes_visited16384 time(ms)= 2189
heap64 run# 17 origin vertex 2237#insert 16384 #deletemin 16384 #update 45354 #swap 39851 #nodes_visited16384 time(ms)= 1754
heap2 run# 18 origin vertex 503#insert 16384 #deletemin 16384 #update 45076 #swap 239048 #nodes_visited16384 time(ms)= 2182
heap64 run# 18 origin vertex 503#insert 16384 #deletemin 16384 #update 45105 #swap 39928 #nodes_visited16384 time(ms)= 1758
heap2 run# 19 origin vertex 5834#insert 16384 #deletemin 16384 #update 44985 #swap 240229 #nodes_visited16384 time(ms)= 2196
heap64 run# 19 origin vertex 5834#insert 16384 #deletemin 16384 #update 44988 #swap 40004 #nodes_visited16384 time(ms)= 1735
heap2 run# 20 origin vertex 6333#insert 16384 #deletemin 16384 #update 45039 #swap 239821 #nodes_visited16384 time(ms)= 2213
heap64 run# 20 origin vertex 6333#insert 16384 #deletemin 16384 #update 45059 #swap 40057 #nodes_visited16384 time(ms)= 1750
heap2 run# 21 origin vertex 7897#insert 16384 #deletemin 16384 #update 45197 #swap 240234 #nodes_visited16384 time(ms)= 2216
heap64 run# 21 origin vertex 7897#insert 16384 #deletemin 16384 #update 45151 #swap 39967 #nodes_visited16384 time(ms)= 1753
heap2 run# 22 origin vertex 15713#insert 16384 #deletemin 16384 #update 44985 #swap 239109 #nodes_visited16384 time(ms)= 2206
heap64 run# 22 origin vertex 15713#insert 16384 #deletemin 16384 #update 44985 #swap 39953 #nodes_visited16384 time(ms)= 1742
heap2 run# 23 origin vertex 810#insert 16384 #deletemin 16384 #update 45449 #swap 239597 #nodes_visited16384 time(ms)= 2227
heap64 run# 23 origin vertex 810#insert 16384 #deletemin 16384 #update 45465 #swap 39869 #nodes_visited16384 time(ms)= 1777
heap2 run# 24 origin vertex 16073#insert 16384 #deletemin 16384 #update 45088 #swap 239983 #nodes_visited16384 time(ms)= 2210
heap64 run# 24 origin vertex 16073#insert 16384 #deletemin 16384 #update 45088 #swap 40075 #nodes_visited16384 time(ms)= 1770
heap2 run# 25 origin vertex 14024#insert 16384 #deletemin 16384 #update 45046 #swap 240019 #nodes_visited16384 time(ms)= 2360
heap64 run# 25 origin vertex 14024#insert 16384 #deletemin 16384 #update 45005 #swap 40103 #nodes_visited16384 time(ms)= 2246
heap2 run# 26 origin vertex 11532#insert 16384 #deletemin 16384 #update 44911 #swap 240277 #nodes_visited16384 time(ms)= 2260
heap64 run# 26 origin vertex 11532#insert 16384 #deletemin 16384 #update 45000 #swap 40058 #nodes_visited16384 time(ms)= 1739
heap2 run# 27 origin vertex 98#insert 16384 #deletemin 16384 #update 45161 #swap 239671 #nodes_visited16384 time(ms)= 2220
heap64 run# 27 origin vertex 98#insert 16384 #deletemin 16384 #update 45202 #swap 40000 #nodes_visited16384 time(ms)= 1743
heap2 run# 28 origin vertex 7553#insert 16384 #deletemin 16384 #update 45241 #swap 239996 #nodes_visited16384 time(ms)= 2228
heap64 run# 28 origin vertex 7553#insert 16384 #deletemin 16384 #update 45246 #swap 40011 #nodes_visited16384 time(ms)= 1749
heap2 run# 29 origin vertex 885#insert 16384 #deletemin 16384 #update 45067 #swap 240295 #nodes_visited16384 time(ms)= 2221
heap64 run# 29 origin vertex 885#insert 16384 #deletemin 16384 #update 45091 #swap 40097 #nodes_visited16384 time(ms)= 1749
heap2 run# 30 origin vertex 10422#insert 16384 #deletemin 16384 #update 45234 #swap 239881 #nodes_visited16384 time(ms)= 2227
heap64 run# 30 origin vertex 10422#insert 16384 #deletemin 16384 #update 45258 #swap 39918 #nodes_visited16384 time(ms)= 1761
----------------------
i= 15 n= 32768 m= 1047702
heap2 run# 1 origin vertex 29821#insert 32768 #deletemin 32768 #update 68202 #swap 492508 #nodes_visited32768 time(ms)= 5980
heap64 run# 1 origin vertex 29821#insert 32768 #deletemin 32768 #update 68205 #swap 86980 #nodes_visited32768 time(ms)= 4778
heap2 run# 2 origin vertex 20549#insert 32768 #deletemin 32768 #update 67707 #swap 492904 #nodes_visited32768 time(ms)= 5943
heap64 run# 2 origin vertex 20549#insert 32768 #deletemin 32768 #update 67677 #swap 86995 #nodes_visited32768 time(ms)= 4787
heap2 run# 3 origin vertex 26593#insert 32768 #deletemin 32768 #update 68019 #swap 493421 #nodes_visited32768 time(ms)= 5990
heap64 run# 3 origin vertex 26593#insert 32768 #deletemin 32768 #update 68023 #swap 87284 #nodes_visited32768 time(ms)= 4776
heap2 run# 4 origin vertex 13599#insert 32768 #deletemin 32768 #update 67501 #swap 493000 #nodes_visited32768 time(ms)= 5911
heap64 run# 4 origin vertex 13599#insert 32768 #deletemin 32768 #update 67512 #swap 87016 #nodes_visited32768 time(ms)= 4753
heap2 run# 5 origin vertex 22472#insert 32768 #deletemin 32768 #update 67813 #swap 492200 #nodes_visited32768 time(ms)= 6001
heap64 run# 5 origin vertex 22472#insert 32768 #deletemin 32768 #update 67827 #swap 87017 #nodes_visited32768 time(ms)= 4805
heap2 run# 6 origin vertex 17229#insert 32768 #deletemin 32768 #update 68224 #swap 492407 #nodes_visited32768 time(ms)= 6033
heap64 run# 6 origin vertex 17229#insert 32768 #deletemin 32768 #update 68285 #swap 87035 #nodes_visited32768 time(ms)= 4799
heap2 run# 7 origin vertex 32224#insert 32768 #deletemin 32768 #update 67967 #swap 492829 #nodes_visited32768 time(ms)= 6013
heap64 run# 7 origin vertex 32224#insert 32768 #deletemin 32768 #update 67953 #swap 87219 #nodes_visited32768 time(ms)= 4907
heap2 run# 8 origin vertex 2094#insert 32768 #deletemin 32768 #update 68037 #swap 493036 #nodes_visited32768 time(ms)= 5962
heap64 run# 8 origin vertex 2094#insert 32768 #deletemin 32768 #update 68016 #swap 87039 #nodes_visited32768 time(ms)= 4751
heap2 run# 9 origin vertex 14214#insert 32768 #deletemin 32768 #update 67677 #swap 493053 #nodes_visited32768 time(ms)= 5960
heap64 run# 9 origin vertex 14214#insert 32768 #deletemin 32768 #update 67692 #swap 87282 #nodes_visited32768 time(ms)= 4774
heap2 run# 10 origin vertex 30862#insert 32768 #deletemin 32768 #update 68089 #swap 493346 #nodes_visited32768 time(ms)= 5984
heap64 run# 10 origin vertex 30862#insert 32768 #deletemin 32768 #update 68066 #swap 87062 #nodes_visited32768 time(ms)= 5019
heap2 run# 11 origin vertex 7859#insert 32768 #deletemin 32768 #update 68136 #swap 492893 #nodes_visited32768 time(ms)= 6562
heap64 run# 11 origin vertex 7859#insert 32768 #deletemin 32768 #update 68115 #swap 87163 #nodes_visited32768 time(ms)= 4881
heap2 run# 12 origin vertex 12988#insert 32768 #deletemin 32768 #update 67887 #swap 493278 #nodes_visited32768 time(ms)= 6003
heap64 run# 12 origin vertex 12988#insert 32768 #deletemin 32768 #update 67883 #swap 87052 #nodes_visited32768 time(ms)= 4838
heap2 run# 13 origin vertex 4583#insert 32768 #deletemin 32768 #update 67860 #swap 492397 #nodes_visited32768 time(ms)= 6004
heap64 run# 13 origin vertex 4583#insert 32768 #deletemin 32768 #update 67829 #swap 87028 #nodes_visited32768 time(ms)= 4871
heap2 run# 14 origin vertex 3373#insert 32768 #deletemin 32768 #update 67760 #swap 493374 #nodes_visited32768 time(ms)= 6011
heap64 run# 14 origin vertex 3373#insert 32768 #deletemin 32768 #update 67725 #swap 87268 #nodes_visited32768 time(ms)= 4750
heap2 run# 15 origin vertex 12356#insert 32768 #deletemin 32768 #update 68128 #swap 492768 #nodes_visited32768 time(ms)= 6027
heap64 run# 15 origin vertex 12356#insert 32768 #deletemin 32768 #update 68096 #swap 86934 #nodes_visited32768 time(ms)= 4823
heap2 run# 16 origin vertex 4049#insert 32768 #deletemin 32768 #update 67770 #swap 492858 #nodes_visited32768 time(ms)= 5922
heap64 run# 16 origin vertex 4049#insert 32768 #deletemin 32768 #update 67839 #swap 86989 #nodes_visited32768 time(ms)= 4738
heap2 run# 17 origin vertex 31501#insert 32768 #deletemin 32768 #update 67581 #swap 493036 #nodes_visited32768 time(ms)= 5949
heap64 run# 17 origin vertex 31501#insert 32768 #deletemin 32768 #update 67586 #swap 87095 #nodes_visited32768 time(ms)= 4734
heap2 run# 18 origin vertex 17716#insert 32768 #deletemin 32768 #update 67776 #swap 493572 #nodes_visited32768 time(ms)= 6011
heap64 run# 18 origin vertex 17716#insert 32768 #deletemin 32768 #update 67800 #swap 87125 #nodes_visited32768 time(ms)= 4775
heap2 run# 19 origin vertex 23684#insert 32768 #deletemin 32768 #update 67998 #swap 493416 #nodes_visited32768 time(ms)= 5992
heap64 run# 19 origin vertex 23684#insert 32768 #deletemin 32768 #update 67946 #swap 86982 #nodes_visited32768 time(ms)= 4766
heap2 run# 20 origin vertex 25032#insert 32768 #deletemin 32768 #update 67770 #swap 493897 #nodes_visited32768 time(ms)= 5988
heap64 run# 20 origin vertex 25032#insert 32768 #deletemin 32768 #update 67783 #swap 87180 #nodes_visited32768 time(ms)= 4769
heap2 run# 21 origin vertex 17328#insert 32768 #deletemin 32768 #update 67808 #swap 492679 #nodes_visited32768 time(ms)= 5997
heap64 run# 21 origin vertex 17328#insert 32768 #deletemin 32768 #update 67849 #swap 87079 #nodes_visited32768 time(ms)= 4787
heap2 run# 22 origin vertex 6529#insert 32768 #deletemin 32768 #update 67713 #swap 492781 #nodes_visited32768 time(ms)= 6006
heap64 run# 22 origin vertex 6529#insert 32768 #deletemin 32768 #update 67683 #swap 87236 #nodes_visited32768 time(ms)= 4794
heap2 run# 23 origin vertex 29202#insert 32768 #deletemin 32768 #update 67658 #swap 493318 #nodes_visited32768 time(ms)= 6001
heap64 run# 23 origin vertex 29202#insert 32768 #deletemin 32768 #update 67675 #swap 87182 #nodes_visited32768 time(ms)= 4742
heap2 run# 24 origin vertex 13035#insert 32768 #deletemin 32768 #update 67565 #swap 493087 #nodes_visited32768 time(ms)= 5973
heap64 run# 24 origin vertex 13035#insert 32768 #deletemin 32768 #update 67581 #swap 87211 #nodes_visited32768 time(ms)= 4692
heap2 run# 25 origin vertex 19606#insert 32768 #deletemin 32768 #update 68249 #swap 493407 #nodes_visited32768 time(ms)= 6002
heap64 run# 25 origin vertex 19606#insert 32768 #deletemin 32768 #update 68218 #swap 87253 #nodes_visited32768 time(ms)= 4775
heap2 run# 26 origin vertex 9531#insert 32768 #deletemin 32768 #update 67737 #swap 493220 #nodes_visited32768 time(ms)= 5949
heap64 run# 26 origin vertex 9531#insert 32768 #deletemin 32768 #update 67759 #swap 87211 #nodes_visited32768 time(ms)= 4740
heap2 run# 27 origin vertex 1007#insert 32768 #deletemin 32768 #update 67848 #swap 492873 #nodes_visited32768 time(ms)= 5966
heap64 run# 27 origin vertex 1007#insert 32768 #deletemin 32768 #update 67817 #swap 87227 #nodes_visited32768 time(ms)= 4784
heap2 run# 28 origin vertex 13495#insert 32768 #deletemin 32768 #update 68014 #swap 493485 #nodes_visited32768 time(ms)= 5987
heap64 run# 28 origin vertex 13495#insert 32768 #deletemin 32768 #update 67994 #swap 87191 #nodes_visited32768 time(ms)= 4778
heap2 run# 29 origin vertex 21963#insert 32768 #deletemin 32768 #update 67869 #swap 493174 #nodes_visited32768 time(ms)= 5992
heap64 run# 29 origin vertex 21963#insert 32768 #deletemin 32768 #update 67885 #swap 87051 #nodes_visited32768 time(ms)= 4757
heap2 run# 30 origin vertex 4907#insert 32768 #deletemin 32768 #update 68427 #swap 493404 #nodes_visited32768 time(ms)= 6071
heap64 run# 30 origin vertex 4907#insert 32768 #deletemin 32768 #update 68462 #swap 87163 #nodes_visited32768 time(ms)= 4824
----------------------
i= 16 n= 65536 m= 1046917
heap2 run# 1 origin vertex 58963#insert 65536 #deletemin 65536 #update 93080 #swap 1008666 #nodes_visited65536 time(ms)= 14195
heap64 run# 1 origin vertex 58963#insert 65536 #deletemin 65536 #update 93073 #swap 183575 #nodes_visited65536 time(ms)= 11415
heap2 run# 2 origin vertex 42980#insert 65536 #deletemin 65536 #update 92655 #swap 1008050 #nodes_visited65536 time(ms)= 14184
heap64 run# 2 origin vertex 42980#insert 65536 #deletemin 65536 #update 92676 #swap 183508 #nodes_visited65536 time(ms)= 11481
heap2 run# 3 origin vertex 53558#insert 65536 #deletemin 65536 #update 92707 #swap 1008170 #nodes_visited65536 time(ms)= 14154
heap64 run# 3 origin vertex 53558#insert 65536 #deletemin 65536 #update 92708 #swap 183403 #nodes_visited65536 time(ms)= 11314
heap2 run# 4 origin vertex 30003#insert 65536 #deletemin 65536 #update 92676 #swap 1008096 #nodes_visited65536 time(ms)= 14156
heap64 run# 4 origin vertex 30003#insert 65536 #deletemin 65536 #update 92647 #swap 183317 #nodes_visited65536 time(ms)= 11421
heap2 run# 5 origin vertex 56063#insert 65536 #deletemin 65536 #update 92869 #swap 1007988 #nodes_visited65536 time(ms)= 14596
heap64 run# 5 origin vertex 56063#insert 65536 #deletemin 65536 #update 92881 #swap 183539 #nodes_visited65536 time(ms)= 11518
heap2 run# 6 origin vertex 56870#insert 65536 #deletemin 65536 #update 92633 #swap 1008053 #nodes_visited65536 time(ms)= 14271
heap64 run# 6 origin vertex 56870#insert 65536 #deletemin 65536 #update 92619 #swap 183526 #nodes_visited65536 time(ms)= 11442
heap2 run# 7 origin vertex 33530#insert 65536 #deletemin 65536 #update 92680 #swap 1008175 #nodes_visited65536 time(ms)= 14934
heap64 run# 7 origin vertex 33530#insert 65536 #deletemin 65536 #update 92691 #swap 183344 #nodes_visited65536 time(ms)= 11466
heap2 run# 8 origin vertex 35387#insert 65536 #deletemin 65536 #update 92771 #swap 1008686 #nodes_visited65536 time(ms)= 14196
heap64 run# 8 origin vertex 35387#insert 65536 #deletemin 65536 #update 92799 #swap 183435 #nodes_visited65536 time(ms)= 11484
heap2 run# 9 origin vertex 63920#insert 65536 #deletemin 65536 #update 92489 #swap 1008103 #nodes_visited65536 time(ms)= 14348
heap64 run# 9 origin vertex 63920#insert 65536 #deletemin 65536 #update 92508 #swap 183531 #nodes_visited65536 time(ms)= 11415
heap2 run# 10 origin vertex 37741#insert 65536 #deletemin 65536 #update 93109 #swap 1009048 #nodes_visited65536 time(ms)= 14255
heap64 run# 10 origin vertex 37741#insert 65536 #deletemin 65536 #update 93110 #swap 183428 #nodes_visited65536 time(ms)= 11375
heap2 run# 11 origin vertex 12140#insert 65536 #deletemin 65536 #update 93050 #swap 1008327 #nodes_visited65536 time(ms)= 14235
heap64 run# 11 origin vertex 12140#insert 65536 #deletemin 65536 #update 93029 #swap 183520 #nodes_visited65536 time(ms)= 11386
heap2 run# 12 origin vertex 3925#insert 65536 #deletemin 65536 #update 92193 #swap 1008109 #nodes_visited65536 time(ms)= 14191
heap64 run# 12 origin vertex 3925#insert 65536 #deletemin 65536 #update 92218 #swap 183419 #nodes_visited65536 time(ms)= 11439
heap2 run# 13 origin vertex 42436#insert 65536 #deletemin 65536 #update 93013 #swap 1009161 #nodes_visited65536 time(ms)= 14360
heap64 run# 13 origin vertex 42436#insert 65536 #deletemin 65536 #update 93023 #swap 183316 #nodes_visited65536 time(ms)= 11559
heap2 run# 14 origin vertex 63605#insert 65536 #deletemin 65536 #update 92340 #swap 1007761 #nodes_visited65536 time(ms)= 14245
heap64 run# 14 origin vertex 63605#insert 65536 #deletemin 65536 #update 92316 #swap 183355 #nodes_visited65536 time(ms)= 11386
heap2 run# 15 origin vertex 27897#insert 65536 #deletemin 65536 #update 92636 #swap 1008947 #nodes_visited65536 time(ms)= 14380
heap64 run# 15 origin vertex 27897#insert 65536 #deletemin 65536 #update 92630 #swap 183450 #nodes_visited65536 time(ms)= 11702
heap2 run# 16 origin vertex 56692#insert 65536 #deletemin 65536 #update 92899 #swap 1008565 #nodes_visited65536 time(ms)= 14521
heap64 run# 16 origin vertex 56692#insert 65536 #deletemin 65536 #update 92847 #swap 183543 #nodes_visited65536 time(ms)= 11614
heap2 run# 17 origin vertex 58408#insert 65536 #deletemin 65536 #update 92208 #swap 1008401 #nodes_visited65536 time(ms)= 14383
heap64 run# 17 origin vertex 58408#insert 65536 #deletemin 65536 #update 92228 #swap 183540 #nodes_visited65536 time(ms)= 11623
heap2 run# 18 origin vertex 4082#insert 65536 #deletemin 65536 #update 92713 #swap 1008597 #nodes_visited65536 time(ms)= 14492
heap64 run# 18 origin vertex 4082#insert 65536 #deletemin 65536 #update 92688 #swap 183374 #nodes_visited65536 time(ms)= 11935
heap2 run# 19 origin vertex 52406#insert 65536 #deletemin 65536 #update 92674 #swap 1008374 #nodes_visited65536 time(ms)= 14482
heap64 run# 19 origin vertex 52406#insert 65536 #deletemin 65536 #update 92685 #swap 183558 #nodes_visited65536 time(ms)= 11549
heap2 run# 20 origin vertex 42229#insert 65536 #deletemin 65536 #update 93026 #swap 1008227 #nodes_visited65536 time(ms)= 14454
heap64 run# 20 origin vertex 42229#insert 65536 #deletemin 65536 #update 93037 #swap 183494 #nodes_visited65536 time(ms)= 11619
heap2 run# 21 origin vertex 48671#insert 65536 #deletemin 65536 #update 92845 #swap 1008805 #nodes_visited65536 time(ms)= 14536
heap64 run# 21 origin vertex 48671#insert 65536 #deletemin 65536 #update 92813 #swap 183358 #nodes_visited65536 time(ms)= 11662
heap2 run# 22 origin vertex 52848#insert 65536 #deletemin 65536 #update 92722 #swap 1008530 #nodes_visited65536 time(ms)= 14390
heap64 run# 22 origin vertex 52848#insert 65536 #deletemin 65536 #update 92732 #swap 183417 #nodes_visited65536 time(ms)= 11256
heap2 run# 23 origin vertex 42506#insert 65536 #deletemin 65536 #update 92441 #swap 1007957 #nodes_visited65536 time(ms)= 14082
heap64 run# 23 origin vertex 42506#insert 65536 #deletemin 65536 #update 92419 #swap 183434 #nodes_visited65536 time(ms)= 11320
heap2 run# 24 origin vertex 36092#insert 65536 #deletemin 65536 #update 92568 #swap 1007635 #nodes_visited65536 time(ms)= 14154
heap64 run# 24 origin vertex 36092#insert 65536 #deletemin 65536 #update 92552 #swap 183311 #nodes_visited65536 time(ms)= 11348
heap2 run# 25 origin vertex 725#insert 65536 #deletemin 65536 #update 92470 #swap 1008806 #nodes_visited65536 time(ms)= 14170
heap64 run# 25 origin vertex 725#insert 65536 #deletemin 65536 #update 92473 #swap 183405 #nodes_visited65536 time(ms)= 11316
heap2 run# 26 origin vertex 45884#insert 65536 #deletemin 65536 #update 93019 #swap 1007956 #nodes_visited65536 time(ms)= 14603
heap64 run# 26 origin vertex 45884#insert 65536 #deletemin 65536 #update 93024 #swap 183409 #nodes_visited65536 time(ms)= 11865
heap2 run# 27 origin vertex 35577#insert 65536 #deletemin 65536 #update 92546 #swap 1008374 #nodes_visited65536 time(ms)= 14236
heap64 run# 27 origin vertex 35577#insert 65536 #deletemin 65536 #update 92544 #swap 183441 #nodes_visited65536 time(ms)= 11442
heap2 run# 28 origin vertex 6045#insert 65536 #deletemin 65536 #update 92726 #swap 1008892 #nodes_visited65536 time(ms)= 14458
heap64 run# 28 origin vertex 6045#insert 65536 #deletemin 65536 #update 92738 #swap 183346 #nodes_visited65536 time(ms)= 11523
heap2 run# 29 origin vertex 13340#insert 65536 #deletemin 65536 #update 92585 #swap 1008953 #nodes_visited65536 time(ms)= 14263
heap64 run# 29 origin vertex 13340#insert 65536 #deletemin 65536 #update 92570 #swap 183299 #nodes_visited65536 time(ms)= 11621
heap2 run# 30 origin vertex 23898#insert 65536 #deletemin 65536 #update 93090 #swap 1009011 #nodes_visited65536 time(ms)= 14415
heap64 run# 30 origin vertex 23898#insert 65536 #deletemin 65536 #update 93065 #swap 183485 #nodes_visited65536 time(ms)= 11584
----------------------
i= 17 n= 131072 m= 1048504
heap2 run# 1 origin vertex 53432#insert 131033 #deletemin 131033 #update 105263 #swap 2042426 #nodes_visited131033 time(ms)= 25889
heap64 run# 1 origin vertex 53432#insert 131033 #deletemin 131033 #update 105271 #swap 377148 #nodes_visited131033 time(ms)= 21166
heap2 run# 2 origin vertex 107091#insert 131033 #deletemin 131033 #update 105535 #swap 2044303 #nodes_visited131033 time(ms)= 25486
heap64 run# 2 origin vertex 107091#insert 131033 #deletemin 131033 #update 105520 #swap 377240 #nodes_visited131033 time(ms)= 21378
heap2 run# 3 origin vertex 65198#insert 131033 #deletemin 131033 #update 105006 #swap 2043998 #nodes_visited131033 time(ms)= 26060
heap64 run# 3 origin vertex 65198#insert 131033 #deletemin 131033 #update 104989 #swap 377207 #nodes_visited131033 time(ms)= 20814
heap2 run# 4 origin vertex 10174#insert 131033 #deletemin 131033 #update 105116 #swap 2042931 #nodes_visited131033 time(ms)= 25907
heap64 run# 4 origin vertex 10174#insert 131033 #deletemin 131033 #update 105097 #swap 376904 #nodes_visited131033 time(ms)= 21057
heap2 run# 5 origin vertex 35516#insert 131033 #deletemin 131033 #update 105715 #swap 2043542 #nodes_visited131033 time(ms)= 26196
heap64 run# 5 origin vertex 35516#insert 131033 #deletemin 131033 #update 105758 #swap 377033 #nodes_visited131033 time(ms)= 21549
heap2 run# 6 origin vertex 6940#insert 131033 #deletemin 131033 #update 105174 #swap 2042442 #nodes_visited131033 time(ms)= 25840
heap64 run# 6 origin vertex 6940#insert 131033 #deletemin 131033 #update 105191 #swap 377105 #nodes_visited131033 time(ms)= 20830
heap2 run# 7 origin vertex 117106#insert 131033 #deletemin 131033 #update 105380 #swap 2042674 #nodes_visited131033 time(ms)= 26585
heap64 run# 7 origin vertex 117106#insert 131033 #deletemin 131033 #update 105378 #swap 377227 #nodes_visited131033 time(ms)= 20602
heap2 run# 8 origin vertex 126829#insert 131033 #deletemin 131033 #update 105447 #swap 2042834 #nodes_visited131033 time(ms)= 25684
heap64 run# 8 origin vertex 126829#insert 131033 #deletemin 131033 #update 105428 #swap 376828 #nodes_visited131033 time(ms)= 20815
heap2 run# 9 origin vertex 113543#insert 131033 #deletemin 131033 #update 105187 #swap 2042705 #nodes_visited131033 time(ms)= 25574
heap64 run# 9 origin vertex 113543#insert 131033 #deletemin 131033 #update 105177 #swap 377046 #nodes_visited131033 time(ms)= 20881
heap2 run# 10 origin vertex 50232#insert 131033 #deletemin 131033 #update 105547 #swap 2042368 #nodes_visited131033 time(ms)= 26407
heap64 run# 10 origin vertex 50232#insert 131033 #deletemin 131033 #update 105551 #swap 377094 #nodes_visited131033 time(ms)= 20741
heap2 run# 11 origin vertex 55637#insert 131033 #deletemin 131033 #update 105394 #swap 2044006 #nodes_visited131033 time(ms)= 26138
heap64 run# 11 origin vertex 55637#insert 131033 #deletemin 131033 #update 105406 #swap 377092 #nodes_visited131033 time(ms)= 21019
heap2 run# 12 origin vertex 106252#insert 131033 #deletemin 131033 #update 105665 #swap 2043253 #nodes_visited131033 time(ms)= 25620
heap64 run# 12 origin vertex 106252#insert 131033 #deletemin 131033 #update 105644 #swap 377091 #nodes_visited131033 time(ms)= 21068
heap2 run# 13 origin vertex 53680#insert 131033 #deletemin 131033 #update 105266 #swap 2043463 #nodes_visited131033 time(ms)= 25495
heap64 run# 13 origin vertex 53680#insert 131033 #deletemin 131033 #update 105277 #swap 377004 #nodes_visited131033 time(ms)= 20867
heap2 run# 14 origin vertex 16824#insert 131033 #deletemin 131033 #update 105167 #swap 2042931 #nodes_visited131033 time(ms)= 25722
heap64 run# 14 origin vertex 16824#insert 131033 #deletemin 131033 #update 105159 #swap 377073 #nodes_visited131033 time(ms)= 20479
heap2 run# 15 origin vertex 26922#insert 131033 #deletemin 131033 #update 105704 #swap 2043009 #nodes_visited131033 time(ms)= 25708
heap64 run# 15 origin vertex 26922#insert 131033 #deletemin 131033 #update 105730 #swap 376967 #nodes_visited131033 time(ms)= 20775
heap2 run# 16 origin vertex 110856#insert 131033 #deletemin 131033 #update 105129 #swap 2043107 #nodes_visited131033 time(ms)= 25493
heap64 run# 16 origin vertex 110856#insert 131033 #deletemin 131033 #update 105135 #swap 377035 #nodes_visited131033 time(ms)= 20804
heap2 run# 17 origin vertex 79949#insert 131033 #deletemin 131033 #update 105225 #swap 2042802 #nodes_visited131033 time(ms)= 25549
heap64 run# 17 origin vertex 79949#insert 131033 #deletemin 131033 #update 105225 #swap 377017 #nodes_visited131033 time(ms)= 20919
heap2 run# 18 origin vertex 61389#insert 131033 #deletemin 131033 #update 105373 #swap 2042413 #nodes_visited131033 time(ms)= 25866
heap64 run# 18 origin vertex 61389#insert 131033 #deletemin 131033 #update 105347 #swap 376973 #nodes_visited131033 time(ms)= 21089
heap2 run# 19 origin vertex 7143#insert 131033 #deletemin 131033 #update 105485 #swap 2042517 #nodes_visited131033 time(ms)= 25294
heap64 run# 19 origin vertex 7143#insert 131033 #deletemin 131033 #update 105492 #swap 376914 #nodes_visited131033 time(ms)= 20584
heap2 run# 20 origin vertex 30197#insert 131033 #deletemin 131033 #update 105452 #swap 2042705 #nodes_visited131033 time(ms)= 25370
heap64 run# 20 origin vertex 30197#insert 131033 #deletemin 131033 #update 105456 #swap 377185 #nodes_visited131033 time(ms)= 20556
heap2 run# 21 origin vertex 130606#insert 131033 #deletemin 131033 #update 105557 #swap 2043796 #nodes_visited131033 time(ms)= 25556
heap64 run# 21 origin vertex 130606#insert 131033 #deletemin 131033 #update 105581 #swap 376728 #nodes_visited131033 time(ms)= 20565
heap2 run# 22 origin vertex 54498#insert 131033 #deletemin 131033 #update 104996 #swap 2043505 #nodes_visited131033 time(ms)= 25333
heap64 run# 22 origin vertex 54498#insert 131033 #deletemin 131033 #update 105004 #swap 377105 #nodes_visited131033 time(ms)= 20437
heap2 run# 23 origin vertex 122683#insert 131033 #deletemin 131033 #update 105565 #swap 2042764 #nodes_visited131033 time(ms)= 25538
heap64 run# 23 origin vertex 122683#insert 131033 #deletemin 131033 #update 105544 #swap 377113 #nodes_visited131033 time(ms)= 20568
heap2 run# 24 origin vertex 32116#insert 131033 #deletemin 131033 #update 105489 #swap 2043038 #nodes_visited131033 time(ms)= 25374
heap64 run# 24 origin vertex 32116#insert 131033 #deletemin 131033 #update 105491 #swap 376865 #nodes_visited131033 time(ms)= 20576
heap2 run# 25 origin vertex 19490#insert 131033 #deletemin 131033 #update 105413 #swap 2043061 #nodes_visited131033 time(ms)= 25437
heap64 run# 25 origin vertex 19490#insert 131033 #deletemin 131033 #update 105436 #swap 377338 #nodes_visited131033 time(ms)= 20525
heap2 run# 26 origin vertex 125202#insert 131033 #deletemin 131033 #update 105445 #swap 2043759 #nodes_visited131033 time(ms)= 25427
heap64 run# 26 origin vertex 125202#insert 131033 #deletemin 131033 #update 105459 #swap 377191 #nodes_visited131033 time(ms)= 20828
heap2 run# 27 origin vertex 30849#insert 131033 #deletemin 131033 #update 105223 #swap 2043544 #nodes_visited131033 time(ms)= 26203
heap64 run# 27 origin vertex 30849#insert 131033 #deletemin 131033 #update 105215 #swap 377020 #nodes_visited131033 time(ms)= 20810
heap2 run# 28 origin vertex 120194#insert 131033 #deletemin 131033 #update 105165 #swap 2044276 #nodes_visited131033 time(ms)= 25363
heap64 run# 28 origin vertex 120194#insert 131033 #deletemin 131033 #update 105203 #swap 377015 #nodes_visited131033 time(ms)= 20453
heap2 run# 29 origin vertex 92910#insert 131033 #deletemin 131033 #update 104944 #swap 2043419 #nodes_visited131033 time(ms)= 25257
heap64 run# 29 origin vertex 92910#insert 131033 #deletemin 131033 #update 104943 #swap 377245 #nodes_visited131033 time(ms)= 20413
heap2 run# 30 origin vertex 118151#insert 131033 #deletemin 131033 #update 105408 #swap 2042475 #nodes_visited131033 time(ms)= 25211
heap64 run# 30 origin vertex 118151#insert 131033 #deletemin 131033 #update 105377 #swap 377112 #nodes_visited131033 time(ms)= 20550
----------------------
i= 18 n= 262144 m= 1048101
heap2 run# 1 origin vertex 35222#insert 256946 #deletemin 256946 #update 83206 #swap 3984974 #nodes_visited256946 time(ms)= 26031
heap64 run# 1 origin vertex 35222#insert 256946 #deletemin 256946 #update 83225 #swap 746834 #nodes_visited256946 time(ms)= 21160
heap2 run# 2 origin vertex 13820#insert 256946 #deletemin 256946 #update 82636 #swap 3986579 #nodes_visited256946 time(ms)= 26005
heap64 run# 2 origin vertex 13820#insert 256946 #deletemin 256946 #update 82643 #swap 746727 #nodes_visited256946 time(ms)= 21134
heap2 run# 3 origin vertex 165014#insert 256946 #deletemin 256946 #update 83196 #swap 3986211 #nodes_visited256946 time(ms)= 26138
heap64 run# 3 origin vertex 165014#insert 256946 #deletemin 256946 #update 83179 #swap 747083 #nodes_visited256946 time(ms)= 21284
heap2 run# 4 origin vertex 133538#insert 256946 #deletemin 256946 #update 83033 #swap 3984006 #nodes_visited256946 time(ms)= 26077
heap64 run# 4 origin vertex 133538#insert 256946 #deletemin 256946 #update 83036 #swap 746983 #nodes_visited256946 time(ms)= 21202
heap2 run# 5 origin vertex 144239#insert 256946 #deletemin 256946 #update 83683 #swap 3986467 #nodes_visited256946 time(ms)= 26643
heap64 run# 5 origin vertex 144239#insert 256946 #deletemin 256946 #update 83673 #swap 747039 #nodes_visited256946 time(ms)= 22273
heap2 run# 6 origin vertex 199236#insert 256946 #deletemin 256946 #update 82772 #swap 3986856 #nodes_visited256946 time(ms)= 27181
heap64 run# 6 origin vertex 199236#insert 256946 #deletemin 256946 #update 82771 #swap 746980 #nodes_visited256946 time(ms)= 21264
heap2 run# 7 origin vertex 24608#insert 256946 #deletemin 256946 #update 83096 #swap 3985927 #nodes_visited256946 time(ms)= 26370
heap64 run# 7 origin vertex 24608#insert 256946 #deletemin 256946 #update 83109 #swap 747060 #nodes_visited256946 time(ms)= 21320
heap2 run# 8 origin vertex 206319#insert 256946 #deletemin 256946 #update 83335 #swap 3985446 #nodes_visited256946 time(ms)= 26186
heap64 run# 8 origin vertex 206319#insert 256946 #deletemin 256946 #update 83335 #swap 746912 #nodes_visited256946 time(ms)= 21414
heap2 run# 9 origin vertex 239174#insert 256946 #deletemin 256946 #update 83080 #swap 3985072 #nodes_visited256946 time(ms)= 26183
heap64 run# 9 origin vertex 239174#insert 256946 #deletemin 256946 #update 83076 #swap 746982 #nodes_visited256946 time(ms)= 21303
heap2 run# 10 origin vertex 219591#insert 256946 #deletemin 256946 #update 82876 #swap 3986096 #nodes_visited256946 time(ms)= 26366
heap64 run# 10 origin vertex 219591#insert 256946 #deletemin 256946 #update 82873 #swap 747013 #nodes_visited256946 time(ms)= 21705
heap2 run# 11 origin vertex 25101#insert 256946 #deletemin 256946 #update 82957 #swap 3986074 #nodes_visited256946 time(ms)= 26105
heap64 run# 11 origin vertex 25101#insert 256946 #deletemin 256946 #update 82937 #swap 746755 #nodes_visited256946 time(ms)= 21095
heap2 run# 12 origin vertex 218239#insert 256946 #deletemin 256946 #update 83065 #swap 3985778 #nodes_visited256946 time(ms)= 26120
heap64 run# 12 origin vertex 218239#insert 256946 #deletemin 256946 #update 83070 #swap 746994 #nodes_visited256946 time(ms)= 21249
heap2 run# 13 origin vertex 233674#insert 256946 #deletemin 256946 #update 82829 #swap 3986061 #nodes_visited256946 time(ms)= 26354
heap64 run# 13 origin vertex 233674#insert 256946 #deletemin 256946 #update 82833 #swap 746850 #nodes_visited256946 time(ms)= 21841
heap2 run# 14 origin vertex 255373#insert 256946 #deletemin 256946 #update 83260 #swap 3986502 #nodes_visited256946 time(ms)= 27017
heap64 run# 14 origin vertex 255373#insert 256946 #deletemin 256946 #update 83263 #swap 747235 #nodes_visited256946 time(ms)= 21490
heap2 run# 15 origin vertex 75966#insert 256946 #deletemin 256946 #update 82896 #swap 3986533 #nodes_visited256946 time(ms)= 26139
heap64 run# 15 origin vertex 75966#insert 256946 #deletemin 256946 #update 82911 #swap 747054 #nodes_visited256946 time(ms)= 21076
heap2 run# 16 origin vertex 209745#insert 256946 #deletemin 256946 #update 83212 #swap 3985293 #nodes_visited256946 time(ms)= 26200
heap64 run# 16 origin vertex 209745#insert 256946 #deletemin 256946 #update 83215 #swap 747234 #nodes_visited256946 time(ms)= 21365
heap2 run# 17 origin vertex 112538#insert 256946 #deletemin 256946 #update 83191 #swap 3987176 #nodes_visited256946 time(ms)= 26312
heap64 run# 17 origin vertex 112538#insert 256946 #deletemin 256946 #update 83189 #swap 747542 #nodes_visited256946 time(ms)= 21363
heap2 run# 18 origin vertex 179892#insert 256946 #deletemin 256946 #update 82835 #swap 3984430 #nodes_visited256946 time(ms)= 26093
heap64 run# 18 origin vertex 179892#insert 256946 #deletemin 256946 #update 82822 #swap 747062 #nodes_visited256946 time(ms)= 21297
heap2 run# 19 origin vertex 46990#insert 256946 #deletemin 256946 #update 83324 #swap 3986685 #nodes_visited256946 time(ms)= 26227
heap64 run# 19 origin vertex 46990#insert 256946 #deletemin 256946 #update 83336 #swap 746972 #nodes_visited256946 time(ms)= 21395
heap2 run# 20 origin vertex 215022#insert 256946 #deletemin 256946 #update 83464 #swap 3986173 #nodes_visited256946 time(ms)= 27897
heap64 run# 20 origin vertex 215022#insert 256946 #deletemin 256946 #update 83457 #swap 747145 #nodes_visited256946 time(ms)= 22973
heap2 run# 21 origin vertex 36800#insert 256946 #deletemin 256946 #update 83326 #swap 3985832 #nodes_visited256946 time(ms)= 27795
heap64 run# 21 origin vertex 36800#insert 256946 #deletemin 256946 #update 83323 #swap 746944 #nodes_visited256946 time(ms)= 22593
heap2 run# 22 origin vertex 126559#insert 256946 #deletemin 256946 #update 83345 #swap 3986895 #nodes_visited256946 time(ms)= 27846
heap64 run# 22 origin vertex 126559#insert 256946 #deletemin 256946 #update 83336 #swap 746948 #nodes_visited256946 time(ms)= 23074
heap2 run# 23 origin vertex 34684#insert 256946 #deletemin 256946 #update 82719 #swap 3985121 #nodes_visited256946 time(ms)= 27513
heap64 run# 23 origin vertex 34684#insert 256946 #deletemin 256946 #update 82706 #swap 747007 #nodes_visited256946 time(ms)= 22497
heap2 run# 24 origin vertex 175534#insert 256946 #deletemin 256946 #update 82971 #swap 3984279 #nodes_visited256946 time(ms)= 27273
heap64 run# 24 origin vertex 175534#insert 256946 #deletemin 256946 #update 82963 #swap 746833 #nodes_visited256946 time(ms)= 22258
heap2 run# 25 origin vertex 87194#insert 256946 #deletemin 256946 #update 83143 #swap 3986493 #nodes_visited256946 time(ms)= 27734
heap64 run# 25 origin vertex 87194#insert 256946 #deletemin 256946 #update 83134 #swap 746902 #nodes_visited256946 time(ms)= 22600
heap2 run# 26 origin vertex 216084#insert 256946 #deletemin 256946 #update 82920 #swap 3985733 #nodes_visited256946 time(ms)= 28140
heap64 run# 26 origin vertex 216084#insert 256946 #deletemin 256946 #update 82917 #swap 746824 #nodes_visited256946 time(ms)= 22613
heap2 run# 27 origin vertex 156440#insert 256946 #deletemin 256946 #update 83026 #swap 3985442 #nodes_visited256946 time(ms)= 27224
heap64 run# 27 origin vertex 156440#insert 256946 #deletemin 256946 #update 83028 #swap 746913 #nodes_visited256946 time(ms)= 21996
heap2 run# 28 origin vertex 85353#insert 256946 #deletemin 256946 #update 83478 #swap 3985550 #nodes_visited256946 time(ms)= 27154
heap64 run# 28 origin vertex 85353#insert 256946 #deletemin 256946 #update 83498 #swap 747106 #nodes_visited256946 time(ms)= 22296
heap2 run# 29 origin vertex 254621#insert 256946 #deletemin 256946 #update 83240 #swap 3988085 #nodes_visited256946 time(ms)= 27469
heap64 run# 29 origin vertex 254621#insert 256946 #deletemin 256946 #update 83238 #swap 747023 #nodes_visited256946 time(ms)= 22059
heap2 run# 30 origin vertex 69740#insert 256946 #deletemin 256946 #update 83523 #swap 3986449 #nodes_visited256946 time(ms)= 27071
heap64 run# 30 origin vertex 69740#insert 256946 #deletemin 256946 #update 83534 #swap 747283 #nodes_visited256946 time(ms)= 22312
----------------------
i= 19 n= 524288 m= 1047723
heap2 run# 1 origin vertex 322432#insert 417395 #deletemin 417395 #update 27788 #swap 6113870 #nodes_visited417395 time(ms)= 6969
heap64 run# 1 origin vertex 322432#insert 417395 #deletemin 417395 #update 27796 #swap 1199041 #nodes_visited417395 time(ms)= 5787
heap2 run# 2 origin vertex 173421#insert 3 #deletemin 3 #update 0 #swap 0 #nodes_visited3 time(ms)= 1
heap64 run# 2 origin vertex 173421#insert 3 #deletemin 3 #update 0 #swap 0 #nodes_visited3 time(ms)= 1
heap2 run# 3 origin vertex 392447#insert 417395 #deletemin 417395 #update 27847 #swap 6113557 #nodes_visited417395 time(ms)= 6880
heap64 run# 3 origin vertex 392447#insert 417395 #deletemin 417395 #update 27850 #swap 1199306 #nodes_visited417395 time(ms)= 5828
heap2 run# 4 origin vertex 430568#insert 417395 #deletemin 417395 #update 27847 #swap 6112893 #nodes_visited417395 time(ms)= 7004
heap64 run# 4 origin vertex 430568#insert 417395 #deletemin 417395 #update 27840 #swap 1199266 #nodes_visited417395 time(ms)= 5810
heap2 run# 5 origin vertex 314882#insert 417395 #deletemin 417395 #update 27803 #swap 6112483 #nodes_visited417395 time(ms)= 6940
heap64 run# 5 origin vertex 314882#insert 417395 #deletemin 417395 #update 27793 #swap 1199207 #nodes_visited417395 time(ms)= 5784
heap2 run# 6 origin vertex 418599#insert 417395 #deletemin 417395 #update 27605 #swap 6112852 #nodes_visited417395 time(ms)= 6963
heap64 run# 6 origin vertex 418599#insert 417395 #deletemin 417395 #update 27597 #swap 1199273 #nodes_visited417395 time(ms)= 5745
heap2 run# 7 origin vertex 80535#insert 417395 #deletemin 417395 #update 27644 #swap 6114304 #nodes_visited417395 time(ms)= 6922
heap64 run# 7 origin vertex 80535#insert 417395 #deletemin 417395 #update 27638 #swap 1199090 #nodes_visited417395 time(ms)= 5725
heap2 run# 8 origin vertex 393113#insert 417395 #deletemin 417395 #update 27766 #swap 6112984 #nodes_visited417395 time(ms)= 6975
heap64 run# 8 origin vertex 393113#insert 417395 #deletemin 417395 #update 27760 #swap 1198797 #nodes_visited417395 time(ms)= 5706
heap2 run# 9 origin vertex 379787#insert 417395 #deletemin 417395 #update 28004 #swap 6114010 #nodes_visited417395 time(ms)= 6966
heap64 run# 9 origin vertex 379787#insert 417395 #deletemin 417395 #update 27999 #swap 1199280 #nodes_visited417395 time(ms)= 5823
heap2 run# 10 origin vertex 501156#insert 417395 #deletemin 417395 #update 27758 #swap 6112168 #nodes_visited417395 time(ms)= 6942
heap64 run# 10 origin vertex 501156#insert 417395 #deletemin 417395 #update 27763 #swap 1199364 #nodes_visited417395 time(ms)= 5811
heap2 run# 11 origin vertex 158615#insert 417395 #deletemin 417395 #update 27897 #swap 6110316 #nodes_visited417395 time(ms)= 6963
heap64 run# 11 origin vertex 158615#insert 417395 #deletemin 417395 #update 27898 #swap 1198875 #nodes_visited417395 time(ms)= 5785
heap2 run# 12 origin vertex 298923#insert 417395 #deletemin 417395 #update 27719 #swap 6111616 #nodes_visited417395 time(ms)= 6948
heap64 run# 12 origin vertex 298923#insert 417395 #deletemin 417395 #update 27714 #swap 1199501 #nodes_visited417395 time(ms)= 5739
heap2 run# 13 origin vertex 92896#insert 417395 #deletemin 417395 #update 27410 #swap 6112748 #nodes_visited417395 time(ms)= 6959
heap64 run# 13 origin vertex 92896#insert 417395 #deletemin 417395 #update 27409 #swap 1199650 #nodes_visited417395 time(ms)= 5798
heap2 run# 14 origin vertex 277255#insert 417395 #deletemin 417395 #update 27934 #swap 6114269 #nodes_visited417395 time(ms)= 6899
heap64 run# 14 origin vertex 277255#insert 417395 #deletemin 417395 #update 27934 #swap 1199473 #nodes_visited417395 time(ms)= 5786
heap2 run# 15 origin vertex 446000#insert 417395 #deletemin 417395 #update 27534 #swap 6110551 #nodes_visited417395 time(ms)= 6896
heap64 run# 15 origin vertex 446000#insert 417395 #deletemin 417395 #update 27533 #swap 1198769 #nodes_visited417395 time(ms)= 5636
heap2 run# 16 origin vertex 439819#insert 417395 #deletemin 417395 #update 27796 #swap 6111506 #nodes_visited417395 time(ms)= 6932
heap64 run# 16 origin vertex 439819#insert 417395 #deletemin 417395 #update 27799 #swap 1199037 #nodes_visited417395 time(ms)= 5704
heap2 run# 17 origin vertex 305763#insert 417395 #deletemin 417395 #update 27520 #swap 6108616 #nodes_visited417395 time(ms)= 6790
heap64 run# 17 origin vertex 305763#insert 417395 #deletemin 417395 #update 27512 #swap 1198811 #nodes_visited417395 time(ms)= 5671
heap2 run# 18 origin vertex 170123#insert 417395 #deletemin 417395 #update 27474 #swap 6112088 #nodes_visited417395 time(ms)= 7066
heap64 run# 18 origin vertex 170123#insert 417395 #deletemin 417395 #update 27481 #swap 1199274 #nodes_visited417395 time(ms)= 5722
heap2 run# 19 origin vertex 485823#insert 417395 #deletemin 417395 #update 27625 #swap 6111342 #nodes_visited417395 time(ms)= 6916
heap64 run# 19 origin vertex 485823#insert 417395 #deletemin 417395 #update 27625 #swap 1198869 #nodes_visited417395 time(ms)= 5730
heap2 run# 20 origin vertex 183004#insert 417395 #deletemin 417395 #update 27767 #swap 6114217 #nodes_visited417395 time(ms)= 6959
heap64 run# 20 origin vertex 183004#insert 417395 #deletemin 417395 #update 27771 #swap 1199025 #nodes_visited417395 time(ms)= 5715
heap2 run# 21 origin vertex 312275#insert 417395 #deletemin 417395 #update 27586 #swap 6113312 #nodes_visited417395 time(ms)= 6902
heap64 run# 21 origin vertex 312275#insert 417395 #deletemin 417395 #update 27577 #swap 1198979 #nodes_visited417395 time(ms)= 5779
heap2 run# 22 origin vertex 285821#insert 417395 #deletemin 417395 #update 27675 #swap 6113880 #nodes_visited417395 time(ms)= 6873
heap64 run# 22 origin vertex 285821#insert 417395 #deletemin 417395 #update 27678 #swap 1198970 #nodes_visited417395 time(ms)= 5759
heap2 run# 23 origin vertex 520988#insert 417395 #deletemin 417395 #update 27521 #swap 6111762 #nodes_visited417395 time(ms)= 6835
heap64 run# 23 origin vertex 520988#insert 417395 #deletemin 417395 #update 27517 #swap 1198769 #nodes_visited417395 time(ms)= 5706
heap2 run# 24 origin vertex 47370#insert 1 #deletemin 1 #update 0 #swap 0 #nodes_visited1 time(ms)= 1
heap64 run# 24 origin vertex 47370#insert 1 #deletemin 1 #update 0 #swap 0 #nodes_visited1 time(ms)= 1
heap2 run# 25 origin vertex 409219#insert 417398 #deletemin 417398 #update 27586 #swap 6111587 #nodes_visited417398 time(ms)= 6897
heap64 run# 25 origin vertex 409219#insert 417398 #deletemin 417398 #update 27594 #swap 1199057 #nodes_visited417398 time(ms)= 5724
heap2 run# 26 origin vertex 107177#insert 417395 #deletemin 417395 #update 27655 #swap 6113972 #nodes_visited417395 time(ms)= 6911
heap64 run# 26 origin vertex 107177#insert 417395 #deletemin 417395 #update 27656 #swap 1199023 #nodes_visited417395 time(ms)= 5742
heap2 run# 27 origin vertex 42331#insert 1 #deletemin 1 #update 0 #swap 0 #nodes_visited1 time(ms)= 1
heap64 run# 27 origin vertex 42331#insert 1 #deletemin 1 #update 0 #swap 0 #nodes_visited1 time(ms)= 1
heap2 run# 28 origin vertex 368764#insert 417395 #deletemin 417395 #update 27483 #swap 6110773 #nodes_visited417395 time(ms)= 6862
heap64 run# 28 origin vertex 368764#insert 417395 #deletemin 417395 #update 27476 #swap 1199236 #nodes_visited417395 time(ms)= 5680
heap2 run# 29 origin vertex 158215#insert 417395 #deletemin 417395 #update 27607 #swap 6113394 #nodes_visited417395 time(ms)= 6836
heap64 run# 29 origin vertex 158215#insert 417395 #deletemin 417395 #update 27602 #swap 1199402 #nodes_visited417395 time(ms)= 5698
heap2 run# 30 origin vertex 215909#insert 417395 #deletemin 417395 #update 28001 #swap 6117075 #nodes_visited417395 time(ms)= 7008
heap64 run# 30 origin vertex 215909#insert 417395 #deletemin 417395 #update 28006 #swap 1199622 #nodes_visited417395 time(ms)= 5853
----------------------
i= 20 n= 1048576 m= 1048283
heap2 run# 1 origin vertex 969990#insert 5 #deletemin 5 #update 0 #swap 0 #nodes_visited5 time(ms)= 14
heap64 run# 1 origin vertex 969990#insert 5 #deletemin 5 #update 0 #swap 0 #nodes_visited5 time(ms)= 2
heap2 run# 2 origin vertex 224475#insert 1 #deletemin 1 #update 0 #swap 0 #nodes_visited1 time(ms)= 2
heap64 run# 2 origin vertex 224475#insert 1 #deletemin 1 #update 0 #swap 0 #nodes_visited1 time(ms)= 2
heap2 run# 3 origin vertex 996794#insert 9 #deletemin 9 #update 0 #swap 3 #nodes_visited9 time(ms)= 2
heap64 run# 3 origin vertex 996794#insert 9 #deletemin 9 #update 0 #swap 3 #nodes_visited9 time(ms)= 2
heap2 run# 4 origin vertex 1016788#insert 3 #deletemin 3 #update 0 #swap 0 #nodes_visited3 time(ms)= 2
heap64 run# 4 origin vertex 1016788#insert 3 #deletemin 3 #update 0 #swap 0 #nodes_visited3 time(ms)= 2
heap2 run# 5 origin vertex 628877#insert 5 #deletemin 5 #update 0 #swap 0 #nodes_visited5 time(ms)= 2
heap64 run# 5 origin vertex 628877#insert 5 #deletemin 5 #update 0 #swap 0 #nodes_visited5 time(ms)= 2
heap2 run# 6 origin vertex 1033125#insert 3 #deletemin 3 #update 0 #swap 0 #nodes_visited3 time(ms)= 2
heap64 run# 6 origin vertex 1033125#insert 3 #deletemin 3 #update 0 #swap 0 #nodes_visited3 time(ms)= 2
heap2 run# 7 origin vertex 252288#insert 1 #deletemin 1 #update 0 #swap 0 #nodes_visited1 time(ms)= 2
heap64 run# 7 origin vertex 252288#insert 1 #deletemin 1 #update 0 #swap 0 #nodes_visited1 time(ms)= 2
heap2 run# 8 origin vertex 751872#insert 2855 #deletemin 2855 #update 0 #swap 11945 #nodes_visited2855 time(ms)= 3
heap64 run# 8 origin vertex 751872#insert 2855 #deletemin 2855 #update 0 #swap 2786 #nodes_visited2855 time(ms)= 3
heap2 run# 9 origin vertex 241205#insert 1 #deletemin 1 #update 0 #swap 0 #nodes_visited1 time(ms)= 2
heap64 run# 9 origin vertex 241205#insert 1 #deletemin 1 #update 0 #swap 0 #nodes_visited1 time(ms)= 2
heap2 run# 10 origin vertex 281833#insert 1 #deletemin 1 #update 0 #swap 0 #nodes_visited1 time(ms)= 2
heap64 run# 10 origin vertex 281833#insert 1 #deletemin 1 #update 0 #swap 0 #nodes_visited1 time(ms)= 2
heap2 run# 11 origin vertex 1003378#insert 6 #deletemin 6 #update 0 #swap 0 #nodes_visited6 time(ms)= 2
heap64 run# 11 origin vertex 1003378#insert 6 #deletemin 6 #update 0 #swap 0 #nodes_visited6 time(ms)= 2
heap2 run# 12 origin vertex 101967#insert 1 #deletemin 1 #update 0 #swap 0 #nodes_visited1 time(ms)= 2
heap64 run# 12 origin vertex 101967#insert 1 #deletemin 1 #update 0 #swap 0 #nodes_visited1 time(ms)= 2
heap2 run# 13 origin vertex 329525#insert 1 #deletemin 1 #update 0 #swap 0 #nodes_visited1 time(ms)= 2
heap64 run# 13 origin vertex 329525#insert 1 #deletemin 1 #update 0 #swap 0 #nodes_visited1 time(ms)= 2
heap2 run# 14 origin vertex 298883#insert 1 #deletemin 1 #update 0 #swap 0 #nodes_visited1 time(ms)= 2
heap64 run# 14 origin vertex 298883#insert 1 #deletemin 1 #update 0 #swap 0 #nodes_visited1 time(ms)= 2
heap2 run# 15 origin vertex 852849#insert 2 #deletemin 2 #update 0 #swap 0 #nodes_visited2 time(ms)= 2
heap64 run# 15 origin vertex 852849#insert 2 #deletemin 2 #update 0 #swap 0 #nodes_visited2 time(ms)= 2
heap2 run# 16 origin vertex 379686#insert 1 #deletemin 1 #update 0 #swap 0 #nodes_visited1 time(ms)= 2
heap64 run# 16 origin vertex 379686#insert 1 #deletemin 1 #update 0 #swap 0 #nodes_visited1 time(ms)= 2
heap2 run# 17 origin vertex 193408#insert 1 #deletemin 1 #update 0 #swap 0 #nodes_visited1 time(ms)= 2
heap64 run# 17 origin vertex 193408#insert 1 #deletemin 1 #update 0 #swap 0 #nodes_visited1 time(ms)= 2
heap2 run# 18 origin vertex 99890#insert 1 #deletemin 1 #update 0 #swap 0 #nodes_visited1 time(ms)= 2
heap64 run# 18 origin vertex 99890#insert 1 #deletemin 1 #update 0 #swap 0 #nodes_visited1 time(ms)= 2
heap2 run# 19 origin vertex 685898#insert 3 #deletemin 3 #update 0 #swap 0 #nodes_visited3 time(ms)= 2
heap64 run# 19 origin vertex 685898#insert 3 #deletemin 3 #update 0 #swap 0 #nodes_visited3 time(ms)= 2
heap2 run# 20 origin vertex 361987#insert 1 #deletemin 1 #update 0 #swap 0 #nodes_visited1 time(ms)= 2
heap64 run# 20 origin vertex 361987#insert 1 #deletemin 1 #update 0 #swap 0 #nodes_visited1 time(ms)= 2
heap2 run# 21 origin vertex 78831#insert 1 #deletemin 1 #update 0 #swap 0 #nodes_visited1 time(ms)= 2
heap64 run# 21 origin vertex 78831#insert 1 #deletemin 1 #update 0 #swap 0 #nodes_visited1 time(ms)= 2
heap2 run# 22 origin vertex 896699#insert 3096 #deletemin 3096 #update 0 #swap 13646 #nodes_visited3096 time(ms)= 3
heap64 run# 22 origin vertex 896699#insert 3096 #deletemin 3096 #update 0 #swap 3071 #nodes_visited3096 time(ms)= 3
heap2 run# 23 origin vertex 1026055#insert 136 #deletemin 136 #update 0 #swap 269 #nodes_visited136 time(ms)= 2
heap64 run# 23 origin vertex 1026055#insert 136 #deletemin 136 #update 0 #swap 123 #nodes_visited136 time(ms)= 2
heap2 run# 24 origin vertex 289937#insert 1 #deletemin 1 #update 0 #swap 0 #nodes_visited1 time(ms)= 2
heap64 run# 24 origin vertex 289937#insert 1 #deletemin 1 #update 0 #swap 0 #nodes_visited1 time(ms)= 2
heap2 run# 25 origin vertex 823216#insert 39 #deletemin 39 #update 0 #swap 40 #nodes_visited39 time(ms)= 2
heap64 run# 25 origin vertex 823216#insert 39 #deletemin 39 #update 0 #swap 22 #nodes_visited39 time(ms)= 2
heap2 run# 26 origin vertex 602768#insert 6 #deletemin 6 #update 0 #swap 0 #nodes_visited6 time(ms)= 2
heap64 run# 26 origin vertex 602768#insert 6 #deletemin 6 #update 0 #swap 0 #nodes_visited6 time(ms)= 2
heap2 run# 27 origin vertex 64024#insert 1 #deletemin 1 #update 0 #swap 0 #nodes_visited1 time(ms)= 2
heap64 run# 27 origin vertex 64024#insert 1 #deletemin 1 #update 0 #swap 0 #nodes_visited1 time(ms)= 2
heap2 run# 28 origin vertex 244076#insert 1 #deletemin 1 #update 0 #swap 0 #nodes_visited1 time(ms)= 2
heap64 run# 28 origin vertex 244076#insert 1 #deletemin 1 #update 0 #swap 0 #nodes_visited1 time(ms)= 2
heap2 run# 29 origin vertex 814737#insert 7 #deletemin 7 #update 0 #swap 0 #nodes_visited7 time(ms)= 2
heap64 run# 29 origin vertex 814737#insert 7 #deletemin 7 #update 0 #swap 0 #nodes_visited7 time(ms)= 2
heap2 run# 30 origin vertex 752540#insert 96 #deletemin 96 #update 0 #swap 194 #nodes_visited96 time(ms)= 2
heap64 run# 30 origin vertex 752540#insert 96 #deletemin 96 #update 0 #swap 82 #nodes_visited96 time(ms)= 2
