#n = 2^16=65536
----------------------
time to generate graph(ms)= 32273i = 0 m =  2
 run# 1 origin vertex 56453#insert 1 #deletemin 1 #update 0 #swap 0 #nodes_visited1 time(ms)= 0
 run# 2 origin vertex 41186#insert 1 #deletemin 1 #update 0 #swap 0 #nodes_visited1 time(ms)= 0
 run# 3 origin vertex 41350#insert 1 #deletemin 1 #update 0 #swap 0 #nodes_visited1 time(ms)= 0
 run# 4 origin vertex 21196#insert 1 #deletemin 1 #update 0 #swap 0 #nodes_visited1 time(ms)= 0
 run# 5 origin vertex 32320#insert 1 #deletemin 1 #update 0 #swap 0 #nodes_visited1 time(ms)= 0
 run# 6 origin vertex 32217#insert 1 #deletemin 1 #update 0 #swap 0 #nodes_visited1 time(ms)= 0
 run# 7 origin vertex 18825#insert 1 #deletemin 1 #update 0 #swap 0 #nodes_visited1 time(ms)= 0
 run# 8 origin vertex 58476#insert 1 #deletemin 1 #update 0 #swap 0 #nodes_visited1 time(ms)= 0
 run# 9 origin vertex 8081#insert 1 #deletemin 1 #update 0 #swap 0 #nodes_visited1 time(ms)= 0
 run# 10 origin vertex 26579#insert 1 #deletemin 1 #update 0 #swap 0 #nodes_visited1 time(ms)= 0
 run# 11 origin vertex 10410#insert 1 #deletemin 1 #update 0 #swap 0 #nodes_visited1 time(ms)= 0
 run# 12 origin vertex 62751#insert 1 #deletemin 1 #update 0 #swap 0 #nodes_visited1 time(ms)= 0
 run# 13 origin vertex 52284#insert 1 #deletemin 1 #update 0 #swap 0 #nodes_visited1 time(ms)= 0
 run# 14 origin vertex 28509#insert 1 #deletemin 1 #update 0 #swap 0 #nodes_visited1 time(ms)= 0
 run# 15 origin vertex 34528#insert 1 #deletemin 1 #update 0 #swap 0 #nodes_visited1 time(ms)= 0
 run# 16 origin vertex 6986#insert 1 #deletemin 1 #update 0 #swap 0 #nodes_visited1 time(ms)= 0
 run# 17 origin vertex 29654#insert 1 #deletemin 1 #update 0 #swap 0 #nodes_visited1 time(ms)= 0
 run# 18 origin vertex 33142#insert 1 #deletemin 1 #update 0 #swap 0 #nodes_visited1 time(ms)= 0
 run# 19 origin vertex 49341#insert 1 #deletemin 1 #update 0 #swap 0 #nodes_visited1 time(ms)= 0
 run# 20 origin vertex 41696#insert 1 #deletemin 1 #update 0 #swap 0 #nodes_visited1 time(ms)= 0
 run# 21 origin vertex 24558#insert 1 #deletemin 1 #update 0 #swap 0 #nodes_visited1 time(ms)= 0
 run# 22 origin vertex 26300#insert 1 #deletemin 1 #update 0 #swap 0 #nodes_visited1 time(ms)= 0
 run# 23 origin vertex 1717#insert 1 #deletemin 1 #update 0 #swap 0 #nodes_visited1 time(ms)= 0
 run# 24 origin vertex 64386#insert 1 #deletemin 1 #update 0 #swap 0 #nodes_visited1 time(ms)= 0
 run# 25 origin vertex 28164#insert 1 #deletemin 1 #update 0 #swap 0 #nodes_visited1 time(ms)= 0
 run# 26 origin vertex 14131#insert 1 #deletemin 1 #update 0 #swap 0 #nodes_visited1 time(ms)= 0
 run# 27 origin vertex 47210#insert 1 #deletemin 1 #update 0 #swap 0 #nodes_visited1 time(ms)= 0
 run# 28 origin vertex 19812#insert 1 #deletemin 1 #update 0 #swap 0 #nodes_visited1 time(ms)= 0
 run# 29 origin vertex 13443#insert 1 #deletemin 1 #update 0 #swap 0 #nodes_visited1 time(ms)= 0
 run# 30 origin vertex 24039#insert 1 #deletemin 1 #update 0 #swap 0 #nodes_visited1 time(ms)= 0
----------------------
time to generate graph(ms)= 32241i = 1 m =  2
 run# 1 origin vertex 46045#insert 1 #deletemin 1 #update 0 #swap 0 #nodes_visited1 time(ms)= 0
 run# 2 origin vertex 44507#insert 1 #deletemin 1 #update 0 #swap 0 #nodes_visited1 time(ms)= 0
 run# 3 origin vertex 38742#insert 1 #deletemin 1 #update 0 #swap 0 #nodes_visited1 time(ms)= 0
 run# 4 origin vertex 64539#insert 1 #deletemin 1 #update 0 #swap 0 #nodes_visited1 time(ms)= 0
 run# 5 origin vertex 4749#insert 1 #deletemin 1 #update 0 #swap 0 #nodes_visited1 time(ms)= 0
 run# 6 origin vertex 1633#insert 1 #deletemin 1 #update 0 #swap 0 #nodes_visited1 time(ms)= 0
 run# 7 origin vertex 63807#insert 1 #deletemin 1 #update 0 #swap 0 #nodes_visited1 time(ms)= 0
 run# 8 origin vertex 32589#insert 1 #deletemin 1 #update 0 #swap 0 #nodes_visited1 time(ms)= 0
 run# 9 origin vertex 37731#insert 1 #deletemin 1 #update 0 #swap 0 #nodes_visited1 time(ms)= 0
 run# 10 origin vertex 2997#insert 1 #deletemin 1 #update 0 #swap 0 #nodes_visited1 time(ms)= 0
 run# 11 origin vertex 19491#insert 1 #deletemin 1 #update 0 #swap 0 #nodes_visited1 time(ms)= 0
 run# 12 origin vertex 35581#insert 1 #deletemin 1 #update 0 #swap 0 #nodes_visited1 time(ms)= 0
 run# 13 origin vertex 39746#insert 1 #deletemin 1 #update 0 #swap 0 #nodes_visited1 time(ms)= 0
 run# 14 origin vertex 60120#insert 1 #deletemin 1 #update 0 #swap 0 #nodes_visited1 time(ms)= 0
 run# 15 origin vertex 60847#insert 1 #deletemin 1 #update 0 #swap 0 #nodes_visited1 time(ms)= 0
 run# 16 origin vertex 7803#insert 1 #deletemin 1 #update 0 #swap 0 #nodes_visited1 time(ms)= 0
 run# 17 origin vertex 10208#insert 1 #deletemin 1 #update 0 #swap 0 #nodes_visited1 time(ms)= 0
 run# 18 origin vertex 60288#insert 1 #deletemin 1 #update 0 #swap 0 #nodes_visited1 time(ms)= 0
 run# 19 origin vertex 38376#insert 1 #deletemin 1 #update 0 #swap 0 #nodes_visited1 time(ms)= 0
 run# 20 origin vertex 52430#insert 1 #deletemin 1 #update 0 #swap 0 #nodes_visited1 time(ms)= 0
 run# 21 origin vertex 47628#insert 1 #deletemin 1 #update 0 #swap 0 #nodes_visited1 time(ms)= 0
 run# 22 origin vertex 46425#insert 1 #deletemin 1 #update 0 #swap 0 #nodes_visited1 time(ms)= 0
 run# 23 origin vertex 7025#insert 1 #deletemin 1 #update 0 #swap 0 #nodes_visited1 time(ms)= 0
 run# 24 origin vertex 5676#insert 1 #deletemin 1 #update 0 #swap 0 #nodes_visited1 time(ms)= 0
 run# 25 origin vertex 1476#insert 1 #deletemin 1 #update 0 #swap 0 #nodes_visited1 time(ms)= 0
 run# 26 origin vertex 1678#insert 1 #deletemin 1 #update 0 #swap 0 #nodes_visited1 time(ms)= 0
 run# 27 origin vertex 54194#insert 1 #deletemin 1 #update 0 #swap 0 #nodes_visited1 time(ms)= 0
 run# 28 origin vertex 63098#insert 1 #deletemin 1 #update 0 #swap 0 #nodes_visited1 time(ms)= 0
 run# 29 origin vertex 40277#insert 1 #deletemin 1 #update 0 #swap 0 #nodes_visited1 time(ms)= 0
 run# 30 origin vertex 35009#insert 1 #deletemin 1 #update 0 #swap 0 #nodes_visited1 time(ms)= 0
----------------------
time to generate graph(ms)= 32311i = 2 m =  3
 run# 1 origin vertex 57497#insert 1 #deletemin 1 #update 0 #swap 0 #nodes_visited1 time(ms)= 0
 run# 2 origin vertex 29679#insert 1 #deletemin 1 #update 0 #swap 0 #nodes_visited1 time(ms)= 0
 run# 3 origin vertex 53042#insert 1 #deletemin 1 #update 0 #swap 0 #nodes_visited1 time(ms)= 0
 run# 4 origin vertex 16894#insert 1 #deletemin 1 #update 0 #swap 0 #nodes_visited1 time(ms)= 0
 run# 5 origin vertex 45842#insert 1 #deletemin 1 #update 0 #swap 0 #nodes_visited1 time(ms)= 0
 run# 6 origin vertex 19785#insert 1 #deletemin 1 #update 0 #swap 0 #nodes_visited1 time(ms)= 0
 run# 7 origin vertex 22525#insert 1 #deletemin 1 #update 0 #swap 0 #nodes_visited1 time(ms)= 0
 run# 8 origin vertex 39805#insert 1 #deletemin 1 #update 0 #swap 0 #nodes_visited1 time(ms)= 0
 run# 9 origin vertex 18785#insert 1 #deletemin 1 #update 0 #swap 0 #nodes_visited1 time(ms)= 0
 run# 10 origin vertex 16077#insert 1 #deletemin 1 #update 0 #swap 0 #nodes_visited1 time(ms)= 0
 run# 11 origin vertex 52281#insert 1 #deletemin 1 #update 0 #swap 0 #nodes_visited1 time(ms)= 0
 run# 12 origin vertex 22566#insert 1 #deletemin 1 #update 0 #swap 0 #nodes_visited1 time(ms)= 0
 run# 13 origin vertex 59942#insert 1 #deletemin 1 #update 0 #swap 0 #nodes_visited1 time(ms)= 0
 run# 14 origin vertex 7443#insert 1 #deletemin 1 #update 0 #swap 0 #nodes_visited1 time(ms)= 0
 run# 15 origin vertex 8698#insert 1 #deletemin 1 #update 0 #swap 0 #nodes_visited1 time(ms)= 0
 run# 16 origin vertex 9237#insert 1 #deletemin 1 #update 0 #swap 0 #nodes_visited1 time(ms)= 0
 run# 17 origin vertex 43826#insert 1 #deletemin 1 #update 0 #swap 0 #nodes_visited1 time(ms)= 0
 run# 18 origin vertex 42103#insert 1 #deletemin 1 #update 0 #swap 0 #nodes_visited1 time(ms)= 0
 run# 19 origin vertex 5412#insert 1 #deletemin 1 #update 0 #swap 0 #nodes_visited1 time(ms)= 0
 run# 20 origin vertex 6052#insert 1 #deletemin 1 #update 0 #swap 0 #nodes_visited1 time(ms)= 0
 run# 21 origin vertex 22342#insert 1 #deletemin 1 #update 0 #swap 0 #nodes_visited1 time(ms)= 0
 run# 22 origin vertex 1078#insert 1 #deletemin 1 #update 0 #swap 0 #nodes_visited1 time(ms)= 0
 run# 23 origin vertex 10580#insert 1 #deletemin 1 #update 0 #swap 0 #nodes_visited1 time(ms)= 0
 run# 24 origin vertex 33217#insert 1 #deletemin 1 #update 0 #swap 0 #nodes_visited1 time(ms)= 0
 run# 25 origin vertex 64530#insert 1 #deletemin 1 #update 0 #swap 0 #nodes_visited1 time(ms)= 0
 run# 26 origin vertex 9565#insert 1 #deletemin 1 #update 0 #swap 0 #nodes_visited1 time(ms)= 0
 run# 27 origin vertex 18029#insert 1 #deletemin 1 #update 0 #swap 0 #nodes_visited1 time(ms)= 0
 run# 28 origin vertex 4064#insert 1 #deletemin 1 #update 0 #swap 0 #nodes_visited1 time(ms)= 0
 run# 29 origin vertex 6935#insert 1 #deletemin 1 #update 0 #swap 0 #nodes_visited1 time(ms)= 0
 run# 30 origin vertex 21260#insert 1 #deletemin 1 #update 0 #swap 0 #nodes_visited1 time(ms)= 0
----------------------
time to generate graph(ms)= 32235i = 3 m =  15
 run# 1 origin vertex 50783#insert 1 #deletemin 1 #update 0 #swap 0 #nodes_visited1 time(ms)= 0
 run# 2 origin vertex 10885#insert 1 #deletemin 1 #update 0 #swap 0 #nodes_visited1 time(ms)= 0
 run# 3 origin vertex 39807#insert 1 #deletemin 1 #update 0 #swap 0 #nodes_visited1 time(ms)= 0
 run# 4 origin vertex 17919#insert 1 #deletemin 1 #update 0 #swap 0 #nodes_visited1 time(ms)= 0
 run# 5 origin vertex 40505#insert 1 #deletemin 1 #update 0 #swap 0 #nodes_visited1 time(ms)= 0
 run# 6 origin vertex 44247#insert 1 #deletemin 1 #update 0 #swap 0 #nodes_visited1 time(ms)= 0
 run# 7 origin vertex 20318#insert 1 #deletemin 1 #update 0 #swap 0 #nodes_visited1 time(ms)= 0
 run# 8 origin vertex 29964#insert 1 #deletemin 1 #update 0 #swap 0 #nodes_visited1 time(ms)= 0
 run# 9 origin vertex 53932#insert 1 #deletemin 1 #update 0 #swap 0 #nodes_visited1 time(ms)= 0
 run# 10 origin vertex 61112#insert 1 #deletemin 1 #update 0 #swap 0 #nodes_visited1 time(ms)= 0
 run# 11 origin vertex 9182#insert 1 #deletemin 1 #update 0 #swap 0 #nodes_visited1 time(ms)= 0
 run# 12 origin vertex 44181#insert 1 #deletemin 1 #update 0 #swap 0 #nodes_visited1 time(ms)= 0
 run# 13 origin vertex 37869#insert 1 #deletemin 1 #update 0 #swap 0 #nodes_visited1 time(ms)= 0
 run# 14 origin vertex 51660#insert 1 #deletemin 1 #update 0 #swap 0 #nodes_visited1 time(ms)= 0
 run# 15 origin vertex 41451#insert 1 #deletemin 1 #update 0 #swap 0 #nodes_visited1 time(ms)= 0
 run# 16 origin vertex 2302#insert 1 #deletemin 1 #update 0 #swap 0 #nodes_visited1 time(ms)= 0
 run# 17 origin vertex 47612#insert 1 #deletemin 1 #update 0 #swap 0 #nodes_visited1 time(ms)= 0
 run# 18 origin vertex 40371#insert 1 #deletemin 1 #update 0 #swap 0 #nodes_visited1 time(ms)= 0
 run# 19 origin vertex 13057#insert 1 #deletemin 1 #update 0 #swap 0 #nodes_visited1 time(ms)= 0
 run# 20 origin vertex 17937#insert 1 #deletemin 1 #update 0 #swap 0 #nodes_visited1 time(ms)= 0
 run# 21 origin vertex 27278#insert 1 #deletemin 1 #update 0 #swap 0 #nodes_visited1 time(ms)= 0
 run# 22 origin vertex 33683#insert 1 #deletemin 1 #update 0 #swap 0 #nodes_visited1 time(ms)= 0
 run# 23 origin vertex 62187#insert 1 #deletemin 1 #update 0 #swap 0 #nodes_visited1 time(ms)= 0
 run# 24 origin vertex 2038#insert 1 #deletemin 1 #update 0 #swap 0 #nodes_visited1 time(ms)= 0
 run# 25 origin vertex 18513#insert 1 #deletemin 1 #update 0 #swap 0 #nodes_visited1 time(ms)= 0
 run# 26 origin vertex 7320#insert 1 #deletemin 1 #update 0 #swap 0 #nodes_visited1 time(ms)= 0
 run# 27 origin vertex 10525#insert 1 #deletemin 1 #update 0 #swap 0 #nodes_visited1 time(ms)= 0
 run# 28 origin vertex 41595#insert 1 #deletemin 1 #update 0 #swap 0 #nodes_visited1 time(ms)= 0
 run# 29 origin vertex 54691#insert 1 #deletemin 1 #update 0 #swap 0 #nodes_visited1 time(ms)= 0
 run# 30 origin vertex 52189#insert 1 #deletemin 1 #update 0 #swap 0 #nodes_visited1 time(ms)= 0
----------------------
time to generate graph(ms)= 32452i = 4 m =  23
 run# 1 origin vertex 56376#insert 1 #deletemin 1 #update 0 #swap 0 #nodes_visited1 time(ms)= 0
 run# 2 origin vertex 54333#insert 1 #deletemin 1 #update 0 #swap 0 #nodes_visited1 time(ms)= 0
 run# 3 origin vertex 62811#insert 1 #deletemin 1 #update 0 #swap 0 #nodes_visited1 time(ms)= 0
 run# 4 origin vertex 44201#insert 1 #deletemin 1 #update 0 #swap 0 #nodes_visited1 time(ms)= 0
 run# 5 origin vertex 33857#insert 1 #deletemin 1 #update 0 #swap 0 #nodes_visited1 time(ms)= 0
 run# 6 origin vertex 9421#insert 1 #deletemin 1 #update 0 #swap 0 #nodes_visited1 time(ms)= 0
 run# 7 origin vertex 63379#insert 1 #deletemin 1 #update 0 #swap 0 #nodes_visited1 time(ms)= 0
 run# 8 origin vertex 2540#insert 1 #deletemin 1 #update 0 #swap 0 #nodes_visited1 time(ms)= 0
 run# 9 origin vertex 64575#insert 1 #deletemin 1 #update 0 #swap 0 #nodes_visited1 time(ms)= 0
 run# 10 origin vertex 60925#insert 1 #deletemin 1 #update 0 #swap 0 #nodes_visited1 time(ms)= 0
 run# 11 origin vertex 1451#insert 1 #deletemin 1 #update 0 #swap 0 #nodes_visited1 time(ms)= 0
 run# 12 origin vertex 1482#insert 1 #deletemin 1 #update 0 #swap 0 #nodes_visited1 time(ms)= 0
 run# 13 origin vertex 44740#insert 1 #deletemin 1 #update 0 #swap 0 #nodes_visited1 time(ms)= 0
 run# 14 origin vertex 12370#insert 1 #deletemin 1 #update 0 #swap 0 #nodes_visited1 time(ms)= 0
 run# 15 origin vertex 192#insert 1 #deletemin 1 #update 0 #swap 0 #nodes_visited1 time(ms)= 0
 run# 16 origin vertex 11710#insert 1 #deletemin 1 #update 0 #swap 0 #nodes_visited1 time(ms)= 0
 run# 17 origin vertex 26278#insert 1 #deletemin 1 #update 0 #swap 0 #nodes_visited1 time(ms)= 0
 run# 18 origin vertex 3278#insert 1 #deletemin 1 #update 0 #swap 0 #nodes_visited1 time(ms)= 0
 run# 19 origin vertex 9121#insert 1 #deletemin 1 #update 0 #swap 0 #nodes_visited1 time(ms)= 0
 run# 20 origin vertex 1328#insert 1 #deletemin 1 #update 0 #swap 0 #nodes_visited1 time(ms)= 0
 run# 21 origin vertex 12586#insert 1 #deletemin 1 #update 0 #swap 0 #nodes_visited1 time(ms)= 0
 run# 22 origin vertex 9152#insert 1 #deletemin 1 #update 0 #swap 0 #nodes_visited1 time(ms)= 0
 run# 23 origin vertex 46684#insert 1 #deletemin 1 #update 0 #swap 0 #nodes_visited1 time(ms)= 0
 run# 24 origin vertex 42261#insert 1 #deletemin 1 #update 0 #swap 0 #nodes_visited1 time(ms)= 0
 run# 25 origin vertex 33782#insert 1 #deletemin 1 #update 0 #swap 0 #nodes_visited1 time(ms)= 0
 run# 26 origin vertex 26981#insert 1 #deletemin 1 #update 0 #swap 0 #nodes_visited1 time(ms)= 0
 run# 27 origin vertex 46443#insert 1 #deletemin 1 #update 0 #swap 0 #nodes_visited1 time(ms)= 0
 run# 28 origin vertex 61708#insert 1 #deletemin 1 #update 0 #swap 0 #nodes_visited1 time(ms)= 0
 run# 29 origin vertex 52453#insert 1 #deletemin 1 #update 0 #swap 0 #nodes_visited1 time(ms)= 0
 run# 30 origin vertex 13811#insert 1 #deletemin 1 #update 0 #swap 0 #nodes_visited1 time(ms)= 0
----------------------
time to generate graph(ms)= 32661i = 5 m =  35
 run# 1 origin vertex 25727#insert 1 #deletemin 1 #update 0 #swap 0 #nodes_visited1 time(ms)= 0
 run# 2 origin vertex 26938#insert 1 #deletemin 1 #update 0 #swap 0 #nodes_visited1 time(ms)= 0
 run# 3 origin vertex 58446#insert 1 #deletemin 1 #update 0 #swap 0 #nodes_visited1 time(ms)= 0
 run# 4 origin vertex 8482#insert 1 #deletemin 1 #update 0 #swap 0 #nodes_visited1 time(ms)= 0
 run# 5 origin vertex 35738#insert 1 #deletemin 1 #update 0 #swap 0 #nodes_visited1 time(ms)= 0
 run# 6 origin vertex 38986#insert 1 #deletemin 1 #update 0 #swap 0 #nodes_visited1 time(ms)= 0
 run# 7 origin vertex 21253#insert 1 #deletemin 1 #update 0 #swap 0 #nodes_visited1 time(ms)= 0
 run# 8 origin vertex 62874#insert 1 #deletemin 1 #update 0 #swap 0 #nodes_visited1 time(ms)= 0
 run# 9 origin vertex 2679#insert 1 #deletemin 1 #update 0 #swap 0 #nodes_visited1 time(ms)= 0
 run# 10 origin vertex 43341#insert 1 #deletemin 1 #update 0 #swap 0 #nodes_visited1 time(ms)= 0
 run# 11 origin vertex 36138#insert 1 #deletemin 1 #update 0 #swap 0 #nodes_visited1 time(ms)= 0
 run# 12 origin vertex 44567#insert 1 #deletemin 1 #update 0 #swap 0 #nodes_visited1 time(ms)= 0
 run# 13 origin vertex 23379#insert 1 #deletemin 1 #update 0 #swap 0 #nodes_visited1 time(ms)= 0
 run# 14 origin vertex 58967#insert 1 #deletemin 1 #update 0 #swap 0 #nodes_visited1 time(ms)= 0
 run# 15 origin vertex 55834#insert 1 #deletemin 1 #update 0 #swap 0 #nodes_visited1 time(ms)= 0
 run# 16 origin vertex 1618#insert 1 #deletemin 1 #update 0 #swap 0 #nodes_visited1 time(ms)= 0
 run# 17 origin vertex 54205#insert 1 #deletemin 1 #update 0 #swap 0 #nodes_visited1 time(ms)= 0
 run# 18 origin vertex 28925#insert 1 #deletemin 1 #update 0 #swap 0 #nodes_visited1 time(ms)= 0
 run# 19 origin vertex 54307#insert 1 #deletemin 1 #update 0 #swap 0 #nodes_visited1 time(ms)= 0
 run# 20 origin vertex 22279#insert 1 #deletemin 1 #update 0 #swap 0 #nodes_visited1 time(ms)= 0
 run# 21 origin vertex 41697#insert 1 #deletemin 1 #update 0 #swap 0 #nodes_visited1 time(ms)= 0
 run# 22 origin vertex 16314#insert 1 #deletemin 1 #update 0 #swap 0 #nodes_visited1 time(ms)= 0
 run# 23 origin vertex 2999#insert 1 #deletemin 1 #update 0 #swap 0 #nodes_visited1 time(ms)= 0
 run# 24 origin vertex 15191#insert 1 #deletemin 1 #update 0 #swap 0 #nodes_visited1 time(ms)= 0
 run# 25 origin vertex 41763#insert 1 #deletemin 1 #update 0 #swap 0 #nodes_visited1 time(ms)= 0
 run# 26 origin vertex 29880#insert 1 #deletemin 1 #update 0 #swap 0 #nodes_visited1 time(ms)= 0
 run# 27 origin vertex 610#insert 1 #deletemin 1 #update 0 #swap 0 #nodes_visited1 time(ms)= 0
 run# 28 origin vertex 31302#insert 1 #deletemin 1 #update 0 #swap 0 #nodes_visited1 time(ms)= 0
 run# 29 origin vertex 5706#insert 1 #deletemin 1 #update 0 #swap 0 #nodes_visited1 time(ms)= 0
 run# 30 origin vertex 8092#insert 1 #deletemin 1 #update 0 #swap 0 #nodes_visited1 time(ms)= 0
----------------------
time to generate graph(ms)= 32511i = 6 m =  69
 run# 1 origin vertex 24630#insert 1 #deletemin 1 #update 0 #swap 0 #nodes_visited1 time(ms)= 0
 run# 2 origin vertex 8564#insert 1 #deletemin 1 #update 0 #swap 0 #nodes_visited1 time(ms)= 0
 run# 3 origin vertex 59046#insert 1 #deletemin 1 #update 0 #swap 0 #nodes_visited1 time(ms)= 0
 run# 4 origin vertex 27054#insert 1 #deletemin 1 #update 0 #swap 0 #nodes_visited1 time(ms)= 0
 run# 5 origin vertex 3950#insert 1 #deletemin 1 #update 0 #swap 0 #nodes_visited1 time(ms)= 0
 run# 6 origin vertex 48038#insert 1 #deletemin 1 #update 0 #swap 0 #nodes_visited1 time(ms)= 0
 run# 7 origin vertex 12707#insert 1 #deletemin 1 #update 0 #swap 0 #nodes_visited1 time(ms)= 0
 run# 8 origin vertex 23238#insert 1 #deletemin 1 #update 0 #swap 0 #nodes_visited1 time(ms)= 0
 run# 9 origin vertex 7074#insert 1 #deletemin 1 #update 0 #swap 0 #nodes_visited1 time(ms)= 0
 run# 10 origin vertex 32437#insert 1 #deletemin 1 #update 0 #swap 0 #nodes_visited1 time(ms)= 0
 run# 11 origin vertex 30572#insert 1 #deletemin 1 #update 0 #swap 0 #nodes_visited1 time(ms)= 0
 run# 12 origin vertex 31943#insert 1 #deletemin 1 #update 0 #swap 0 #nodes_visited1 time(ms)= 0
 run# 13 origin vertex 35544#insert 1 #deletemin 1 #update 0 #swap 0 #nodes_visited1 time(ms)= 0
 run# 14 origin vertex 44315#insert 1 #deletemin 1 #update 0 #swap 0 #nodes_visited1 time(ms)= 0
 run# 15 origin vertex 47521#insert 1 #deletemin 1 #update 0 #swap 0 #nodes_visited1 time(ms)= 0
 run# 16 origin vertex 57071#insert 1 #deletemin 1 #update 0 #swap 0 #nodes_visited1 time(ms)= 0
 run# 17 origin vertex 30091#insert 1 #deletemin 1 #update 0 #swap 0 #nodes_visited1 time(ms)= 0
 run# 18 origin vertex 33500#insert 1 #deletemin 1 #update 0 #swap 0 #nodes_visited1 time(ms)= 0
 run# 19 origin vertex 36507#insert 1 #deletemin 1 #update 0 #swap 0 #nodes_visited1 time(ms)= 0
 run# 20 origin vertex 3102#insert 1 #deletemin 1 #update 0 #swap 0 #nodes_visited1 time(ms)= 0
 run# 21 origin vertex 29755#insert 1 #deletemin 1 #update 0 #swap 0 #nodes_visited1 time(ms)= 0
 run# 22 origin vertex 40124#insert 1 #deletemin 1 #update 0 #swap 0 #nodes_visited1 time(ms)= 0
 run# 23 origin vertex 956#insert 1 #deletemin 1 #update 0 #swap 0 #nodes_visited1 time(ms)= 0
 run# 24 origin vertex 14960#insert 1 #deletemin 1 #update 0 #swap 0 #nodes_visited1 time(ms)= 0
 run# 25 origin vertex 6287#insert 1 #deletemin 1 #update 0 #swap 0 #nodes_visited1 time(ms)= 0
 run# 26 origin vertex 47590#insert 1 #deletemin 1 #update 0 #swap 0 #nodes_visited1 time(ms)= 0
 run# 27 origin vertex 29665#insert 1 #deletemin 1 #update 0 #swap 0 #nodes_visited1 time(ms)= 0
 run# 28 origin vertex 41276#insert 1 #deletemin 1 #update 0 #swap 0 #nodes_visited1 time(ms)= 0
 run# 29 origin vertex 22787#insert 1 #deletemin 1 #update 0 #swap 0 #nodes_visited1 time(ms)= 0
 run# 30 origin vertex 7298#insert 1 #deletemin 1 #update 0 #swap 0 #nodes_visited1 time(ms)= 0
----------------------
time to generate graph(ms)= 32179i = 7 m =  135
 run# 1 origin vertex 49614#insert 1 #deletemin 1 #update 0 #swap 0 #nodes_visited1 time(ms)= 0
 run# 2 origin vertex 55478#insert 1 #deletemin 1 #update 0 #swap 0 #nodes_visited1 time(ms)= 0
 run# 3 origin vertex 13007#insert 1 #deletemin 1 #update 0 #swap 0 #nodes_visited1 time(ms)= 0
 run# 4 origin vertex 6308#insert 1 #deletemin 1 #update 0 #swap 0 #nodes_visited1 time(ms)= 0
 run# 5 origin vertex 30783#insert 1 #deletemin 1 #update 0 #swap 0 #nodes_visited1 time(ms)= 0
 run# 6 origin vertex 37379#insert 1 #deletemin 1 #update 0 #swap 0 #nodes_visited1 time(ms)= 0
 run# 7 origin vertex 63122#insert 1 #deletemin 1 #update 0 #swap 0 #nodes_visited1 time(ms)= 0
 run# 8 origin vertex 18890#insert 1 #deletemin 1 #update 0 #swap 0 #nodes_visited1 time(ms)= 0
 run# 9 origin vertex 56813#insert 1 #deletemin 1 #update 0 #swap 0 #nodes_visited1 time(ms)= 0
 run# 10 origin vertex 35990#insert 1 #deletemin 1 #update 0 #swap 0 #nodes_visited1 time(ms)= 0
 run# 11 origin vertex 20276#insert 1 #deletemin 1 #update 0 #swap 0 #nodes_visited1 time(ms)= 0
 run# 12 origin vertex 1952#insert 1 #deletemin 1 #update 0 #swap 0 #nodes_visited1 time(ms)= 0
 run# 13 origin vertex 60622#insert 1 #deletemin 1 #update 0 #swap 0 #nodes_visited1 time(ms)= 0
 run# 14 origin vertex 49407#insert 1 #deletemin 1 #update 0 #swap 0 #nodes_visited1 time(ms)= 0
 run# 15 origin vertex 610#insert 1 #deletemin 1 #update 0 #swap 0 #nodes_visited1 time(ms)= 0
 run# 16 origin vertex 55362#insert 1 #deletemin 1 #update 0 #swap 0 #nodes_visited1 time(ms)= 0
 run# 17 origin vertex 58669#insert 1 #deletemin 1 #update 0 #swap 0 #nodes_visited1 time(ms)= 0
 run# 18 origin vertex 44285#insert 1 #deletemin 1 #update 0 #swap 0 #nodes_visited1 time(ms)= 0
 run# 19 origin vertex 11539#insert 1 #deletemin 1 #update 0 #swap 0 #nodes_visited1 time(ms)= 0
 run# 20 origin vertex 9414#insert 1 #deletemin 1 #update 0 #swap 0 #nodes_visited1 time(ms)= 0
 run# 21 origin vertex 6828#insert 1 #deletemin 1 #update 0 #swap 0 #nodes_visited1 time(ms)= 0
 run# 22 origin vertex 62783#insert 1 #deletemin 1 #update 0 #swap 0 #nodes_visited1 time(ms)= 0
 run# 23 origin vertex 11497#insert 1 #deletemin 1 #update 0 #swap 0 #nodes_visited1 time(ms)= 0
 run# 24 origin vertex 46363#insert 1 #deletemin 1 #update 0 #swap 0 #nodes_visited1 time(ms)= 0
 run# 25 origin vertex 9513#insert 1 #deletemin 1 #update 0 #swap 0 #nodes_visited1 time(ms)= 0
 run# 26 origin vertex 41942#insert 1 #deletemin 1 #update 0 #swap 0 #nodes_visited1 time(ms)= 0
 run# 27 origin vertex 36013#insert 1 #deletemin 1 #update 0 #swap 0 #nodes_visited1 time(ms)= 0
 run# 28 origin vertex 51325#insert 1 #deletemin 1 #update 0 #swap 0 #nodes_visited1 time(ms)= 0
 run# 29 origin vertex 45708#insert 1 #deletemin 1 #update 0 #swap 0 #nodes_visited1 time(ms)= 0
 run# 30 origin vertex 42675#insert 1 #deletemin 1 #update 0 #swap 0 #nodes_visited1 time(ms)= 0
----------------------
time to generate graph(ms)= 32307i = 8 m =  242
 run# 1 origin vertex 41564#insert 1 #deletemin 1 #update 0 #swap 0 #nodes_visited1 time(ms)= 0
 run# 2 origin vertex 13068#insert 1 #deletemin 1 #update 0 #swap 0 #nodes_visited1 time(ms)= 0
 run# 3 origin vertex 40388#insert 1 #deletemin 1 #update 0 #swap 0 #nodes_visited1 time(ms)= 0
 run# 4 origin vertex 37700#insert 1 #deletemin 1 #update 0 #swap 0 #nodes_visited1 time(ms)= 0
 run# 5 origin vertex 42682#insert 1 #deletemin 1 #update 0 #swap 0 #nodes_visited1 time(ms)= 0
 run# 6 origin vertex 60383#insert 1 #deletemin 1 #update 0 #swap 0 #nodes_visited1 time(ms)= 0
 run# 7 origin vertex 7437#insert 1 #deletemin 1 #update 0 #swap 0 #nodes_visited1 time(ms)= 0
 run# 8 origin vertex 17333#insert 1 #deletemin 1 #update 0 #swap 0 #nodes_visited1 time(ms)= 0
 run# 9 origin vertex 51550#insert 1 #deletemin 1 #update 0 #swap 0 #nodes_visited1 time(ms)= 0
 run# 10 origin vertex 1789#insert 1 #deletemin 1 #update 0 #swap 0 #nodes_visited1 time(ms)= 0
 run# 11 origin vertex 22577#insert 1 #deletemin 1 #update 0 #swap 0 #nodes_visited1 time(ms)= 0
 run# 12 origin vertex 57084#insert 1 #deletemin 1 #update 0 #swap 0 #nodes_visited1 time(ms)= 0
 run# 13 origin vertex 52474#insert 1 #deletemin 1 #update 0 #swap 0 #nodes_visited1 time(ms)= 0
 run# 14 origin vertex 31504#insert 1 #deletemin 1 #update 0 #swap 0 #nodes_visited1 time(ms)= 0
 run# 15 origin vertex 20235#insert 1 #deletemin 1 #update 0 #swap 0 #nodes_visited1 time(ms)= 0
 run# 16 origin vertex 26639#insert 1 #deletemin 1 #update 0 #swap 0 #nodes_visited1 time(ms)= 0
 run# 17 origin vertex 10992#insert 1 #deletemin 1 #update 0 #swap 0 #nodes_visited1 time(ms)= 0
 run# 18 origin vertex 26399#insert 1 #deletemin 1 #update 0 #swap 0 #nodes_visited1 time(ms)= 0
 run# 19 origin vertex 52781#insert 1 #deletemin 1 #update 0 #swap 0 #nodes_visited1 time(ms)= 0
 run# 20 origin vertex 31767#insert 1 #deletemin 1 #update 0 #swap 0 #nodes_visited1 time(ms)= 0
 run# 21 origin vertex 14808#insert 1 #deletemin 1 #update 0 #swap 0 #nodes_visited1 time(ms)= 0
 run# 22 origin vertex 40236#insert 1 #deletemin 1 #update 0 #swap 0 #nodes_visited1 time(ms)= 0
 run# 23 origin vertex 23663#insert 1 #deletemin 1 #update 0 #swap 0 #nodes_visited1 time(ms)= 0
 run# 24 origin vertex 38479#insert 1 #deletemin 1 #update 0 #swap 0 #nodes_visited1 time(ms)= 0
 run# 25 origin vertex 25661#insert 1 #deletemin 1 #update 0 #swap 0 #nodes_visited1 time(ms)= 0
 run# 26 origin vertex 25691#insert 1 #deletemin 1 #update 0 #swap 0 #nodes_visited1 time(ms)= 0
 run# 27 origin vertex 54411#insert 1 #deletemin 1 #update 0 #swap 0 #nodes_visited1 time(ms)= 0
 run# 28 origin vertex 3328#insert 1 #deletemin 1 #update 0 #swap 0 #nodes_visited1 time(ms)= 0
 run# 29 origin vertex 15675#insert 1 #deletemin 1 #update 0 #swap 0 #nodes_visited1 time(ms)= 0
 run# 30 origin vertex 10140#insert 1 #deletemin 1 #update 0 #swap 0 #nodes_visited1 time(ms)= 0
----------------------
time to generate graph(ms)= 32297i = 9 m =  503
 run# 1 origin vertex 40707#insert 1 #deletemin 1 #update 0 #swap 0 #nodes_visited1 time(ms)= 0
 run# 2 origin vertex 51796#insert 1 #deletemin 1 #update 0 #swap 0 #nodes_visited1 time(ms)= 0
 run# 3 origin vertex 20948#insert 1 #deletemin 1 #update 0 #swap 0 #nodes_visited1 time(ms)= 0
 run# 4 origin vertex 15794#insert 1 #deletemin 1 #update 0 #swap 0 #nodes_visited1 time(ms)= 0
 run# 5 origin vertex 39284#insert 1 #deletemin 1 #update 0 #swap 0 #nodes_visited1 time(ms)= 0
 run# 6 origin vertex 20580#insert 1 #deletemin 1 #update 0 #swap 0 #nodes_visited1 time(ms)= 0
 run# 7 origin vertex 44556#insert 1 #deletemin 1 #update 0 #swap 0 #nodes_visited1 time(ms)= 0
 run# 8 origin vertex 127#insert 1 #deletemin 1 #update 0 #swap 0 #nodes_visited1 time(ms)= 0
 run# 9 origin vertex 11820#insert 1 #deletemin 1 #update 0 #swap 0 #nodes_visited1 time(ms)= 0
 run# 10 origin vertex 42118#insert 1 #deletemin 1 #update 0 #swap 0 #nodes_visited1 time(ms)= 0
 run# 11 origin vertex 16826#insert 1 #deletemin 1 #update 0 #swap 0 #nodes_visited1 time(ms)= 0
 run# 12 origin vertex 11835#insert 1 #deletemin 1 #update 0 #swap 0 #nodes_visited1 time(ms)= 0
 run# 13 origin vertex 19819#insert 1 #deletemin 1 #update 0 #swap 0 #nodes_visited1 time(ms)= 0
 run# 14 origin vertex 28467#insert 1 #deletemin 1 #update 0 #swap 0 #nodes_visited1 time(ms)= 0
 run# 15 origin vertex 50885#insert 1 #deletemin 1 #update 0 #swap 0 #nodes_visited1 time(ms)= 0
 run# 16 origin vertex 5425#insert 1 #deletemin 1 #update 0 #swap 0 #nodes_visited1 time(ms)= 0
 run# 17 origin vertex 37020#insert 1 #deletemin 1 #update 0 #swap 0 #nodes_visited1 time(ms)= 0
 run# 18 origin vertex 52113#insert 1 #deletemin 1 #update 0 #swap 0 #nodes_visited1 time(ms)= 0
 run# 19 origin vertex 27065#insert 1 #deletemin 1 #update 0 #swap 0 #nodes_visited1 time(ms)= 0
 run# 20 origin vertex 59762#insert 1 #deletemin 1 #update 0 #swap 0 #nodes_visited1 time(ms)= 0
 run# 21 origin vertex 15660#insert 1 #deletemin 1 #update 0 #swap 0 #nodes_visited1 time(ms)= 0
 run# 22 origin vertex 8198#insert 1 #deletemin 1 #update 0 #swap 0 #nodes_visited1 time(ms)= 0
 run# 23 origin vertex 57162#insert 1 #deletemin 1 #update 0 #swap 0 #nodes_visited1 time(ms)= 0
 run# 24 origin vertex 15993#insert 1 #deletemin 1 #update 0 #swap 0 #nodes_visited1 time(ms)= 0
 run# 25 origin vertex 28960#insert 1 #deletemin 1 #update 0 #swap 0 #nodes_visited1 time(ms)= 0
 run# 26 origin vertex 10647#insert 1 #deletemin 1 #update 0 #swap 0 #nodes_visited1 time(ms)= 0
 run# 27 origin vertex 21422#insert 1 #deletemin 1 #update 0 #swap 0 #nodes_visited1 time(ms)= 0
 run# 28 origin vertex 8185#insert 1 #deletemin 1 #update 0 #swap 0 #nodes_visited1 time(ms)= 0
 run# 29 origin vertex 58143#insert 1 #deletemin 1 #update 0 #swap 0 #nodes_visited1 time(ms)= 0
 run# 30 origin vertex 39826#insert 1 #deletemin 1 #update 0 #swap 0 #nodes_visited1 time(ms)= 0
----------------------
time to generate graph(ms)= 32285i = 10 m =  1070
 run# 1 origin vertex 43600#insert 1 #deletemin 1 #update 0 #swap 0 #nodes_visited1 time(ms)= 0
 run# 2 origin vertex 56611#insert 1 #deletemin 1 #update 0 #swap 0 #nodes_visited1 time(ms)= 0
 run# 3 origin vertex 52616#insert 1 #deletemin 1 #update 0 #swap 0 #nodes_visited1 time(ms)= 0
 run# 4 origin vertex 17181#insert 1 #deletemin 1 #update 0 #swap 0 #nodes_visited1 time(ms)= 0
 run# 5 origin vertex 63534#insert 1 #deletemin 1 #update 0 #swap 0 #nodes_visited1 time(ms)= 0
 run# 6 origin vertex 64420#insert 1 #deletemin 1 #update 0 #swap 0 #nodes_visited1 time(ms)= 0
 run# 7 origin vertex 63514#insert 1 #deletemin 1 #update 0 #swap 0 #nodes_visited1 time(ms)= 0
 run# 8 origin vertex 33196#insert 1 #deletemin 1 #update 0 #swap 0 #nodes_visited1 time(ms)= 0
 run# 9 origin vertex 25594#insert 1 #deletemin 1 #update 0 #swap 0 #nodes_visited1 time(ms)= 0
 run# 10 origin vertex 53969#insert 1 #deletemin 1 #update 0 #swap 0 #nodes_visited1 time(ms)= 0
 run# 11 origin vertex 32693#insert 1 #deletemin 1 #update 0 #swap 0 #nodes_visited1 time(ms)= 0
 run# 12 origin vertex 24635#insert 1 #deletemin 1 #update 0 #swap 0 #nodes_visited1 time(ms)= 0
 run# 13 origin vertex 45532#insert 1 #deletemin 1 #update 0 #swap 0 #nodes_visited1 time(ms)= 0
 run# 14 origin vertex 14376#insert 1 #deletemin 1 #update 0 #swap 0 #nodes_visited1 time(ms)= 0
 run# 15 origin vertex 4947#insert 1 #deletemin 1 #update 0 #swap 0 #nodes_visited1 time(ms)= 0
 run# 16 origin vertex 65122#insert 2 #deletemin 2 #update 0 #swap 0 #nodes_visited2 time(ms)= 0
 run# 17 origin vertex 53239#insert 1 #deletemin 1 #update 0 #swap 0 #nodes_visited1 time(ms)= 0
 run# 18 origin vertex 3476#insert 1 #deletemin 1 #update 0 #swap 0 #nodes_visited1 time(ms)= 0
 run# 19 origin vertex 39356#insert 1 #deletemin 1 #update 0 #swap 0 #nodes_visited1 time(ms)= 0
 run# 20 origin vertex 6035#insert 1 #deletemin 1 #update 0 #swap 0 #nodes_visited1 time(ms)= 0
 run# 21 origin vertex 21272#insert 1 #deletemin 1 #update 0 #swap 0 #nodes_visited1 time(ms)= 0
 run# 22 origin vertex 59006#insert 1 #deletemin 1 #update 0 #swap 0 #nodes_visited1 time(ms)= 0
 run# 23 origin vertex 64536#insert 2 #deletemin 2 #update 0 #swap 0 #nodes_visited2 time(ms)= 0
 run# 24 origin vertex 20905#insert 1 #deletemin 1 #update 0 #swap 0 #nodes_visited1 time(ms)= 0
 run# 25 origin vertex 24286#insert 1 #deletemin 1 #update 0 #swap 0 #nodes_visited1 time(ms)= 0
 run# 26 origin vertex 63456#insert 1 #deletemin 1 #update 0 #swap 0 #nodes_visited1 time(ms)= 0
 run# 27 origin vertex 38044#insert 1 #deletemin 1 #update 0 #swap 0 #nodes_visited1 time(ms)= 0
 run# 28 origin vertex 23337#insert 1 #deletemin 1 #update 0 #swap 0 #nodes_visited1 time(ms)= 0
 run# 29 origin vertex 43217#insert 1 #deletemin 1 #update 0 #swap 0 #nodes_visited1 time(ms)= 0
 run# 30 origin vertex 59155#insert 1 #deletemin 1 #update 0 #swap 0 #nodes_visited1 time(ms)= 0
----------------------
time to generate graph(ms)= 32388i = 11 m =  2051
 run# 1 origin vertex 20138#insert 1 #deletemin 1 #update 0 #swap 0 #nodes_visited1 time(ms)= 0
 run# 2 origin vertex 33435#insert 1 #deletemin 1 #update 0 #swap 0 #nodes_visited1 time(ms)= 0
 run# 3 origin vertex 60676#insert 1 #deletemin 1 #update 0 #swap 0 #nodes_visited1 time(ms)= 0
 run# 4 origin vertex 45866#insert 1 #deletemin 1 #update 0 #swap 0 #nodes_visited1 time(ms)= 0
 run# 5 origin vertex 26792#insert 1 #deletemin 1 #update 0 #swap 0 #nodes_visited1 time(ms)= 0
 run# 6 origin vertex 12591#insert 1 #deletemin 1 #update 0 #swap 0 #nodes_visited1 time(ms)= 0
 run# 7 origin vertex 35446#insert 1 #deletemin 1 #update 0 #swap 0 #nodes_visited1 time(ms)= 0
 run# 8 origin vertex 51578#insert 1 #deletemin 1 #update 0 #swap 0 #nodes_visited1 time(ms)= 0
 run# 9 origin vertex 6825#insert 1 #deletemin 1 #update 0 #swap 0 #nodes_visited1 time(ms)= 0
 run# 10 origin vertex 64641#insert 2 #deletemin 2 #update 0 #swap 0 #nodes_visited2 time(ms)= 0
 run# 11 origin vertex 22813#insert 1 #deletemin 1 #update 0 #swap 0 #nodes_visited1 time(ms)= 0
 run# 12 origin vertex 18995#insert 1 #deletemin 1 #update 0 #swap 0 #nodes_visited1 time(ms)= 0
 run# 13 origin vertex 50853#insert 1 #deletemin 1 #update 0 #swap 0 #nodes_visited1 time(ms)= 0
 run# 14 origin vertex 65504#insert 2 #deletemin 2 #update 0 #swap 0 #nodes_visited2 time(ms)= 0
 run# 15 origin vertex 34258#insert 1 #deletemin 1 #update 0 #swap 0 #nodes_visited1 time(ms)= 0
 run# 16 origin vertex 59631#insert 1 #deletemin 1 #update 0 #swap 0 #nodes_visited1 time(ms)= 0
 run# 17 origin vertex 15558#insert 1 #deletemin 1 #update 0 #swap 0 #nodes_visited1 time(ms)= 0
 run# 18 origin vertex 7815#insert 1 #deletemin 1 #update 0 #swap 0 #nodes_visited1 time(ms)= 0
 run# 19 origin vertex 41441#insert 1 #deletemin 1 #update 0 #swap 0 #nodes_visited1 time(ms)= 0
 run# 20 origin vertex 33892#insert 1 #deletemin 1 #update 0 #swap 0 #nodes_visited1 time(ms)= 0
 run# 21 origin vertex 16213#insert 1 #deletemin 1 #update 0 #swap 0 #nodes_visited1 time(ms)= 0
 run# 22 origin vertex 3965#insert 1 #deletemin 1 #update 0 #swap 0 #nodes_visited1 time(ms)= 0
 run# 23 origin vertex 52752#insert 1 #deletemin 1 #update 0 #swap 0 #nodes_visited1 time(ms)= 0
 run# 24 origin vertex 44760#insert 1 #deletemin 1 #update 0 #swap 0 #nodes_visited1 time(ms)= 0
 run# 25 origin vertex 19300#insert 1 #deletemin 1 #update 0 #swap 0 #nodes_visited1 time(ms)= 0
 run# 26 origin vertex 6156#insert 1 #deletemin 1 #update 0 #swap 0 #nodes_visited1 time(ms)= 0
 run# 27 origin vertex 62415#insert 1 #deletemin 1 #update 0 #swap 0 #nodes_visited1 time(ms)= 0
 run# 28 origin vertex 26357#insert 1 #deletemin 1 #update 0 #swap 0 #nodes_visited1 time(ms)= 0
 run# 29 origin vertex 53586#insert 1 #deletemin 1 #update 0 #swap 0 #nodes_visited1 time(ms)= 0
 run# 30 origin vertex 28093#insert 1 #deletemin 1 #update 0 #swap 0 #nodes_visited1 time(ms)= 0
----------------------
time to generate graph(ms)= 32260i = 12 m =  4069
 run# 1 origin vertex 24373#insert 1 #deletemin 1 #update 0 #swap 0 #nodes_visited1 time(ms)= 0
 run# 2 origin vertex 29554#insert 1 #deletemin 1 #update 0 #swap 0 #nodes_visited1 time(ms)= 0
 run# 3 origin vertex 63082#insert 2 #deletemin 2 #update 0 #swap 0 #nodes_visited2 time(ms)= 0
 run# 4 origin vertex 47787#insert 1 #deletemin 1 #update 0 #swap 0 #nodes_visited1 time(ms)= 0
 run# 5 origin vertex 2829#insert 1 #deletemin 1 #update 0 #swap 0 #nodes_visited1 time(ms)= 0
 run# 6 origin vertex 62037#insert 2 #deletemin 2 #update 0 #swap 0 #nodes_visited2 time(ms)= 0
 run# 7 origin vertex 60716#insert 1 #deletemin 1 #update 0 #swap 0 #nodes_visited1 time(ms)= 0
 run# 8 origin vertex 4034#insert 1 #deletemin 1 #update 0 #swap 0 #nodes_visited1 time(ms)= 0
 run# 9 origin vertex 9785#insert 1 #deletemin 1 #update 0 #swap 0 #nodes_visited1 time(ms)= 0
 run# 10 origin vertex 34316#insert 1 #deletemin 1 #update 0 #swap 0 #nodes_visited1 time(ms)= 0
 run# 11 origin vertex 18910#insert 1 #deletemin 1 #update 0 #swap 0 #nodes_visited1 time(ms)= 0
 run# 12 origin vertex 37750#insert 1 #deletemin 1 #update 0 #swap 0 #nodes_visited1 time(ms)= 0
 run# 13 origin vertex 31737#insert 1 #deletemin 1 #update 0 #swap 0 #nodes_visited1 time(ms)= 0
 run# 14 origin vertex 20983#insert 1 #deletemin 1 #update 0 #swap 0 #nodes_visited1 time(ms)= 0
 run# 15 origin vertex 2821#insert 1 #deletemin 1 #update 0 #swap 0 #nodes_visited1 time(ms)= 0
 run# 16 origin vertex 55550#insert 1 #deletemin 1 #update 0 #swap 0 #nodes_visited1 time(ms)= 0
 run# 17 origin vertex 32884#insert 1 #deletemin 1 #update 0 #swap 0 #nodes_visited1 time(ms)= 0
 run# 18 origin vertex 2879#insert 1 #deletemin 1 #update 0 #swap 0 #nodes_visited1 time(ms)= 0
 run# 19 origin vertex 62874#insert 2 #deletemin 2 #update 0 #swap 0 #nodes_visited2 time(ms)= 0
 run# 20 origin vertex 60442#insert 1 #deletemin 1 #update 0 #swap 0 #nodes_visited1 time(ms)= 0
 run# 21 origin vertex 17496#insert 1 #deletemin 1 #update 0 #swap 0 #nodes_visited1 time(ms)= 0
 run# 22 origin vertex 53576#insert 1 #deletemin 1 #update 0 #swap 0 #nodes_visited1 time(ms)= 0
 run# 23 origin vertex 41581#insert 1 #deletemin 1 #update 0 #swap 0 #nodes_visited1 time(ms)= 0
 run# 24 origin vertex 22776#insert 1 #deletemin 1 #update 0 #swap 0 #nodes_visited1 time(ms)= 0
 run# 25 origin vertex 56663#insert 1 #deletemin 1 #update 0 #swap 0 #nodes_visited1 time(ms)= 0
 run# 26 origin vertex 38157#insert 1 #deletemin 1 #update 0 #swap 0 #nodes_visited1 time(ms)= 0
 run# 27 origin vertex 30562#insert 1 #deletemin 1 #update 0 #swap 0 #nodes_visited1 time(ms)= 0
 run# 28 origin vertex 44999#insert 1 #deletemin 1 #update 0 #swap 0 #nodes_visited1 time(ms)= 0
 run# 29 origin vertex 47627#insert 1 #deletemin 1 #update 0 #swap 0 #nodes_visited1 time(ms)= 0
 run# 30 origin vertex 23779#insert 1 #deletemin 1 #update 0 #swap 0 #nodes_visited1 time(ms)= 0
----------------------
time to generate graph(ms)= 32369i = 13 m =  8181
 run# 1 origin vertex 53605#insert 1 #deletemin 1 #update 0 #swap 0 #nodes_visited1 time(ms)= 0
 run# 2 origin vertex 36904#insert 1 #deletemin 1 #update 0 #swap 0 #nodes_visited1 time(ms)= 0
 run# 3 origin vertex 47048#insert 1 #deletemin 1 #update 0 #swap 0 #nodes_visited1 time(ms)= 0
 run# 4 origin vertex 54307#insert 1 #deletemin 1 #update 0 #swap 0 #nodes_visited1 time(ms)= 0
 run# 5 origin vertex 51248#insert 1 #deletemin 1 #update 0 #swap 0 #nodes_visited1 time(ms)= 0
 run# 6 origin vertex 22492#insert 1 #deletemin 1 #update 0 #swap 0 #nodes_visited1 time(ms)= 0
 run# 7 origin vertex 35582#insert 1 #deletemin 1 #update 0 #swap 0 #nodes_visited1 time(ms)= 0
 run# 8 origin vertex 60226#insert 2 #deletemin 2 #update 0 #swap 0 #nodes_visited2 time(ms)= 0
 run# 9 origin vertex 28309#insert 1 #deletemin 1 #update 0 #swap 0 #nodes_visited1 time(ms)= 0
 run# 10 origin vertex 59718#insert 2 #deletemin 2 #update 0 #swap 0 #nodes_visited2 time(ms)= 0
 run# 11 origin vertex 40349#insert 1 #deletemin 1 #update 0 #swap 0 #nodes_visited1 time(ms)= 0
 run# 12 origin vertex 42485#insert 1 #deletemin 1 #update 0 #swap 0 #nodes_visited1 time(ms)= 0
 run# 13 origin vertex 57583#insert 1 #deletemin 1 #update 0 #swap 0 #nodes_visited1 time(ms)= 0
 run# 14 origin vertex 55585#insert 1 #deletemin 1 #update 0 #swap 0 #nodes_visited1 time(ms)= 0
 run# 15 origin vertex 4987#insert 1 #deletemin 1 #update 0 #swap 0 #nodes_visited1 time(ms)= 0
 run# 16 origin vertex 970#insert 1 #deletemin 1 #update 0 #swap 0 #nodes_visited1 time(ms)= 0
 run# 17 origin vertex 24754#insert 1 #deletemin 1 #update 0 #swap 0 #nodes_visited1 time(ms)= 0
 run# 18 origin vertex 36344#insert 1 #deletemin 1 #update 0 #swap 0 #nodes_visited1 time(ms)= 0
 run# 19 origin vertex 62366#insert 2 #deletemin 2 #update 0 #swap 0 #nodes_visited2 time(ms)= 0
 run# 20 origin vertex 21110#insert 1 #deletemin 1 #update 0 #swap 0 #nodes_visited1 time(ms)= 0
 run# 21 origin vertex 26422#insert 1 #deletemin 1 #update 0 #swap 0 #nodes_visited1 time(ms)= 0
 run# 22 origin vertex 26356#insert 1 #deletemin 1 #update 0 #swap 0 #nodes_visited1 time(ms)= 0
 run# 23 origin vertex 64532#insert 2 #deletemin 2 #update 0 #swap 0 #nodes_visited2 time(ms)= 0
 run# 24 origin vertex 11021#insert 1 #deletemin 1 #update 0 #swap 0 #nodes_visited1 time(ms)= 0
 run# 25 origin vertex 38596#insert 1 #deletemin 1 #update 0 #swap 0 #nodes_visited1 time(ms)= 0
 run# 26 origin vertex 7663#insert 1 #deletemin 1 #update 0 #swap 0 #nodes_visited1 time(ms)= 0
 run# 27 origin vertex 43984#insert 1 #deletemin 1 #update 0 #swap 0 #nodes_visited1 time(ms)= 0
 run# 28 origin vertex 39776#insert 1 #deletemin 1 #update 0 #swap 0 #nodes_visited1 time(ms)= 0
 run# 29 origin vertex 43556#insert 1 #deletemin 1 #update 0 #swap 0 #nodes_visited1 time(ms)= 0
 run# 30 origin vertex 60959#insert 2 #deletemin 2 #update 0 #swap 0 #nodes_visited2 time(ms)= 0
----------------------
time to generate graph(ms)= 32343i = 14 m =  16295
 run# 1 origin vertex 916#insert 1 #deletemin 1 #update 0 #swap 0 #nodes_visited1 time(ms)= 0
 run# 2 origin vertex 31634#insert 1 #deletemin 1 #update 0 #swap 0 #nodes_visited1 time(ms)= 0
 run# 3 origin vertex 1414#insert 1 #deletemin 1 #update 0 #swap 0 #nodes_visited1 time(ms)= 0
 run# 4 origin vertex 12797#insert 1 #deletemin 1 #update 0 #swap 0 #nodes_visited1 time(ms)= 0
 run# 5 origin vertex 28970#insert 1 #deletemin 1 #update 0 #swap 0 #nodes_visited1 time(ms)= 0
 run# 6 origin vertex 49832#insert 1 #deletemin 1 #update 0 #swap 0 #nodes_visited1 time(ms)= 0
 run# 7 origin vertex 27511#insert 1 #deletemin 1 #update 0 #swap 0 #nodes_visited1 time(ms)= 0
 run# 8 origin vertex 28461#insert 1 #deletemin 1 #update 0 #swap 0 #nodes_visited1 time(ms)= 0
 run# 9 origin vertex 20398#insert 1 #deletemin 1 #update 0 #swap 0 #nodes_visited1 time(ms)= 0
 run# 10 origin vertex 28018#insert 1 #deletemin 1 #update 0 #swap 0 #nodes_visited1 time(ms)= 0
 run# 11 origin vertex 22346#insert 1 #deletemin 1 #update 0 #swap 0 #nodes_visited1 time(ms)= 0
 run# 12 origin vertex 58053#insert 4 #deletemin 4 #update 0 #swap 0 #nodes_visited4 time(ms)= 0
 run# 13 origin vertex 53462#insert 2 #deletemin 2 #update 0 #swap 0 #nodes_visited2 time(ms)= 0
 run# 14 origin vertex 37535#insert 1 #deletemin 1 #update 0 #swap 0 #nodes_visited1 time(ms)= 0
 run# 15 origin vertex 52398#insert 4 #deletemin 4 #update 0 #swap 0 #nodes_visited4 time(ms)= 0
 run# 16 origin vertex 43724#insert 1 #deletemin 1 #update 0 #swap 0 #nodes_visited1 time(ms)= 0
 run# 17 origin vertex 20233#insert 1 #deletemin 1 #update 0 #swap 0 #nodes_visited1 time(ms)= 0
 run# 18 origin vertex 41659#insert 1 #deletemin 1 #update 0 #swap 0 #nodes_visited1 time(ms)= 0
 run# 19 origin vertex 5379#insert 1 #deletemin 1 #update 0 #swap 0 #nodes_visited1 time(ms)= 0
 run# 20 origin vertex 43835#insert 1 #deletemin 1 #update 0 #swap 0 #nodes_visited1 time(ms)= 0
 run# 21 origin vertex 22281#insert 1 #deletemin 1 #update 0 #swap 0 #nodes_visited1 time(ms)= 0
 run# 22 origin vertex 55188#insert 2 #deletemin 2 #update 0 #swap 0 #nodes_visited2 time(ms)= 0
 run# 23 origin vertex 44841#insert 1 #deletemin 1 #update 0 #swap 0 #nodes_visited1 time(ms)= 0
 run# 24 origin vertex 56527#insert 2 #deletemin 2 #update 0 #swap 0 #nodes_visited2 time(ms)= 0
 run# 25 origin vertex 27964#insert 1 #deletemin 1 #update 0 #swap 0 #nodes_visited1 time(ms)= 0
 run# 26 origin vertex 44064#insert 1 #deletemin 1 #update 0 #swap 0 #nodes_visited1 time(ms)= 0
 run# 27 origin vertex 49940#insert 1 #deletemin 1 #update 0 #swap 0 #nodes_visited1 time(ms)= 0
 run# 28 origin vertex 43903#insert 1 #deletemin 1 #update 0 #swap 0 #nodes_visited1 time(ms)= 0
 run# 29 origin vertex 55760#insert 7 #deletemin 7 #update 0 #swap 3 #nodes_visited7 time(ms)= 0
 run# 30 origin vertex 14558#insert 1 #deletemin 1 #update 0 #swap 0 #nodes_visited1 time(ms)= 0
----------------------
time to generate graph(ms)= 32190i = 15 m =  32616
 run# 1 origin vertex 16415#insert 1 #deletemin 1 #update 0 #swap 0 #nodes_visited1 time(ms)= 0
 run# 2 origin vertex 50099#insert 9 #deletemin 9 #update 0 #swap 6 #nodes_visited9 time(ms)= 0
 run# 3 origin vertex 55301#insert 2 #deletemin 2 #update 0 #swap 0 #nodes_visited2 time(ms)= 0
 run# 4 origin vertex 4212#insert 1 #deletemin 1 #update 0 #swap 0 #nodes_visited1 time(ms)= 0
 run# 5 origin vertex 23093#insert 1 #deletemin 1 #update 0 #swap 0 #nodes_visited1 time(ms)= 0
 run# 6 origin vertex 11428#insert 1 #deletemin 1 #update 0 #swap 0 #nodes_visited1 time(ms)= 0
 run# 7 origin vertex 39349#insert 1 #deletemin 1 #update 0 #swap 0 #nodes_visited1 time(ms)= 0
 run# 8 origin vertex 13619#insert 1 #deletemin 1 #update 0 #swap 0 #nodes_visited1 time(ms)= 0
 run# 9 origin vertex 28627#insert 1 #deletemin 1 #update 0 #swap 0 #nodes_visited1 time(ms)= 0
 run# 10 origin vertex 4901#insert 1 #deletemin 1 #update 0 #swap 0 #nodes_visited1 time(ms)= 0
 run# 11 origin vertex 43545#insert 2 #deletemin 2 #update 0 #swap 0 #nodes_visited2 time(ms)= 0
 run# 12 origin vertex 55650#insert 3 #deletemin 3 #update 0 #swap 0 #nodes_visited3 time(ms)= 0
 run# 13 origin vertex 62697#insert 6 #deletemin 6 #update 0 #swap 1 #nodes_visited6 time(ms)= 0
 run# 14 origin vertex 58927#insert 2 #deletemin 2 #update 0 #swap 0 #nodes_visited2 time(ms)= 0
 run# 15 origin vertex 64236#insert 2 #deletemin 2 #update 0 #swap 0 #nodes_visited2 time(ms)= 0
 run# 16 origin vertex 33259#insert 1 #deletemin 1 #update 0 #swap 0 #nodes_visited1 time(ms)= 0
 run# 17 origin vertex 42954#insert 4 #deletemin 4 #update 0 #swap 0 #nodes_visited4 time(ms)= 0
 run# 18 origin vertex 20621#insert 1 #deletemin 1 #update 0 #swap 0 #nodes_visited1 time(ms)= 0
 run# 19 origin vertex 30216#insert 1 #deletemin 1 #update 0 #swap 0 #nodes_visited1 time(ms)= 0
 run# 20 origin vertex 62589#insert 4 #deletemin 4 #update 0 #swap 0 #nodes_visited4 time(ms)= 0
 run# 21 origin vertex 31404#insert 1 #deletemin 1 #update 0 #swap 0 #nodes_visited1 time(ms)= 0
 run# 22 origin vertex 18804#insert 1 #deletemin 1 #update 0 #swap 0 #nodes_visited1 time(ms)= 0
 run# 23 origin vertex 41397#insert 2 #deletemin 2 #update 0 #swap 0 #nodes_visited2 time(ms)= 0
 run# 24 origin vertex 51827#insert 2 #deletemin 2 #update 0 #swap 0 #nodes_visited2 time(ms)= 0
 run# 25 origin vertex 49246#insert 2 #deletemin 2 #update 0 #swap 0 #nodes_visited2 time(ms)= 0
 run# 26 origin vertex 64638#insert 2 #deletemin 2 #update 0 #swap 0 #nodes_visited2 time(ms)= 0
 run# 27 origin vertex 14011#insert 1 #deletemin 1 #update 0 #swap 0 #nodes_visited1 time(ms)= 0
 run# 28 origin vertex 8254#insert 1 #deletemin 1 #update 0 #swap 0 #nodes_visited1 time(ms)= 0
 run# 29 origin vertex 62414#insert 2 #deletemin 2 #update 0 #swap 0 #nodes_visited2 time(ms)= 0
 run# 30 origin vertex 11332#insert 1 #deletemin 1 #update 0 #swap 0 #nodes_visited1 time(ms)= 0
